<?xml version="1.0" encoding="UTF-8"?>
<testsuite name="com.example.care.reserve.service.ReserveServiceTest" tests="5" skipped="0" failures="0" errors="0" timestamp="2022-10-15T15:40:55" hostname="care" time="0.777">
  <properties/>
  <testcase name="정상 저장 테스트" classname="com.example.care.reserve.service.ReserveServiceTest" time="0.143"/>
  <testcase name="회원 예약 페이징 처리 테스트" classname="com.example.care.reserve.service.ReserveServiceTest" time="0.396"/>
  <testcase name="당일 3시간 이전예약 예외 테스트" classname="com.example.care.reserve.service.ReserveServiceTest" time="0.047"/>
  <testcase name="같은 시간 예약시 예외 테스트" classname="com.example.care.reserve.service.ReserveServiceTest" time="0.087"/>
  <testcase name="남은예약 횟수 없을시 예외 테스트" classname="com.example.care.reserve.service.ReserveServiceTest" time="0.081"/>
  <system-out><![CDATA[2022-10-16 00:40:55.212  INFO 4628 --- [    Test worker] .b.t.c.SpringBootTestContextBootstrapper : Neither @ContextConfiguration nor @ContextHierarchy found for test class [com.example.care.reserve.service.ReserveServiceTest], using SpringBootContextLoader
2022-10-16 00:40:55.215  INFO 4628 --- [    Test worker] o.s.t.c.support.AbstractContextLoader    : Could not detect default resource locations for test class [com.example.care.reserve.service.ReserveServiceTest]: no resource found for suffixes {-context.xml, Context.groovy}.
2022-10-16 00:40:55.215  INFO 4628 --- [    Test worker] t.c.s.AnnotationConfigContextLoaderUtils : Could not detect default configuration classes for test class [com.example.care.reserve.service.ReserveServiceTest]: ReserveServiceTest does not declare any static, non-private, non-final, nested classes annotated with @Configuration.
2022-10-16 00:40:55.230  INFO 4628 --- [    Test worker] .b.t.c.SpringBootTestContextBootstrapper : Found @SpringBootConfiguration com.example.care.CareApplication for test class com.example.care.reserve.service.ReserveServiceTest
2022-10-16 00:40:55.231  INFO 4628 --- [    Test worker] .b.t.c.SpringBootTestContextBootstrapper : Loaded default TestExecutionListener class names from location [META-INF/spring.factories]: [org.springframework.security.test.context.support.WithSecurityContextTestExecutionListener, org.springframework.security.test.context.support.ReactorContextTestExecutionListener, org.springframework.boot.test.autoconfigure.restdocs.RestDocsTestExecutionListener, org.springframework.boot.test.autoconfigure.web.client.MockRestServiceServerResetTestExecutionListener, org.springframework.boot.test.autoconfigure.web.servlet.MockMvcPrintOnlyOnFailureTestExecutionListener, org.springframework.boot.test.autoconfigure.web.servlet.WebDriverTestExecutionListener, org.springframework.boot.test.autoconfigure.webservices.client.MockWebServiceServerTestExecutionListener, org.springframework.boot.test.mock.mockito.MockitoTestExecutionListener, org.springframework.boot.test.mock.mockito.ResetMocksTestExecutionListener, org.springframework.test.context.web.ServletTestExecutionListener, org.springframework.test.context.support.DirtiesContextBeforeModesTestExecutionListener, org.springframework.test.context.event.ApplicationEventsTestExecutionListener, org.springframework.test.context.support.DependencyInjectionTestExecutionListener, org.springframework.test.context.support.DirtiesContextTestExecutionListener, org.springframework.test.context.transaction.TransactionalTestExecutionListener, org.springframework.test.context.jdbc.SqlScriptsTestExecutionListener, org.springframework.test.context.event.EventPublishingTestExecutionListener]
2022-10-16 00:40:55.232  INFO 4628 --- [    Test worker] .b.t.c.SpringBootTestContextBootstrapper : Using TestExecutionListeners: [org.springframework.test.context.web.ServletTestExecutionListener@2df9b4f3, org.springframework.test.context.support.DirtiesContextBeforeModesTestExecutionListener@6112390a, org.springframework.test.context.event.ApplicationEventsTestExecutionListener@5ac92082, org.springframework.boot.test.mock.mockito.MockitoTestExecutionListener@35ff3600, org.springframework.boot.test.autoconfigure.SpringBootDependencyInjectionTestExecutionListener@55c14260, org.springframework.test.context.support.DirtiesContextTestExecutionListener@256bfbbb, org.springframework.test.context.transaction.TransactionalTestExecutionListener@363502a4, org.springframework.test.context.jdbc.SqlScriptsTestExecutionListener@7ab66d54, org.springframework.security.test.context.support.WithSecurityContextTestExecutionListener@253bf220, org.springframework.test.context.event.EventPublishingTestExecutionListener@5ff7631f, org.springframework.security.test.context.support.ReactorContextTestExecutionListener@41c96a67, org.springframework.boot.test.autoconfigure.restdocs.RestDocsTestExecutionListener@8dc73c7, org.springframework.boot.test.autoconfigure.web.client.MockRestServiceServerResetTestExecutionListener@728c3a0e, org.springframework.boot.test.autoconfigure.web.servlet.MockMvcPrintOnlyOnFailureTestExecutionListener@168740db, org.springframework.boot.test.autoconfigure.web.servlet.WebDriverTestExecutionListener@1c179a3e, org.springframework.boot.test.autoconfigure.webservices.client.MockWebServiceServerTestExecutionListener@773e8030, org.springframework.boot.test.mock.mockito.ResetMocksTestExecutionListener@64718893]
2022-10-16 00:40:55.243  INFO 4628 --- [    Test worker] o.s.t.c.transaction.TransactionContext   : Began transaction (1) for test context [DefaultTestContext@b7a74ac testClass = ReserveServiceTest, testInstance = com.example.care.reserve.service.ReserveServiceTest@54077082, testMethod = reserveTest@ReserveServiceTest, testException = [null], mergedContextConfiguration = [WebMergedContextConfiguration@63c8d3da testClass = ReserveServiceTest, locations = '{}', classes = '{class com.example.care.CareApplication}', contextInitializerClasses = '[]', activeProfiles = '{}', propertySourceLocations = '{}', propertySourceProperties = '{org.springframework.boot.test.context.SpringBootTestContextBootstrapper=true}', contextCustomizers = set[org.springframework.boot.test.autoconfigure.actuate.metrics.MetricsExportContextCustomizerFactory$DisableMetricExportContextCustomizer@4a3329b9, org.springframework.boot.test.autoconfigure.properties.PropertyMappingContextCustomizer@0, org.springframework.boot.test.autoconfigure.web.servlet.WebDriverContextCustomizerFactory$Customizer@207ea13, org.springframework.boot.test.context.filter.ExcludeFilterContextCustomizer@56c9bbd8, org.springframework.boot.test.json.DuplicateJsonObjectContextCustomizerFactory$DuplicateJsonObjectContextCustomizer@12dae582, org.springframework.boot.test.mock.mockito.MockitoContextCustomizer@0, org.springframework.boot.test.web.client.TestRestTemplateContextCustomizer@1623134f, org.springframework.boot.test.web.reactive.server.WebTestClientContextCustomizer@2783717b, org.springframework.boot.test.context.SpringBootTestArgs@1, org.springframework.boot.test.context.SpringBootTestWebEnvironment@19b89d4], resourceBasePath = 'src/main/webapp', contextLoader = 'org.springframework.boot.test.context.SpringBootContextLoader', parent = [null]], attributes = map['org.springframework.test.context.web.ServletTestExecutionListener.activateListener' -> true, 'org.springframework.test.context.web.ServletTestExecutionListener.populatedRequestContextHolder' -> true, 'org.springframework.test.context.web.ServletTestExecutionListener.resetRequestContextHolder' -> true, 'org.springframework.test.context.event.ApplicationEventsTestExecutionListener.recordApplicationEvents' -> false]]; transaction manager [org.springframework.orm.jpa.JpaTransactionManager@6f0124b5]; rollback [true]
Hibernate: 
    insert 
    into
        user
        (user_id, email, nickname, password, provider, reg_date, role, username) 
    values
        (default, ?, ?, ?, ?, ?, ?, ?)
Hibernate: 
    insert 
    into
        membership
        (membership_id, grade, price) 
    values
        (default, ?, ?)
Hibernate: 
    insert 
    into
        product
        (product_id, code, description, end_time, start_time, title) 
    values
        (default, ?, ?, ?, ?, ?)
Hibernate: 
    insert 
    into
        payment
        (payment_id, aid, cid, order_id, price, reg_date, sid, tid) 
    values
        (default, ?, ?, ?, ?, ?, ?, ?)
Hibernate: 
    insert 
    into
        membership_history
        (membmership_history_id, clean_use_num, counsel_use_num, end_date, membership_id, payment_id, reg_date, status, transport_use_num, user_id) 
    values
        (default, ?, ?, ?, ?, ?, ?, ?, ?, ?)
Hibernate: 
    insert 
    into
        membership_product
        (prodcut_membership_id, max_num, membership_id, product_id) 
    values
        (default, ?, ?, ?)
Hibernate: 
    select
        membership0_.membmership_history_id as membmers1_2_,
        membership0_.clean_use_num as clean_us2_2_,
        membership0_.counsel_use_num as counsel_3_2_,
        membership0_.end_date as end_date4_2_,
        membership0_.membership_id as membersh8_2_,
        membership0_.payment_id as payment_9_2_,
        membership0_.reg_date as reg_date5_2_,
        membership0_.status as status6_2_,
        membership0_.transport_use_num as transpor7_2_,
        membership0_.user_id as user_id10_2_ 
    from
        membership_history membership0_ 
    where
        membership0_.user_id=? 
        and membership0_.status='ORDER'
Hibernate: 
    select
        membership0_.max_num as col_0_0_ 
    from
        membership_product membership0_ cross 
    join
        product product1_ 
    where
        membership0_.product_id=product1_.product_id 
        and product1_.code=? 
        and membership0_.membership_id=?
Hibernate: 
    select
        reserve0_.reserve_id as reserve_1_7_0_,
        product1_.product_id as product_1_5_1_,
        reserve0_.address as address2_7_0_,
        reserve0_.detail_address as detail_a3_7_0_,
        reserve0_.extra_address as extra_ad4_7_0_,
        reserve0_.membership_history_id as members12_7_0_,
        reserve0_.name as name5_7_0_,
        reserve0_.phone_number as phone_nu6_7_0_,
        reserve0_.postcode as postcode7_7_0_,
        reserve0_.product_id as product13_7_0_,
        reserve0_.reg_date as reg_date8_7_0_,
        reserve0_.reserve_date as reserve_9_7_0_,
        reserve0_.reserve_status as reserve10_7_0_,
        reserve0_.reserve_time as reserve11_7_0_,
        product1_.code as code2_5_1_,
        product1_.description as descript3_5_1_,
        product1_.end_time as end_time4_5_1_,
        product1_.start_time as start_ti5_5_1_,
        product1_.title as title6_5_1_ 
    from
        reserve reserve0_ 
    inner join
        product product1_ 
            on reserve0_.product_id=product1_.product_id 
    where
        product1_.code=? 
        and reserve0_.reserve_date=? 
        and reserve0_.reserve_status=? 
        and reserve0_.reserve_time=?
Hibernate: 
    select
        membership0_.membmership_history_id as membmers1_2_,
        membership0_.clean_use_num as clean_us2_2_,
        membership0_.counsel_use_num as counsel_3_2_,
        membership0_.end_date as end_date4_2_,
        membership0_.membership_id as membersh8_2_,
        membership0_.payment_id as payment_9_2_,
        membership0_.reg_date as reg_date5_2_,
        membership0_.status as status6_2_,
        membership0_.transport_use_num as transpor7_2_,
        membership0_.user_id as user_id10_2_ 
    from
        membership_history membership0_ 
    where
        membership0_.user_id=? 
        and membership0_.status='ORDER'
Hibernate: 
    insert 
    into
        reserve
        (reserve_id, address, detail_address, extra_address, membership_history_id, name, phone_number, postcode, product_id, reg_date, reserve_date, reserve_status, reserve_time) 
    values
        (default, ?, ?, ?, ?, ?, ?, ?, ?, ?, ?, ?, ?)
2022-10-16 00:40:55.382  INFO 4628 --- [    Test worker] o.s.t.c.transaction.TransactionContext   : Rolled back transaction for test: [DefaultTestContext@b7a74ac testClass = ReserveServiceTest, testInstance = com.example.care.reserve.service.ReserveServiceTest@54077082, testMethod = reserveTest@ReserveServiceTest, testException = [null], mergedContextConfiguration = [WebMergedContextConfiguration@63c8d3da testClass = ReserveServiceTest, locations = '{}', classes = '{class com.example.care.CareApplication}', contextInitializerClasses = '[]', activeProfiles = '{}', propertySourceLocations = '{}', propertySourceProperties = '{org.springframework.boot.test.context.SpringBootTestContextBootstrapper=true}', contextCustomizers = set[org.springframework.boot.test.autoconfigure.actuate.metrics.MetricsExportContextCustomizerFactory$DisableMetricExportContextCustomizer@4a3329b9, org.springframework.boot.test.autoconfigure.properties.PropertyMappingContextCustomizer@0, org.springframework.boot.test.autoconfigure.web.servlet.WebDriverContextCustomizerFactory$Customizer@207ea13, org.springframework.boot.test.context.filter.ExcludeFilterContextCustomizer@56c9bbd8, org.springframework.boot.test.json.DuplicateJsonObjectContextCustomizerFactory$DuplicateJsonObjectContextCustomizer@12dae582, org.springframework.boot.test.mock.mockito.MockitoContextCustomizer@0, org.springframework.boot.test.web.client.TestRestTemplateContextCustomizer@1623134f, org.springframework.boot.test.web.reactive.server.WebTestClientContextCustomizer@2783717b, org.springframework.boot.test.context.SpringBootTestArgs@1, org.springframework.boot.test.context.SpringBootTestWebEnvironment@19b89d4], resourceBasePath = 'src/main/webapp', contextLoader = 'org.springframework.boot.test.context.SpringBootContextLoader', parent = [null]], attributes = map['org.springframework.test.context.web.ServletTestExecutionListener.activateListener' -> true, 'org.springframework.test.context.web.ServletTestExecutionListener.populatedRequestContextHolder' -> true, 'org.springframework.test.context.web.ServletTestExecutionListener.resetRequestContextHolder' -> true, 'org.springframework.test.context.event.ApplicationEventsTestExecutionListener.recordApplicationEvents' -> false]]
2022-10-16 00:40:55.393  INFO 4628 --- [    Test worker] o.s.t.c.transaction.TransactionContext   : Began transaction (1) for test context [DefaultTestContext@b7a74ac testClass = ReserveServiceTest, testInstance = com.example.care.reserve.service.ReserveServiceTest@7db99d41, testMethod = reservePaging@ReserveServiceTest, testException = [null], mergedContextConfiguration = [WebMergedContextConfiguration@63c8d3da testClass = ReserveServiceTest, locations = '{}', classes = '{class com.example.care.CareApplication}', contextInitializerClasses = '[]', activeProfiles = '{}', propertySourceLocations = '{}', propertySourceProperties = '{org.springframework.boot.test.context.SpringBootTestContextBootstrapper=true}', contextCustomizers = set[org.springframework.boot.test.autoconfigure.actuate.metrics.MetricsExportContextCustomizerFactory$DisableMetricExportContextCustomizer@4a3329b9, org.springframework.boot.test.autoconfigure.properties.PropertyMappingContextCustomizer@0, org.springframework.boot.test.autoconfigure.web.servlet.WebDriverContextCustomizerFactory$Customizer@207ea13, org.springframework.boot.test.context.filter.ExcludeFilterContextCustomizer@56c9bbd8, org.springframework.boot.test.json.DuplicateJsonObjectContextCustomizerFactory$DuplicateJsonObjectContextCustomizer@12dae582, org.springframework.boot.test.mock.mockito.MockitoContextCustomizer@0, org.springframework.boot.test.web.client.TestRestTemplateContextCustomizer@1623134f, org.springframework.boot.test.web.reactive.server.WebTestClientContextCustomizer@2783717b, org.springframework.boot.test.context.SpringBootTestArgs@1, org.springframework.boot.test.context.SpringBootTestWebEnvironment@19b89d4], resourceBasePath = 'src/main/webapp', contextLoader = 'org.springframework.boot.test.context.SpringBootContextLoader', parent = [null]], attributes = map['org.springframework.test.context.web.ServletTestExecutionListener.activateListener' -> true, 'org.springframework.test.context.web.ServletTestExecutionListener.populatedRequestContextHolder' -> true, 'org.springframework.test.context.web.ServletTestExecutionListener.resetRequestContextHolder' -> true, 'org.springframework.test.context.event.ApplicationEventsTestExecutionListener.recordApplicationEvents' -> false]]; transaction manager [org.springframework.orm.jpa.JpaTransactionManager@6f0124b5]; rollback [true]
Hibernate: 
    insert 
    into
        user
        (user_id, email, nickname, password, provider, reg_date, role, username) 
    values
        (default, ?, ?, ?, ?, ?, ?, ?)
Hibernate: 
    insert 
    into
        membership
        (membership_id, grade, price) 
    values
        (default, ?, ?)
Hibernate: 
    insert 
    into
        product
        (product_id, code, description, end_time, start_time, title) 
    values
        (default, ?, ?, ?, ?, ?)
Hibernate: 
    insert 
    into
        payment
        (payment_id, aid, cid, order_id, price, reg_date, sid, tid) 
    values
        (default, ?, ?, ?, ?, ?, ?, ?)
Hibernate: 
    insert 
    into
        membership_history
        (membmership_history_id, clean_use_num, counsel_use_num, end_date, membership_id, payment_id, reg_date, status, transport_use_num, user_id) 
    values
        (default, ?, ?, ?, ?, ?, ?, ?, ?, ?)
Hibernate: 
    insert 
    into
        reserve
        (reserve_id, address, detail_address, extra_address, membership_history_id, name, phone_number, postcode, product_id, reg_date, reserve_date, reserve_status, reserve_time) 
    values
        (default, ?, ?, ?, ?, ?, ?, ?, ?, ?, ?, ?, ?)
Hibernate: 
    insert 
    into
        reserve
        (reserve_id, address, detail_address, extra_address, membership_history_id, name, phone_number, postcode, product_id, reg_date, reserve_date, reserve_status, reserve_time) 
    values
        (default, ?, ?, ?, ?, ?, ?, ?, ?, ?, ?, ?, ?)
Hibernate: 
    insert 
    into
        reserve
        (reserve_id, address, detail_address, extra_address, membership_history_id, name, phone_number, postcode, product_id, reg_date, reserve_date, reserve_status, reserve_time) 
    values
        (default, ?, ?, ?, ?, ?, ?, ?, ?, ?, ?, ?, ?)
Hibernate: 
    insert 
    into
        reserve
        (reserve_id, address, detail_address, extra_address, membership_history_id, name, phone_number, postcode, product_id, reg_date, reserve_date, reserve_status, reserve_time) 
    values
        (default, ?, ?, ?, ?, ?, ?, ?, ?, ?, ?, ?, ?)
Hibernate: 
    insert 
    into
        reserve
        (reserve_id, address, detail_address, extra_address, membership_history_id, name, phone_number, postcode, product_id, reg_date, reserve_date, reserve_status, reserve_time) 
    values
        (default, ?, ?, ?, ?, ?, ?, ?, ?, ?, ?, ?, ?)
Hibernate: 
    insert 
    into
        reserve
        (reserve_id, address, detail_address, extra_address, membership_history_id, name, phone_number, postcode, product_id, reg_date, reserve_date, reserve_status, reserve_time) 
    values
        (default, ?, ?, ?, ?, ?, ?, ?, ?, ?, ?, ?, ?)
Hibernate: 
    insert 
    into
        reserve
        (reserve_id, address, detail_address, extra_address, membership_history_id, name, phone_number, postcode, product_id, reg_date, reserve_date, reserve_status, reserve_time) 
    values
        (default, ?, ?, ?, ?, ?, ?, ?, ?, ?, ?, ?, ?)
Hibernate: 
    insert 
    into
        reserve
        (reserve_id, address, detail_address, extra_address, membership_history_id, name, phone_number, postcode, product_id, reg_date, reserve_date, reserve_status, reserve_time) 
    values
        (default, ?, ?, ?, ?, ?, ?, ?, ?, ?, ?, ?, ?)
Hibernate: 
    insert 
    into
        reserve
        (reserve_id, address, detail_address, extra_address, membership_history_id, name, phone_number, postcode, product_id, reg_date, reserve_date, reserve_status, reserve_time) 
    values
        (default, ?, ?, ?, ?, ?, ?, ?, ?, ?, ?, ?, ?)
Hibernate: 
    insert 
    into
        reserve
        (reserve_id, address, detail_address, extra_address, membership_history_id, name, phone_number, postcode, product_id, reg_date, reserve_date, reserve_status, reserve_time) 
    values
        (default, ?, ?, ?, ?, ?, ?, ?, ?, ?, ?, ?, ?)
Hibernate: 
    insert 
    into
        reserve
        (reserve_id, address, detail_address, extra_address, membership_history_id, name, phone_number, postcode, product_id, reg_date, reserve_date, reserve_status, reserve_time) 
    values
        (default, ?, ?, ?, ?, ?, ?, ?, ?, ?, ?, ?, ?)
Hibernate: 
    insert 
    into
        reserve
        (reserve_id, address, detail_address, extra_address, membership_history_id, name, phone_number, postcode, product_id, reg_date, reserve_date, reserve_status, reserve_time) 
    values
        (default, ?, ?, ?, ?, ?, ?, ?, ?, ?, ?, ?, ?)
Hibernate: 
    insert 
    into
        reserve
        (reserve_id, address, detail_address, extra_address, membership_history_id, name, phone_number, postcode, product_id, reg_date, reserve_date, reserve_status, reserve_time) 
    values
        (default, ?, ?, ?, ?, ?, ?, ?, ?, ?, ?, ?, ?)
Hibernate: 
    insert 
    into
        reserve
        (reserve_id, address, detail_address, extra_address, membership_history_id, name, phone_number, postcode, product_id, reg_date, reserve_date, reserve_status, reserve_time) 
    values
        (default, ?, ?, ?, ?, ?, ?, ?, ?, ?, ?, ?, ?)
Hibernate: 
    insert 
    into
        reserve
        (reserve_id, address, detail_address, extra_address, membership_history_id, name, phone_number, postcode, product_id, reg_date, reserve_date, reserve_status, reserve_time) 
    values
        (default, ?, ?, ?, ?, ?, ?, ?, ?, ?, ?, ?, ?)
Hibernate: 
    insert 
    into
        reserve
        (reserve_id, address, detail_address, extra_address, membership_history_id, name, phone_number, postcode, product_id, reg_date, reserve_date, reserve_status, reserve_time) 
    values
        (default, ?, ?, ?, ?, ?, ?, ?, ?, ?, ?, ?, ?)
Hibernate: 
    insert 
    into
        reserve
        (reserve_id, address, detail_address, extra_address, membership_history_id, name, phone_number, postcode, product_id, reg_date, reserve_date, reserve_status, reserve_time) 
    values
        (default, ?, ?, ?, ?, ?, ?, ?, ?, ?, ?, ?, ?)
Hibernate: 
    insert 
    into
        reserve
        (reserve_id, address, detail_address, extra_address, membership_history_id, name, phone_number, postcode, product_id, reg_date, reserve_date, reserve_status, reserve_time) 
    values
        (default, ?, ?, ?, ?, ?, ?, ?, ?, ?, ?, ?, ?)
Hibernate: 
    insert 
    into
        reserve
        (reserve_id, address, detail_address, extra_address, membership_history_id, name, phone_number, postcode, product_id, reg_date, reserve_date, reserve_status, reserve_time) 
    values
        (default, ?, ?, ?, ?, ?, ?, ?, ?, ?, ?, ?, ?)
Hibernate: 
    insert 
    into
        reserve
        (reserve_id, address, detail_address, extra_address, membership_history_id, name, phone_number, postcode, product_id, reg_date, reserve_date, reserve_status, reserve_time) 
    values
        (default, ?, ?, ?, ?, ?, ?, ?, ?, ?, ?, ?, ?)
Hibernate: 
    insert 
    into
        reserve
        (reserve_id, address, detail_address, extra_address, membership_history_id, name, phone_number, postcode, product_id, reg_date, reserve_date, reserve_status, reserve_time) 
    values
        (default, ?, ?, ?, ?, ?, ?, ?, ?, ?, ?, ?, ?)
Hibernate: 
    insert 
    into
        reserve
        (reserve_id, address, detail_address, extra_address, membership_history_id, name, phone_number, postcode, product_id, reg_date, reserve_date, reserve_status, reserve_time) 
    values
        (default, ?, ?, ?, ?, ?, ?, ?, ?, ?, ?, ?, ?)
Hibernate: 
    insert 
    into
        reserve
        (reserve_id, address, detail_address, extra_address, membership_history_id, name, phone_number, postcode, product_id, reg_date, reserve_date, reserve_status, reserve_time) 
    values
        (default, ?, ?, ?, ?, ?, ?, ?, ?, ?, ?, ?, ?)
Hibernate: 
    insert 
    into
        reserve
        (reserve_id, address, detail_address, extra_address, membership_history_id, name, phone_number, postcode, product_id, reg_date, reserve_date, reserve_status, reserve_time) 
    values
        (default, ?, ?, ?, ?, ?, ?, ?, ?, ?, ?, ?, ?)
Hibernate: 
    insert 
    into
        reserve
        (reserve_id, address, detail_address, extra_address, membership_history_id, name, phone_number, postcode, product_id, reg_date, reserve_date, reserve_status, reserve_time) 
    values
        (default, ?, ?, ?, ?, ?, ?, ?, ?, ?, ?, ?, ?)
Hibernate: 
    insert 
    into
        reserve
        (reserve_id, address, detail_address, extra_address, membership_history_id, name, phone_number, postcode, product_id, reg_date, reserve_date, reserve_status, reserve_time) 
    values
        (default, ?, ?, ?, ?, ?, ?, ?, ?, ?, ?, ?, ?)
Hibernate: 
    insert 
    into
        reserve
        (reserve_id, address, detail_address, extra_address, membership_history_id, name, phone_number, postcode, product_id, reg_date, reserve_date, reserve_status, reserve_time) 
    values
        (default, ?, ?, ?, ?, ?, ?, ?, ?, ?, ?, ?, ?)
Hibernate: 
    insert 
    into
        reserve
        (reserve_id, address, detail_address, extra_address, membership_history_id, name, phone_number, postcode, product_id, reg_date, reserve_date, reserve_status, reserve_time) 
    values
        (default, ?, ?, ?, ?, ?, ?, ?, ?, ?, ?, ?, ?)
Hibernate: 
    insert 
    into
        reserve
        (reserve_id, address, detail_address, extra_address, membership_history_id, name, phone_number, postcode, product_id, reg_date, reserve_date, reserve_status, reserve_time) 
    values
        (default, ?, ?, ?, ?, ?, ?, ?, ?, ?, ?, ?, ?)
Hibernate: 
    insert 
    into
        reserve
        (reserve_id, address, detail_address, extra_address, membership_history_id, name, phone_number, postcode, product_id, reg_date, reserve_date, reserve_status, reserve_time) 
    values
        (default, ?, ?, ?, ?, ?, ?, ?, ?, ?, ?, ?, ?)
Hibernate: 
    insert 
    into
        reserve
        (reserve_id, address, detail_address, extra_address, membership_history_id, name, phone_number, postcode, product_id, reg_date, reserve_date, reserve_status, reserve_time) 
    values
        (default, ?, ?, ?, ?, ?, ?, ?, ?, ?, ?, ?, ?)
Hibernate: 
    insert 
    into
        reserve
        (reserve_id, address, detail_address, extra_address, membership_history_id, name, phone_number, postcode, product_id, reg_date, reserve_date, reserve_status, reserve_time) 
    values
        (default, ?, ?, ?, ?, ?, ?, ?, ?, ?, ?, ?, ?)
Hibernate: 
    insert 
    into
        reserve
        (reserve_id, address, detail_address, extra_address, membership_history_id, name, phone_number, postcode, product_id, reg_date, reserve_date, reserve_status, reserve_time) 
    values
        (default, ?, ?, ?, ?, ?, ?, ?, ?, ?, ?, ?, ?)
Hibernate: 
    insert 
    into
        reserve
        (reserve_id, address, detail_address, extra_address, membership_history_id, name, phone_number, postcode, product_id, reg_date, reserve_date, reserve_status, reserve_time) 
    values
        (default, ?, ?, ?, ?, ?, ?, ?, ?, ?, ?, ?, ?)
Hibernate: 
    insert 
    into
        reserve
        (reserve_id, address, detail_address, extra_address, membership_history_id, name, phone_number, postcode, product_id, reg_date, reserve_date, reserve_status, reserve_time) 
    values
        (default, ?, ?, ?, ?, ?, ?, ?, ?, ?, ?, ?, ?)
Hibernate: 
    insert 
    into
        reserve
        (reserve_id, address, detail_address, extra_address, membership_history_id, name, phone_number, postcode, product_id, reg_date, reserve_date, reserve_status, reserve_time) 
    values
        (default, ?, ?, ?, ?, ?, ?, ?, ?, ?, ?, ?, ?)
Hibernate: 
    insert 
    into
        reserve
        (reserve_id, address, detail_address, extra_address, membership_history_id, name, phone_number, postcode, product_id, reg_date, reserve_date, reserve_status, reserve_time) 
    values
        (default, ?, ?, ?, ?, ?, ?, ?, ?, ?, ?, ?, ?)
Hibernate: 
    insert 
    into
        reserve
        (reserve_id, address, detail_address, extra_address, membership_history_id, name, phone_number, postcode, product_id, reg_date, reserve_date, reserve_status, reserve_time) 
    values
        (default, ?, ?, ?, ?, ?, ?, ?, ?, ?, ?, ?, ?)
Hibernate: 
    insert 
    into
        reserve
        (reserve_id, address, detail_address, extra_address, membership_history_id, name, phone_number, postcode, product_id, reg_date, reserve_date, reserve_status, reserve_time) 
    values
        (default, ?, ?, ?, ?, ?, ?, ?, ?, ?, ?, ?, ?)
Hibernate: 
    insert 
    into
        reserve
        (reserve_id, address, detail_address, extra_address, membership_history_id, name, phone_number, postcode, product_id, reg_date, reserve_date, reserve_status, reserve_time) 
    values
        (default, ?, ?, ?, ?, ?, ?, ?, ?, ?, ?, ?, ?)
Hibernate: 
    insert 
    into
        reserve
        (reserve_id, address, detail_address, extra_address, membership_history_id, name, phone_number, postcode, product_id, reg_date, reserve_date, reserve_status, reserve_time) 
    values
        (default, ?, ?, ?, ?, ?, ?, ?, ?, ?, ?, ?, ?)
Hibernate: 
    insert 
    into
        reserve
        (reserve_id, address, detail_address, extra_address, membership_history_id, name, phone_number, postcode, product_id, reg_date, reserve_date, reserve_status, reserve_time) 
    values
        (default, ?, ?, ?, ?, ?, ?, ?, ?, ?, ?, ?, ?)
Hibernate: 
    insert 
    into
        reserve
        (reserve_id, address, detail_address, extra_address, membership_history_id, name, phone_number, postcode, product_id, reg_date, reserve_date, reserve_status, reserve_time) 
    values
        (default, ?, ?, ?, ?, ?, ?, ?, ?, ?, ?, ?, ?)
Hibernate: 
    insert 
    into
        reserve
        (reserve_id, address, detail_address, extra_address, membership_history_id, name, phone_number, postcode, product_id, reg_date, reserve_date, reserve_status, reserve_time) 
    values
        (default, ?, ?, ?, ?, ?, ?, ?, ?, ?, ?, ?, ?)
Hibernate: 
    insert 
    into
        reserve
        (reserve_id, address, detail_address, extra_address, membership_history_id, name, phone_number, postcode, product_id, reg_date, reserve_date, reserve_status, reserve_time) 
    values
        (default, ?, ?, ?, ?, ?, ?, ?, ?, ?, ?, ?, ?)
Hibernate: 
    insert 
    into
        reserve
        (reserve_id, address, detail_address, extra_address, membership_history_id, name, phone_number, postcode, product_id, reg_date, reserve_date, reserve_status, reserve_time) 
    values
        (default, ?, ?, ?, ?, ?, ?, ?, ?, ?, ?, ?, ?)
Hibernate: 
    insert 
    into
        reserve
        (reserve_id, address, detail_address, extra_address, membership_history_id, name, phone_number, postcode, product_id, reg_date, reserve_date, reserve_status, reserve_time) 
    values
        (default, ?, ?, ?, ?, ?, ?, ?, ?, ?, ?, ?, ?)
Hibernate: 
    insert 
    into
        reserve
        (reserve_id, address, detail_address, extra_address, membership_history_id, name, phone_number, postcode, product_id, reg_date, reserve_date, reserve_status, reserve_time) 
    values
        (default, ?, ?, ?, ?, ?, ?, ?, ?, ?, ?, ?, ?)
Hibernate: 
    insert 
    into
        reserve
        (reserve_id, address, detail_address, extra_address, membership_history_id, name, phone_number, postcode, product_id, reg_date, reserve_date, reserve_status, reserve_time) 
    values
        (default, ?, ?, ?, ?, ?, ?, ?, ?, ?, ?, ?, ?)
Hibernate: 
    insert 
    into
        reserve
        (reserve_id, address, detail_address, extra_address, membership_history_id, name, phone_number, postcode, product_id, reg_date, reserve_date, reserve_status, reserve_time) 
    values
        (default, ?, ?, ?, ?, ?, ?, ?, ?, ?, ?, ?, ?)
Hibernate: 
    insert 
    into
        reserve
        (reserve_id, address, detail_address, extra_address, membership_history_id, name, phone_number, postcode, product_id, reg_date, reserve_date, reserve_status, reserve_time) 
    values
        (default, ?, ?, ?, ?, ?, ?, ?, ?, ?, ?, ?, ?)
Hibernate: 
    insert 
    into
        reserve
        (reserve_id, address, detail_address, extra_address, membership_history_id, name, phone_number, postcode, product_id, reg_date, reserve_date, reserve_status, reserve_time) 
    values
        (default, ?, ?, ?, ?, ?, ?, ?, ?, ?, ?, ?, ?)
Hibernate: 
    insert 
    into
        reserve
        (reserve_id, address, detail_address, extra_address, membership_history_id, name, phone_number, postcode, product_id, reg_date, reserve_date, reserve_status, reserve_time) 
    values
        (default, ?, ?, ?, ?, ?, ?, ?, ?, ?, ?, ?, ?)
Hibernate: 
    insert 
    into
        reserve
        (reserve_id, address, detail_address, extra_address, membership_history_id, name, phone_number, postcode, product_id, reg_date, reserve_date, reserve_status, reserve_time) 
    values
        (default, ?, ?, ?, ?, ?, ?, ?, ?, ?, ?, ?, ?)
Hibernate: 
    insert 
    into
        reserve
        (reserve_id, address, detail_address, extra_address, membership_history_id, name, phone_number, postcode, product_id, reg_date, reserve_date, reserve_status, reserve_time) 
    values
        (default, ?, ?, ?, ?, ?, ?, ?, ?, ?, ?, ?, ?)
Hibernate: 
    insert 
    into
        reserve
        (reserve_id, address, detail_address, extra_address, membership_history_id, name, phone_number, postcode, product_id, reg_date, reserve_date, reserve_status, reserve_time) 
    values
        (default, ?, ?, ?, ?, ?, ?, ?, ?, ?, ?, ?, ?)
Hibernate: 
    insert 
    into
        reserve
        (reserve_id, address, detail_address, extra_address, membership_history_id, name, phone_number, postcode, product_id, reg_date, reserve_date, reserve_status, reserve_time) 
    values
        (default, ?, ?, ?, ?, ?, ?, ?, ?, ?, ?, ?, ?)
Hibernate: 
    insert 
    into
        reserve
        (reserve_id, address, detail_address, extra_address, membership_history_id, name, phone_number, postcode, product_id, reg_date, reserve_date, reserve_status, reserve_time) 
    values
        (default, ?, ?, ?, ?, ?, ?, ?, ?, ?, ?, ?, ?)
Hibernate: 
    insert 
    into
        reserve
        (reserve_id, address, detail_address, extra_address, membership_history_id, name, phone_number, postcode, product_id, reg_date, reserve_date, reserve_status, reserve_time) 
    values
        (default, ?, ?, ?, ?, ?, ?, ?, ?, ?, ?, ?, ?)
Hibernate: 
    insert 
    into
        reserve
        (reserve_id, address, detail_address, extra_address, membership_history_id, name, phone_number, postcode, product_id, reg_date, reserve_date, reserve_status, reserve_time) 
    values
        (default, ?, ?, ?, ?, ?, ?, ?, ?, ?, ?, ?, ?)
Hibernate: 
    insert 
    into
        reserve
        (reserve_id, address, detail_address, extra_address, membership_history_id, name, phone_number, postcode, product_id, reg_date, reserve_date, reserve_status, reserve_time) 
    values
        (default, ?, ?, ?, ?, ?, ?, ?, ?, ?, ?, ?, ?)
Hibernate: 
    insert 
    into
        reserve
        (reserve_id, address, detail_address, extra_address, membership_history_id, name, phone_number, postcode, product_id, reg_date, reserve_date, reserve_status, reserve_time) 
    values
        (default, ?, ?, ?, ?, ?, ?, ?, ?, ?, ?, ?, ?)
Hibernate: 
    insert 
    into
        reserve
        (reserve_id, address, detail_address, extra_address, membership_history_id, name, phone_number, postcode, product_id, reg_date, reserve_date, reserve_status, reserve_time) 
    values
        (default, ?, ?, ?, ?, ?, ?, ?, ?, ?, ?, ?, ?)
Hibernate: 
    insert 
    into
        reserve
        (reserve_id, address, detail_address, extra_address, membership_history_id, name, phone_number, postcode, product_id, reg_date, reserve_date, reserve_status, reserve_time) 
    values
        (default, ?, ?, ?, ?, ?, ?, ?, ?, ?, ?, ?, ?)
Hibernate: 
    insert 
    into
        reserve
        (reserve_id, address, detail_address, extra_address, membership_history_id, name, phone_number, postcode, product_id, reg_date, reserve_date, reserve_status, reserve_time) 
    values
        (default, ?, ?, ?, ?, ?, ?, ?, ?, ?, ?, ?, ?)
Hibernate: 
    insert 
    into
        reserve
        (reserve_id, address, detail_address, extra_address, membership_history_id, name, phone_number, postcode, product_id, reg_date, reserve_date, reserve_status, reserve_time) 
    values
        (default, ?, ?, ?, ?, ?, ?, ?, ?, ?, ?, ?, ?)
Hibernate: 
    insert 
    into
        reserve
        (reserve_id, address, detail_address, extra_address, membership_history_id, name, phone_number, postcode, product_id, reg_date, reserve_date, reserve_status, reserve_time) 
    values
        (default, ?, ?, ?, ?, ?, ?, ?, ?, ?, ?, ?, ?)
Hibernate: 
    insert 
    into
        reserve
        (reserve_id, address, detail_address, extra_address, membership_history_id, name, phone_number, postcode, product_id, reg_date, reserve_date, reserve_status, reserve_time) 
    values
        (default, ?, ?, ?, ?, ?, ?, ?, ?, ?, ?, ?, ?)
Hibernate: 
    insert 
    into
        reserve
        (reserve_id, address, detail_address, extra_address, membership_history_id, name, phone_number, postcode, product_id, reg_date, reserve_date, reserve_status, reserve_time) 
    values
        (default, ?, ?, ?, ?, ?, ?, ?, ?, ?, ?, ?, ?)
Hibernate: 
    insert 
    into
        reserve
        (reserve_id, address, detail_address, extra_address, membership_history_id, name, phone_number, postcode, product_id, reg_date, reserve_date, reserve_status, reserve_time) 
    values
        (default, ?, ?, ?, ?, ?, ?, ?, ?, ?, ?, ?, ?)
Hibernate: 
    insert 
    into
        reserve
        (reserve_id, address, detail_address, extra_address, membership_history_id, name, phone_number, postcode, product_id, reg_date, reserve_date, reserve_status, reserve_time) 
    values
        (default, ?, ?, ?, ?, ?, ?, ?, ?, ?, ?, ?, ?)
Hibernate: 
    insert 
    into
        reserve
        (reserve_id, address, detail_address, extra_address, membership_history_id, name, phone_number, postcode, product_id, reg_date, reserve_date, reserve_status, reserve_time) 
    values
        (default, ?, ?, ?, ?, ?, ?, ?, ?, ?, ?, ?, ?)
Hibernate: 
    insert 
    into
        reserve
        (reserve_id, address, detail_address, extra_address, membership_history_id, name, phone_number, postcode, product_id, reg_date, reserve_date, reserve_status, reserve_time) 
    values
        (default, ?, ?, ?, ?, ?, ?, ?, ?, ?, ?, ?, ?)
Hibernate: 
    insert 
    into
        reserve
        (reserve_id, address, detail_address, extra_address, membership_history_id, name, phone_number, postcode, product_id, reg_date, reserve_date, reserve_status, reserve_time) 
    values
        (default, ?, ?, ?, ?, ?, ?, ?, ?, ?, ?, ?, ?)
Hibernate: 
    insert 
    into
        reserve
        (reserve_id, address, detail_address, extra_address, membership_history_id, name, phone_number, postcode, product_id, reg_date, reserve_date, reserve_status, reserve_time) 
    values
        (default, ?, ?, ?, ?, ?, ?, ?, ?, ?, ?, ?, ?)
Hibernate: 
    insert 
    into
        reserve
        (reserve_id, address, detail_address, extra_address, membership_history_id, name, phone_number, postcode, product_id, reg_date, reserve_date, reserve_status, reserve_time) 
    values
        (default, ?, ?, ?, ?, ?, ?, ?, ?, ?, ?, ?, ?)
Hibernate: 
    insert 
    into
        reserve
        (reserve_id, address, detail_address, extra_address, membership_history_id, name, phone_number, postcode, product_id, reg_date, reserve_date, reserve_status, reserve_time) 
    values
        (default, ?, ?, ?, ?, ?, ?, ?, ?, ?, ?, ?, ?)
Hibernate: 
    insert 
    into
        reserve
        (reserve_id, address, detail_address, extra_address, membership_history_id, name, phone_number, postcode, product_id, reg_date, reserve_date, reserve_status, reserve_time) 
    values
        (default, ?, ?, ?, ?, ?, ?, ?, ?, ?, ?, ?, ?)
Hibernate: 
    insert 
    into
        reserve
        (reserve_id, address, detail_address, extra_address, membership_history_id, name, phone_number, postcode, product_id, reg_date, reserve_date, reserve_status, reserve_time) 
    values
        (default, ?, ?, ?, ?, ?, ?, ?, ?, ?, ?, ?, ?)
Hibernate: 
    insert 
    into
        reserve
        (reserve_id, address, detail_address, extra_address, membership_history_id, name, phone_number, postcode, product_id, reg_date, reserve_date, reserve_status, reserve_time) 
    values
        (default, ?, ?, ?, ?, ?, ?, ?, ?, ?, ?, ?, ?)
Hibernate: 
    insert 
    into
        reserve
        (reserve_id, address, detail_address, extra_address, membership_history_id, name, phone_number, postcode, product_id, reg_date, reserve_date, reserve_status, reserve_time) 
    values
        (default, ?, ?, ?, ?, ?, ?, ?, ?, ?, ?, ?, ?)
Hibernate: 
    insert 
    into
        reserve
        (reserve_id, address, detail_address, extra_address, membership_history_id, name, phone_number, postcode, product_id, reg_date, reserve_date, reserve_status, reserve_time) 
    values
        (default, ?, ?, ?, ?, ?, ?, ?, ?, ?, ?, ?, ?)
Hibernate: 
    insert 
    into
        reserve
        (reserve_id, address, detail_address, extra_address, membership_history_id, name, phone_number, postcode, product_id, reg_date, reserve_date, reserve_status, reserve_time) 
    values
        (default, ?, ?, ?, ?, ?, ?, ?, ?, ?, ?, ?, ?)
Hibernate: 
    insert 
    into
        reserve
        (reserve_id, address, detail_address, extra_address, membership_history_id, name, phone_number, postcode, product_id, reg_date, reserve_date, reserve_status, reserve_time) 
    values
        (default, ?, ?, ?, ?, ?, ?, ?, ?, ?, ?, ?, ?)
Hibernate: 
    insert 
    into
        reserve
        (reserve_id, address, detail_address, extra_address, membership_history_id, name, phone_number, postcode, product_id, reg_date, reserve_date, reserve_status, reserve_time) 
    values
        (default, ?, ?, ?, ?, ?, ?, ?, ?, ?, ?, ?, ?)
Hibernate: 
    insert 
    into
        reserve
        (reserve_id, address, detail_address, extra_address, membership_history_id, name, phone_number, postcode, product_id, reg_date, reserve_date, reserve_status, reserve_time) 
    values
        (default, ?, ?, ?, ?, ?, ?, ?, ?, ?, ?, ?, ?)
Hibernate: 
    insert 
    into
        reserve
        (reserve_id, address, detail_address, extra_address, membership_history_id, name, phone_number, postcode, product_id, reg_date, reserve_date, reserve_status, reserve_time) 
    values
        (default, ?, ?, ?, ?, ?, ?, ?, ?, ?, ?, ?, ?)
Hibernate: 
    insert 
    into
        reserve
        (reserve_id, address, detail_address, extra_address, membership_history_id, name, phone_number, postcode, product_id, reg_date, reserve_date, reserve_status, reserve_time) 
    values
        (default, ?, ?, ?, ?, ?, ?, ?, ?, ?, ?, ?, ?)
Hibernate: 
    insert 
    into
        reserve
        (reserve_id, address, detail_address, extra_address, membership_history_id, name, phone_number, postcode, product_id, reg_date, reserve_date, reserve_status, reserve_time) 
    values
        (default, ?, ?, ?, ?, ?, ?, ?, ?, ?, ?, ?, ?)
Hibernate: 
    insert 
    into
        reserve
        (reserve_id, address, detail_address, extra_address, membership_history_id, name, phone_number, postcode, product_id, reg_date, reserve_date, reserve_status, reserve_time) 
    values
        (default, ?, ?, ?, ?, ?, ?, ?, ?, ?, ?, ?, ?)
Hibernate: 
    insert 
    into
        reserve
        (reserve_id, address, detail_address, extra_address, membership_history_id, name, phone_number, postcode, product_id, reg_date, reserve_date, reserve_status, reserve_time) 
    values
        (default, ?, ?, ?, ?, ?, ?, ?, ?, ?, ?, ?, ?)
Hibernate: 
    insert 
    into
        reserve
        (reserve_id, address, detail_address, extra_address, membership_history_id, name, phone_number, postcode, product_id, reg_date, reserve_date, reserve_status, reserve_time) 
    values
        (default, ?, ?, ?, ?, ?, ?, ?, ?, ?, ?, ?, ?)
Hibernate: 
    insert 
    into
        reserve
        (reserve_id, address, detail_address, extra_address, membership_history_id, name, phone_number, postcode, product_id, reg_date, reserve_date, reserve_status, reserve_time) 
    values
        (default, ?, ?, ?, ?, ?, ?, ?, ?, ?, ?, ?, ?)
Hibernate: 
    insert 
    into
        reserve
        (reserve_id, address, detail_address, extra_address, membership_history_id, name, phone_number, postcode, product_id, reg_date, reserve_date, reserve_status, reserve_time) 
    values
        (default, ?, ?, ?, ?, ?, ?, ?, ?, ?, ?, ?, ?)
Hibernate: 
    insert 
    into
        reserve
        (reserve_id, address, detail_address, extra_address, membership_history_id, name, phone_number, postcode, product_id, reg_date, reserve_date, reserve_status, reserve_time) 
    values
        (default, ?, ?, ?, ?, ?, ?, ?, ?, ?, ?, ?, ?)
Hibernate: 
    insert 
    into
        reserve
        (reserve_id, address, detail_address, extra_address, membership_history_id, name, phone_number, postcode, product_id, reg_date, reserve_date, reserve_status, reserve_time) 
    values
        (default, ?, ?, ?, ?, ?, ?, ?, ?, ?, ?, ?, ?)
Hibernate: 
    insert 
    into
        reserve
        (reserve_id, address, detail_address, extra_address, membership_history_id, name, phone_number, postcode, product_id, reg_date, reserve_date, reserve_status, reserve_time) 
    values
        (default, ?, ?, ?, ?, ?, ?, ?, ?, ?, ?, ?, ?)
Hibernate: 
    insert 
    into
        reserve
        (reserve_id, address, detail_address, extra_address, membership_history_id, name, phone_number, postcode, product_id, reg_date, reserve_date, reserve_status, reserve_time) 
    values
        (default, ?, ?, ?, ?, ?, ?, ?, ?, ?, ?, ?, ?)
Hibernate: 
    insert 
    into
        reserve
        (reserve_id, address, detail_address, extra_address, membership_history_id, name, phone_number, postcode, product_id, reg_date, reserve_date, reserve_status, reserve_time) 
    values
        (default, ?, ?, ?, ?, ?, ?, ?, ?, ?, ?, ?, ?)
Hibernate: 
    insert 
    into
        reserve
        (reserve_id, address, detail_address, extra_address, membership_history_id, name, phone_number, postcode, product_id, reg_date, reserve_date, reserve_status, reserve_time) 
    values
        (default, ?, ?, ?, ?, ?, ?, ?, ?, ?, ?, ?, ?)
Hibernate: 
    select
        reserve0_.reserve_id as reserve_1_7_0_,
        product1_.product_id as product_1_5_1_,
        membership2_.membmership_history_id as membmers1_2_2_,
        user3_.user_id as user_id1_9_3_,
        reserve0_.address as address2_7_0_,
        reserve0_.detail_address as detail_a3_7_0_,
        reserve0_.extra_address as extra_ad4_7_0_,
        reserve0_.membership_history_id as members12_7_0_,
        reserve0_.name as name5_7_0_,
        reserve0_.phone_number as phone_nu6_7_0_,
        reserve0_.postcode as postcode7_7_0_,
        reserve0_.product_id as product13_7_0_,
        reserve0_.reg_date as reg_date8_7_0_,
        reserve0_.reserve_date as reserve_9_7_0_,
        reserve0_.reserve_status as reserve10_7_0_,
        reserve0_.reserve_time as reserve11_7_0_,
        product1_.code as code2_5_1_,
        product1_.description as descript3_5_1_,
        product1_.end_time as end_time4_5_1_,
        product1_.start_time as start_ti5_5_1_,
        product1_.title as title6_5_1_,
        membership2_.clean_use_num as clean_us2_2_2_,
        membership2_.counsel_use_num as counsel_3_2_2_,
        membership2_.end_date as end_date4_2_2_,
        membership2_.membership_id as membersh8_2_2_,
        membership2_.payment_id as payment_9_2_2_,
        membership2_.reg_date as reg_date5_2_2_,
        membership2_.status as status6_2_2_,
        membership2_.transport_use_num as transpor7_2_2_,
        membership2_.user_id as user_id10_2_2_,
        user3_.email as email2_9_3_,
        user3_.nickname as nickname3_9_3_,
        user3_.password as password4_9_3_,
        user3_.provider as provider5_9_3_,
        user3_.reg_date as reg_date6_9_3_,
        user3_.role as role7_9_3_,
        user3_.username as username8_9_3_ 
    from
        reserve reserve0_ 
    inner join
        product product1_ 
            on reserve0_.product_id=product1_.product_id 
    inner join
        membership_history membership2_ 
            on reserve0_.membership_history_id=membership2_.membmership_history_id 
    inner join
        user user3_ 
            on membership2_.user_id=user3_.user_id 
    where
        membership2_.user_id=? 
    order by
        reserve0_.reserve_id desc limit ?
Hibernate: 
    select
        count(reserve0_.reserve_id) as col_0_0_ 
    from
        reserve reserve0_ cross 
    join
        membership_history membership1_ 
    where
        reserve0_.membership_history_id=membership1_.membmership_history_id 
        and membership1_.user_id=?
2022-10-16 00:40:55.782  INFO 4628 --- [    Test worker] o.s.t.c.transaction.TransactionContext   : Rolled back transaction for test: [DefaultTestContext@b7a74ac testClass = ReserveServiceTest, testInstance = com.example.care.reserve.service.ReserveServiceTest@7db99d41, testMethod = reservePaging@ReserveServiceTest, testException = [null], mergedContextConfiguration = [WebMergedContextConfiguration@63c8d3da testClass = ReserveServiceTest, locations = '{}', classes = '{class com.example.care.CareApplication}', contextInitializerClasses = '[]', activeProfiles = '{}', propertySourceLocations = '{}', propertySourceProperties = '{org.springframework.boot.test.context.SpringBootTestContextBootstrapper=true}', contextCustomizers = set[org.springframework.boot.test.autoconfigure.actuate.metrics.MetricsExportContextCustomizerFactory$DisableMetricExportContextCustomizer@4a3329b9, org.springframework.boot.test.autoconfigure.properties.PropertyMappingContextCustomizer@0, org.springframework.boot.test.autoconfigure.web.servlet.WebDriverContextCustomizerFactory$Customizer@207ea13, org.springframework.boot.test.context.filter.ExcludeFilterContextCustomizer@56c9bbd8, org.springframework.boot.test.json.DuplicateJsonObjectContextCustomizerFactory$DuplicateJsonObjectContextCustomizer@12dae582, org.springframework.boot.test.mock.mockito.MockitoContextCustomizer@0, org.springframework.boot.test.web.client.TestRestTemplateContextCustomizer@1623134f, org.springframework.boot.test.web.reactive.server.WebTestClientContextCustomizer@2783717b, org.springframework.boot.test.context.SpringBootTestArgs@1, org.springframework.boot.test.context.SpringBootTestWebEnvironment@19b89d4], resourceBasePath = 'src/main/webapp', contextLoader = 'org.springframework.boot.test.context.SpringBootContextLoader', parent = [null]], attributes = map['org.springframework.test.context.web.ServletTestExecutionListener.activateListener' -> true, 'org.springframework.test.context.web.ServletTestExecutionListener.populatedRequestContextHolder' -> true, 'org.springframework.test.context.web.ServletTestExecutionListener.resetRequestContextHolder' -> true, 'org.springframework.test.context.event.ApplicationEventsTestExecutionListener.recordApplicationEvents' -> false]]
2022-10-16 00:40:55.795  INFO 4628 --- [    Test worker] o.s.t.c.transaction.TransactionContext   : Began transaction (1) for test context [DefaultTestContext@b7a74ac testClass = ReserveServiceTest, testInstance = com.example.care.reserve.service.ReserveServiceTest@73000a80, testMethod = reserveNowTest@ReserveServiceTest, testException = [null], mergedContextConfiguration = [WebMergedContextConfiguration@63c8d3da testClass = ReserveServiceTest, locations = '{}', classes = '{class com.example.care.CareApplication}', contextInitializerClasses = '[]', activeProfiles = '{}', propertySourceLocations = '{}', propertySourceProperties = '{org.springframework.boot.test.context.SpringBootTestContextBootstrapper=true}', contextCustomizers = set[org.springframework.boot.test.autoconfigure.actuate.metrics.MetricsExportContextCustomizerFactory$DisableMetricExportContextCustomizer@4a3329b9, org.springframework.boot.test.autoconfigure.properties.PropertyMappingContextCustomizer@0, org.springframework.boot.test.autoconfigure.web.servlet.WebDriverContextCustomizerFactory$Customizer@207ea13, org.springframework.boot.test.context.filter.ExcludeFilterContextCustomizer@56c9bbd8, org.springframework.boot.test.json.DuplicateJsonObjectContextCustomizerFactory$DuplicateJsonObjectContextCustomizer@12dae582, org.springframework.boot.test.mock.mockito.MockitoContextCustomizer@0, org.springframework.boot.test.web.client.TestRestTemplateContextCustomizer@1623134f, org.springframework.boot.test.web.reactive.server.WebTestClientContextCustomizer@2783717b, org.springframework.boot.test.context.SpringBootTestArgs@1, org.springframework.boot.test.context.SpringBootTestWebEnvironment@19b89d4], resourceBasePath = 'src/main/webapp', contextLoader = 'org.springframework.boot.test.context.SpringBootContextLoader', parent = [null]], attributes = map['org.springframework.test.context.web.ServletTestExecutionListener.activateListener' -> true, 'org.springframework.test.context.web.ServletTestExecutionListener.populatedRequestContextHolder' -> true, 'org.springframework.test.context.web.ServletTestExecutionListener.resetRequestContextHolder' -> true, 'org.springframework.test.context.event.ApplicationEventsTestExecutionListener.recordApplicationEvents' -> false]]; transaction manager [org.springframework.orm.jpa.JpaTransactionManager@6f0124b5]; rollback [true]
Hibernate: 
    insert 
    into
        user
        (user_id, email, nickname, password, provider, reg_date, role, username) 
    values
        (default, ?, ?, ?, ?, ?, ?, ?)
Hibernate: 
    insert 
    into
        membership
        (membership_id, grade, price) 
    values
        (default, ?, ?)
Hibernate: 
    insert 
    into
        product
        (product_id, code, description, end_time, start_time, title) 
    values
        (default, ?, ?, ?, ?, ?)
Hibernate: 
    insert 
    into
        payment
        (payment_id, aid, cid, order_id, price, reg_date, sid, tid) 
    values
        (default, ?, ?, ?, ?, ?, ?, ?)
Hibernate: 
    insert 
    into
        membership_history
        (membmership_history_id, clean_use_num, counsel_use_num, end_date, membership_id, payment_id, reg_date, status, transport_use_num, user_id) 
    values
        (default, ?, ?, ?, ?, ?, ?, ?, ?, ?)
Hibernate: 
    insert 
    into
        membership_product
        (prodcut_membership_id, max_num, membership_id, product_id) 
    values
        (default, ?, ?, ?)
2022-10-16 00:40:55.834  INFO 4628 --- [    Test worker] o.s.t.c.transaction.TransactionContext   : Rolled back transaction for test: [DefaultTestContext@b7a74ac testClass = ReserveServiceTest, testInstance = com.example.care.reserve.service.ReserveServiceTest@73000a80, testMethod = reserveNowTest@ReserveServiceTest, testException = [null], mergedContextConfiguration = [WebMergedContextConfiguration@63c8d3da testClass = ReserveServiceTest, locations = '{}', classes = '{class com.example.care.CareApplication}', contextInitializerClasses = '[]', activeProfiles = '{}', propertySourceLocations = '{}', propertySourceProperties = '{org.springframework.boot.test.context.SpringBootTestContextBootstrapper=true}', contextCustomizers = set[org.springframework.boot.test.autoconfigure.actuate.metrics.MetricsExportContextCustomizerFactory$DisableMetricExportContextCustomizer@4a3329b9, org.springframework.boot.test.autoconfigure.properties.PropertyMappingContextCustomizer@0, org.springframework.boot.test.autoconfigure.web.servlet.WebDriverContextCustomizerFactory$Customizer@207ea13, org.springframework.boot.test.context.filter.ExcludeFilterContextCustomizer@56c9bbd8, org.springframework.boot.test.json.DuplicateJsonObjectContextCustomizerFactory$DuplicateJsonObjectContextCustomizer@12dae582, org.springframework.boot.test.mock.mockito.MockitoContextCustomizer@0, org.springframework.boot.test.web.client.TestRestTemplateContextCustomizer@1623134f, org.springframework.boot.test.web.reactive.server.WebTestClientContextCustomizer@2783717b, org.springframework.boot.test.context.SpringBootTestArgs@1, org.springframework.boot.test.context.SpringBootTestWebEnvironment@19b89d4], resourceBasePath = 'src/main/webapp', contextLoader = 'org.springframework.boot.test.context.SpringBootContextLoader', parent = [null]], attributes = map['org.springframework.test.context.web.ServletTestExecutionListener.activateListener' -> true, 'org.springframework.test.context.web.ServletTestExecutionListener.populatedRequestContextHolder' -> true, 'org.springframework.test.context.web.ServletTestExecutionListener.resetRequestContextHolder' -> true, 'org.springframework.test.context.event.ApplicationEventsTestExecutionListener.recordApplicationEvents' -> false]]
2022-10-16 00:40:55.845  INFO 4628 --- [    Test worker] o.s.t.c.transaction.TransactionContext   : Began transaction (1) for test context [DefaultTestContext@b7a74ac testClass = ReserveServiceTest, testInstance = com.example.care.reserve.service.ReserveServiceTest@157e14f2, testMethod = reserveFullTest@ReserveServiceTest, testException = [null], mergedContextConfiguration = [WebMergedContextConfiguration@63c8d3da testClass = ReserveServiceTest, locations = '{}', classes = '{class com.example.care.CareApplication}', contextInitializerClasses = '[]', activeProfiles = '{}', propertySourceLocations = '{}', propertySourceProperties = '{org.springframework.boot.test.context.SpringBootTestContextBootstrapper=true}', contextCustomizers = set[org.springframework.boot.test.autoconfigure.actuate.metrics.MetricsExportContextCustomizerFactory$DisableMetricExportContextCustomizer@4a3329b9, org.springframework.boot.test.autoconfigure.properties.PropertyMappingContextCustomizer@0, org.springframework.boot.test.autoconfigure.web.servlet.WebDriverContextCustomizerFactory$Customizer@207ea13, org.springframework.boot.test.context.filter.ExcludeFilterContextCustomizer@56c9bbd8, org.springframework.boot.test.json.DuplicateJsonObjectContextCustomizerFactory$DuplicateJsonObjectContextCustomizer@12dae582, org.springframework.boot.test.mock.mockito.MockitoContextCustomizer@0, org.springframework.boot.test.web.client.TestRestTemplateContextCustomizer@1623134f, org.springframework.boot.test.web.reactive.server.WebTestClientContextCustomizer@2783717b, org.springframework.boot.test.context.SpringBootTestArgs@1, org.springframework.boot.test.context.SpringBootTestWebEnvironment@19b89d4], resourceBasePath = 'src/main/webapp', contextLoader = 'org.springframework.boot.test.context.SpringBootContextLoader', parent = [null]], attributes = map['org.springframework.test.context.web.ServletTestExecutionListener.activateListener' -> true, 'org.springframework.test.context.web.ServletTestExecutionListener.populatedRequestContextHolder' -> true, 'org.springframework.test.context.web.ServletTestExecutionListener.resetRequestContextHolder' -> true, 'org.springframework.test.context.event.ApplicationEventsTestExecutionListener.recordApplicationEvents' -> false]]; transaction manager [org.springframework.orm.jpa.JpaTransactionManager@6f0124b5]; rollback [true]
Hibernate: 
    insert 
    into
        user
        (user_id, email, nickname, password, provider, reg_date, role, username) 
    values
        (default, ?, ?, ?, ?, ?, ?, ?)
Hibernate: 
    insert 
    into
        membership
        (membership_id, grade, price) 
    values
        (default, ?, ?)
Hibernate: 
    insert 
    into
        product
        (product_id, code, description, end_time, start_time, title) 
    values
        (default, ?, ?, ?, ?, ?)
Hibernate: 
    insert 
    into
        payment
        (payment_id, aid, cid, order_id, price, reg_date, sid, tid) 
    values
        (default, ?, ?, ?, ?, ?, ?, ?)
Hibernate: 
    insert 
    into
        membership_history
        (membmership_history_id, clean_use_num, counsel_use_num, end_date, membership_id, payment_id, reg_date, status, transport_use_num, user_id) 
    values
        (default, ?, ?, ?, ?, ?, ?, ?, ?, ?)
Hibernate: 
    insert 
    into
        membership_product
        (prodcut_membership_id, max_num, membership_id, product_id) 
    values
        (default, ?, ?, ?)
Hibernate: 
    select
        membership0_.membmership_history_id as membmers1_2_,
        membership0_.clean_use_num as clean_us2_2_,
        membership0_.counsel_use_num as counsel_3_2_,
        membership0_.end_date as end_date4_2_,
        membership0_.membership_id as membersh8_2_,
        membership0_.payment_id as payment_9_2_,
        membership0_.reg_date as reg_date5_2_,
        membership0_.status as status6_2_,
        membership0_.transport_use_num as transpor7_2_,
        membership0_.user_id as user_id10_2_ 
    from
        membership_history membership0_ 
    where
        membership0_.user_id=? 
        and membership0_.status='ORDER'
Hibernate: 
    select
        membership0_.max_num as col_0_0_ 
    from
        membership_product membership0_ cross 
    join
        product product1_ 
    where
        membership0_.product_id=product1_.product_id 
        and product1_.code=? 
        and membership0_.membership_id=?
Hibernate: 
    select
        reserve0_.reserve_id as reserve_1_7_0_,
        product1_.product_id as product_1_5_1_,
        reserve0_.address as address2_7_0_,
        reserve0_.detail_address as detail_a3_7_0_,
        reserve0_.extra_address as extra_ad4_7_0_,
        reserve0_.membership_history_id as members12_7_0_,
        reserve0_.name as name5_7_0_,
        reserve0_.phone_number as phone_nu6_7_0_,
        reserve0_.postcode as postcode7_7_0_,
        reserve0_.product_id as product13_7_0_,
        reserve0_.reg_date as reg_date8_7_0_,
        reserve0_.reserve_date as reserve_9_7_0_,
        reserve0_.reserve_status as reserve10_7_0_,
        reserve0_.reserve_time as reserve11_7_0_,
        product1_.code as code2_5_1_,
        product1_.description as descript3_5_1_,
        product1_.end_time as end_time4_5_1_,
        product1_.start_time as start_ti5_5_1_,
        product1_.title as title6_5_1_ 
    from
        reserve reserve0_ 
    inner join
        product product1_ 
            on reserve0_.product_id=product1_.product_id 
    where
        product1_.code=? 
        and reserve0_.reserve_date=? 
        and reserve0_.reserve_status=? 
        and reserve0_.reserve_time=?
Hibernate: 
    select
        membership0_.membmership_history_id as membmers1_2_,
        membership0_.clean_use_num as clean_us2_2_,
        membership0_.counsel_use_num as counsel_3_2_,
        membership0_.end_date as end_date4_2_,
        membership0_.membership_id as membersh8_2_,
        membership0_.payment_id as payment_9_2_,
        membership0_.reg_date as reg_date5_2_,
        membership0_.status as status6_2_,
        membership0_.transport_use_num as transpor7_2_,
        membership0_.user_id as user_id10_2_ 
    from
        membership_history membership0_ 
    where
        membership0_.user_id=? 
        and membership0_.status='ORDER'
Hibernate: 
    insert 
    into
        reserve
        (reserve_id, address, detail_address, extra_address, membership_history_id, name, phone_number, postcode, product_id, reg_date, reserve_date, reserve_status, reserve_time) 
    values
        (default, ?, ?, ?, ?, ?, ?, ?, ?, ?, ?, ?, ?)
Hibernate: 
    update
        membership_history 
    set
        clean_use_num=?,
        counsel_use_num=?,
        end_date=?,
        membership_id=?,
        payment_id=?,
        reg_date=?,
        status=?,
        transport_use_num=?,
        user_id=? 
    where
        membmership_history_id=?
Hibernate: 
    select
        membership0_.membmership_history_id as membmers1_2_,
        membership0_.clean_use_num as clean_us2_2_,
        membership0_.counsel_use_num as counsel_3_2_,
        membership0_.end_date as end_date4_2_,
        membership0_.membership_id as membersh8_2_,
        membership0_.payment_id as payment_9_2_,
        membership0_.reg_date as reg_date5_2_,
        membership0_.status as status6_2_,
        membership0_.transport_use_num as transpor7_2_,
        membership0_.user_id as user_id10_2_ 
    from
        membership_history membership0_ 
    where
        membership0_.user_id=? 
        and membership0_.status='ORDER'
Hibernate: 
    select
        membership0_.max_num as col_0_0_ 
    from
        membership_product membership0_ cross 
    join
        product product1_ 
    where
        membership0_.product_id=product1_.product_id 
        and product1_.code=? 
        and membership0_.membership_id=?
Hibernate: 
    select
        reserve0_.reserve_id as reserve_1_7_0_,
        product1_.product_id as product_1_5_1_,
        reserve0_.address as address2_7_0_,
        reserve0_.detail_address as detail_a3_7_0_,
        reserve0_.extra_address as extra_ad4_7_0_,
        reserve0_.membership_history_id as members12_7_0_,
        reserve0_.name as name5_7_0_,
        reserve0_.phone_number as phone_nu6_7_0_,
        reserve0_.postcode as postcode7_7_0_,
        reserve0_.product_id as product13_7_0_,
        reserve0_.reg_date as reg_date8_7_0_,
        reserve0_.reserve_date as reserve_9_7_0_,
        reserve0_.reserve_status as reserve10_7_0_,
        reserve0_.reserve_time as reserve11_7_0_,
        product1_.code as code2_5_1_,
        product1_.description as descript3_5_1_,
        product1_.end_time as end_time4_5_1_,
        product1_.start_time as start_ti5_5_1_,
        product1_.title as title6_5_1_ 
    from
        reserve reserve0_ 
    inner join
        product product1_ 
            on reserve0_.product_id=product1_.product_id 
    where
        product1_.code=? 
        and reserve0_.reserve_date=? 
        and reserve0_.reserve_status=? 
        and reserve0_.reserve_time=?
2022-10-16 00:40:55.925  INFO 4628 --- [    Test worker] o.s.t.c.transaction.TransactionContext   : Rolled back transaction for test: [DefaultTestContext@b7a74ac testClass = ReserveServiceTest, testInstance = com.example.care.reserve.service.ReserveServiceTest@157e14f2, testMethod = reserveFullTest@ReserveServiceTest, testException = [null], mergedContextConfiguration = [WebMergedContextConfiguration@63c8d3da testClass = ReserveServiceTest, locations = '{}', classes = '{class com.example.care.CareApplication}', contextInitializerClasses = '[]', activeProfiles = '{}', propertySourceLocations = '{}', propertySourceProperties = '{org.springframework.boot.test.context.SpringBootTestContextBootstrapper=true}', contextCustomizers = set[org.springframework.boot.test.autoconfigure.actuate.metrics.MetricsExportContextCustomizerFactory$DisableMetricExportContextCustomizer@4a3329b9, org.springframework.boot.test.autoconfigure.properties.PropertyMappingContextCustomizer@0, org.springframework.boot.test.autoconfigure.web.servlet.WebDriverContextCustomizerFactory$Customizer@207ea13, org.springframework.boot.test.context.filter.ExcludeFilterContextCustomizer@56c9bbd8, org.springframework.boot.test.json.DuplicateJsonObjectContextCustomizerFactory$DuplicateJsonObjectContextCustomizer@12dae582, org.springframework.boot.test.mock.mockito.MockitoContextCustomizer@0, org.springframework.boot.test.web.client.TestRestTemplateContextCustomizer@1623134f, org.springframework.boot.test.web.reactive.server.WebTestClientContextCustomizer@2783717b, org.springframework.boot.test.context.SpringBootTestArgs@1, org.springframework.boot.test.context.SpringBootTestWebEnvironment@19b89d4], resourceBasePath = 'src/main/webapp', contextLoader = 'org.springframework.boot.test.context.SpringBootContextLoader', parent = [null]], attributes = map['org.springframework.test.context.web.ServletTestExecutionListener.activateListener' -> true, 'org.springframework.test.context.web.ServletTestExecutionListener.populatedRequestContextHolder' -> true, 'org.springframework.test.context.web.ServletTestExecutionListener.resetRequestContextHolder' -> true, 'org.springframework.test.context.event.ApplicationEventsTestExecutionListener.recordApplicationEvents' -> false]]
2022-10-16 00:40:55.939  INFO 4628 --- [    Test worker] o.s.t.c.transaction.TransactionContext   : Began transaction (1) for test context [DefaultTestContext@b7a74ac testClass = ReserveServiceTest, testInstance = com.example.care.reserve.service.ReserveServiceTest@9bec662, testMethod = reserveUseTest@ReserveServiceTest, testException = [null], mergedContextConfiguration = [WebMergedContextConfiguration@63c8d3da testClass = ReserveServiceTest, locations = '{}', classes = '{class com.example.care.CareApplication}', contextInitializerClasses = '[]', activeProfiles = '{}', propertySourceLocations = '{}', propertySourceProperties = '{org.springframework.boot.test.context.SpringBootTestContextBootstrapper=true}', contextCustomizers = set[org.springframework.boot.test.autoconfigure.actuate.metrics.MetricsExportContextCustomizerFactory$DisableMetricExportContextCustomizer@4a3329b9, org.springframework.boot.test.autoconfigure.properties.PropertyMappingContextCustomizer@0, org.springframework.boot.test.autoconfigure.web.servlet.WebDriverContextCustomizerFactory$Customizer@207ea13, org.springframework.boot.test.context.filter.ExcludeFilterContextCustomizer@56c9bbd8, org.springframework.boot.test.json.DuplicateJsonObjectContextCustomizerFactory$DuplicateJsonObjectContextCustomizer@12dae582, org.springframework.boot.test.mock.mockito.MockitoContextCustomizer@0, org.springframework.boot.test.web.client.TestRestTemplateContextCustomizer@1623134f, org.springframework.boot.test.web.reactive.server.WebTestClientContextCustomizer@2783717b, org.springframework.boot.test.context.SpringBootTestArgs@1, org.springframework.boot.test.context.SpringBootTestWebEnvironment@19b89d4], resourceBasePath = 'src/main/webapp', contextLoader = 'org.springframework.boot.test.context.SpringBootContextLoader', parent = [null]], attributes = map['org.springframework.test.context.web.ServletTestExecutionListener.activateListener' -> true, 'org.springframework.test.context.web.ServletTestExecutionListener.populatedRequestContextHolder' -> true, 'org.springframework.test.context.web.ServletTestExecutionListener.resetRequestContextHolder' -> true, 'org.springframework.test.context.event.ApplicationEventsTestExecutionListener.recordApplicationEvents' -> false]]; transaction manager [org.springframework.orm.jpa.JpaTransactionManager@6f0124b5]; rollback [true]
Hibernate: 
    insert 
    into
        user
        (user_id, email, nickname, password, provider, reg_date, role, username) 
    values
        (default, ?, ?, ?, ?, ?, ?, ?)
Hibernate: 
    insert 
    into
        membership
        (membership_id, grade, price) 
    values
        (default, ?, ?)
Hibernate: 
    insert 
    into
        product
        (product_id, code, description, end_time, start_time, title) 
    values
        (default, ?, ?, ?, ?, ?)
Hibernate: 
    insert 
    into
        payment
        (payment_id, aid, cid, order_id, price, reg_date, sid, tid) 
    values
        (default, ?, ?, ?, ?, ?, ?, ?)
Hibernate: 
    insert 
    into
        membership_history
        (membmership_history_id, clean_use_num, counsel_use_num, end_date, membership_id, payment_id, reg_date, status, transport_use_num, user_id) 
    values
        (default, ?, ?, ?, ?, ?, ?, ?, ?, ?)
Hibernate: 
    insert 
    into
        membership_product
        (prodcut_membership_id, max_num, membership_id, product_id) 
    values
        (default, ?, ?, ?)
Hibernate: 
    select
        membership0_.membmership_history_id as membmers1_2_,
        membership0_.clean_use_num as clean_us2_2_,
        membership0_.counsel_use_num as counsel_3_2_,
        membership0_.end_date as end_date4_2_,
        membership0_.membership_id as membersh8_2_,
        membership0_.payment_id as payment_9_2_,
        membership0_.reg_date as reg_date5_2_,
        membership0_.status as status6_2_,
        membership0_.transport_use_num as transpor7_2_,
        membership0_.user_id as user_id10_2_ 
    from
        membership_history membership0_ 
    where
        membership0_.user_id=? 
        and membership0_.status='ORDER'
Hibernate: 
    select
        membership0_.max_num as col_0_0_ 
    from
        membership_product membership0_ cross 
    join
        product product1_ 
    where
        membership0_.product_id=product1_.product_id 
        and product1_.code=? 
        and membership0_.membership_id=?
Hibernate: 
    select
        reserve0_.reserve_id as reserve_1_7_0_,
        product1_.product_id as product_1_5_1_,
        reserve0_.address as address2_7_0_,
        reserve0_.detail_address as detail_a3_7_0_,
        reserve0_.extra_address as extra_ad4_7_0_,
        reserve0_.membership_history_id as members12_7_0_,
        reserve0_.name as name5_7_0_,
        reserve0_.phone_number as phone_nu6_7_0_,
        reserve0_.postcode as postcode7_7_0_,
        reserve0_.product_id as product13_7_0_,
        reserve0_.reg_date as reg_date8_7_0_,
        reserve0_.reserve_date as reserve_9_7_0_,
        reserve0_.reserve_status as reserve10_7_0_,
        reserve0_.reserve_time as reserve11_7_0_,
        product1_.code as code2_5_1_,
        product1_.description as descript3_5_1_,
        product1_.end_time as end_time4_5_1_,
        product1_.start_time as start_ti5_5_1_,
        product1_.title as title6_5_1_ 
    from
        reserve reserve0_ 
    inner join
        product product1_ 
            on reserve0_.product_id=product1_.product_id 
    where
        product1_.code=? 
        and reserve0_.reserve_date=? 
        and reserve0_.reserve_status=? 
        and reserve0_.reserve_time=?
Hibernate: 
    select
        membership0_.membmership_history_id as membmers1_2_,
        membership0_.clean_use_num as clean_us2_2_,
        membership0_.counsel_use_num as counsel_3_2_,
        membership0_.end_date as end_date4_2_,
        membership0_.membership_id as membersh8_2_,
        membership0_.payment_id as payment_9_2_,
        membership0_.reg_date as reg_date5_2_,
        membership0_.status as status6_2_,
        membership0_.transport_use_num as transpor7_2_,
        membership0_.user_id as user_id10_2_ 
    from
        membership_history membership0_ 
    where
        membership0_.user_id=? 
        and membership0_.status='ORDER'
Hibernate: 
    insert 
    into
        reserve
        (reserve_id, address, detail_address, extra_address, membership_history_id, name, phone_number, postcode, product_id, reg_date, reserve_date, reserve_status, reserve_time) 
    values
        (default, ?, ?, ?, ?, ?, ?, ?, ?, ?, ?, ?, ?)
Hibernate: 
    update
        membership_history 
    set
        clean_use_num=?,
        counsel_use_num=?,
        end_date=?,
        membership_id=?,
        payment_id=?,
        reg_date=?,
        status=?,
        transport_use_num=?,
        user_id=? 
    where
        membmership_history_id=?
Hibernate: 
    select
        membership0_.membmership_history_id as membmers1_2_,
        membership0_.clean_use_num as clean_us2_2_,
        membership0_.counsel_use_num as counsel_3_2_,
        membership0_.end_date as end_date4_2_,
        membership0_.membership_id as membersh8_2_,
        membership0_.payment_id as payment_9_2_,
        membership0_.reg_date as reg_date5_2_,
        membership0_.status as status6_2_,
        membership0_.transport_use_num as transpor7_2_,
        membership0_.user_id as user_id10_2_ 
    from
        membership_history membership0_ 
    where
        membership0_.user_id=? 
        and membership0_.status='ORDER'
Hibernate: 
    select
        membership0_.max_num as col_0_0_ 
    from
        membership_product membership0_ cross 
    join
        product product1_ 
    where
        membership0_.product_id=product1_.product_id 
        and product1_.code=? 
        and membership0_.membership_id=?
2022-10-16 00:40:56.013  INFO 4628 --- [    Test worker] o.s.t.c.transaction.TransactionContext   : Rolled back transaction for test: [DefaultTestContext@b7a74ac testClass = ReserveServiceTest, testInstance = com.example.care.reserve.service.ReserveServiceTest@9bec662, testMethod = reserveUseTest@ReserveServiceTest, testException = [null], mergedContextConfiguration = [WebMergedContextConfiguration@63c8d3da testClass = ReserveServiceTest, locations = '{}', classes = '{class com.example.care.CareApplication}', contextInitializerClasses = '[]', activeProfiles = '{}', propertySourceLocations = '{}', propertySourceProperties = '{org.springframework.boot.test.context.SpringBootTestContextBootstrapper=true}', contextCustomizers = set[org.springframework.boot.test.autoconfigure.actuate.metrics.MetricsExportContextCustomizerFactory$DisableMetricExportContextCustomizer@4a3329b9, org.springframework.boot.test.autoconfigure.properties.PropertyMappingContextCustomizer@0, org.springframework.boot.test.autoconfigure.web.servlet.WebDriverContextCustomizerFactory$Customizer@207ea13, org.springframework.boot.test.context.filter.ExcludeFilterContextCustomizer@56c9bbd8, org.springframework.boot.test.json.DuplicateJsonObjectContextCustomizerFactory$DuplicateJsonObjectContextCustomizer@12dae582, org.springframework.boot.test.mock.mockito.MockitoContextCustomizer@0, org.springframework.boot.test.web.client.TestRestTemplateContextCustomizer@1623134f, org.springframework.boot.test.web.reactive.server.WebTestClientContextCustomizer@2783717b, org.springframework.boot.test.context.SpringBootTestArgs@1, org.springframework.boot.test.context.SpringBootTestWebEnvironment@19b89d4], resourceBasePath = 'src/main/webapp', contextLoader = 'org.springframework.boot.test.context.SpringBootContextLoader', parent = [null]], attributes = map['org.springframework.test.context.web.ServletTestExecutionListener.activateListener' -> true, 'org.springframework.test.context.web.ServletTestExecutionListener.populatedRequestContextHolder' -> true, 'org.springframework.test.context.web.ServletTestExecutionListener.resetRequestContextHolder' -> true, 'org.springframework.test.context.event.ApplicationEventsTestExecutionListener.recordApplicationEvents' -> false]]
]]></system-out>
  <system-err><![CDATA[]]></system-err>
</testsuite>
