<?xml version="1.0" encoding="UTF-8"?>
<testsuite name="com.example.care.CareApplicationTests" tests="1" skipped="0" failures="0" errors="0" timestamp="2022-10-14T08:07:51" hostname="DESKTOP-SNBJQ4K" time="0.134">
  <properties/>
  <testcase name="contextLoads()" classname="com.example.care.CareApplicationTests" time="0.134"/>
  <system-out><![CDATA[17:07:42.068 [Test worker] DEBUG org.springframework.test.context.BootstrapUtils - Instantiating CacheAwareContextLoaderDelegate from class [org.springframework.test.context.cache.DefaultCacheAwareContextLoaderDelegate]
17:07:42.085 [Test worker] DEBUG org.springframework.test.context.BootstrapUtils - Instantiating BootstrapContext using constructor [public org.springframework.test.context.support.DefaultBootstrapContext(java.lang.Class,org.springframework.test.context.CacheAwareContextLoaderDelegate)]
17:07:42.139 [Test worker] DEBUG org.springframework.test.context.BootstrapUtils - Instantiating TestContextBootstrapper for test class [com.example.care.CareApplicationTests] from class [org.springframework.boot.test.context.SpringBootTestContextBootstrapper]
17:07:42.156 [Test worker] INFO org.springframework.boot.test.context.SpringBootTestContextBootstrapper - Neither @ContextConfiguration nor @ContextHierarchy found for test class [com.example.care.CareApplicationTests], using SpringBootContextLoader
17:07:42.162 [Test worker] DEBUG org.springframework.test.context.support.AbstractContextLoader - Did not detect default resource location for test class [com.example.care.CareApplicationTests]: class path resource [com/example/care/CareApplicationTests-context.xml] does not exist
17:07:42.163 [Test worker] DEBUG org.springframework.test.context.support.AbstractContextLoader - Did not detect default resource location for test class [com.example.care.CareApplicationTests]: class path resource [com/example/care/CareApplicationTestsContext.groovy] does not exist
17:07:42.163 [Test worker] INFO org.springframework.test.context.support.AbstractContextLoader - Could not detect default resource locations for test class [com.example.care.CareApplicationTests]: no resource found for suffixes {-context.xml, Context.groovy}.
17:07:42.164 [Test worker] INFO org.springframework.test.context.support.AnnotationConfigContextLoaderUtils - Could not detect default configuration classes for test class [com.example.care.CareApplicationTests]: CareApplicationTests does not declare any static, non-private, non-final, nested classes annotated with @Configuration.
17:07:42.250 [Test worker] DEBUG org.springframework.test.context.support.ActiveProfilesUtils - Could not find an 'annotation declaring class' for annotation type [org.springframework.test.context.ActiveProfiles] and class [com.example.care.CareApplicationTests]
17:07:42.385 [Test worker] DEBUG org.springframework.context.annotation.ClassPathScanningCandidateComponentProvider - Identified candidate component class: file [E:\care\build\classes\java\main\com\example\care\CareApplication.class]
17:07:42.387 [Test worker] INFO org.springframework.boot.test.context.SpringBootTestContextBootstrapper - Found @SpringBootConfiguration com.example.care.CareApplication for test class com.example.care.CareApplicationTests
17:07:42.549 [Test worker] DEBUG org.springframework.boot.test.context.SpringBootTestContextBootstrapper - @TestExecutionListeners is not present for class [com.example.care.CareApplicationTests]: using defaults.
17:07:42.550 [Test worker] INFO org.springframework.boot.test.context.SpringBootTestContextBootstrapper - Loaded default TestExecutionListener class names from location [META-INF/spring.factories]: [org.springframework.security.test.context.support.WithSecurityContextTestExecutionListener, org.springframework.security.test.context.support.ReactorContextTestExecutionListener, org.springframework.boot.test.autoconfigure.restdocs.RestDocsTestExecutionListener, org.springframework.boot.test.autoconfigure.web.client.MockRestServiceServerResetTestExecutionListener, org.springframework.boot.test.autoconfigure.web.servlet.MockMvcPrintOnlyOnFailureTestExecutionListener, org.springframework.boot.test.autoconfigure.web.servlet.WebDriverTestExecutionListener, org.springframework.boot.test.autoconfigure.webservices.client.MockWebServiceServerTestExecutionListener, org.springframework.boot.test.mock.mockito.MockitoTestExecutionListener, org.springframework.boot.test.mock.mockito.ResetMocksTestExecutionListener, org.springframework.test.context.web.ServletTestExecutionListener, org.springframework.test.context.support.DirtiesContextBeforeModesTestExecutionListener, org.springframework.test.context.event.ApplicationEventsTestExecutionListener, org.springframework.test.context.support.DependencyInjectionTestExecutionListener, org.springframework.test.context.support.DirtiesContextTestExecutionListener, org.springframework.test.context.transaction.TransactionalTestExecutionListener, org.springframework.test.context.jdbc.SqlScriptsTestExecutionListener, org.springframework.test.context.event.EventPublishingTestExecutionListener]
17:07:42.579 [Test worker] INFO org.springframework.boot.test.context.SpringBootTestContextBootstrapper - Using TestExecutionListeners: [org.springframework.test.context.web.ServletTestExecutionListener@55a8dc49, org.springframework.test.context.support.DirtiesContextBeforeModesTestExecutionListener@2a415aa9, org.springframework.test.context.event.ApplicationEventsTestExecutionListener@53cdecf6, org.springframework.boot.test.mock.mockito.MockitoTestExecutionListener@71ea1fda, org.springframework.boot.test.autoconfigure.SpringBootDependencyInjectionTestExecutionListener@62b3df3a, org.springframework.test.context.support.DirtiesContextTestExecutionListener@420745d7, org.springframework.test.context.transaction.TransactionalTestExecutionListener@7e11ab3d, org.springframework.test.context.jdbc.SqlScriptsTestExecutionListener@5fa47fea, org.springframework.security.test.context.support.WithSecurityContextTestExecutionListener@2392212b, org.springframework.test.context.event.EventPublishingTestExecutionListener@5b43e173, org.springframework.security.test.context.support.ReactorContextTestExecutionListener@28f8e165, org.springframework.boot.test.autoconfigure.restdocs.RestDocsTestExecutionListener@545f80bf, org.springframework.boot.test.autoconfigure.web.client.MockRestServiceServerResetTestExecutionListener@66f66866, org.springframework.boot.test.autoconfigure.web.servlet.MockMvcPrintOnlyOnFailureTestExecutionListener@22fa55b2, org.springframework.boot.test.autoconfigure.web.servlet.WebDriverTestExecutionListener@4d666b41, org.springframework.boot.test.autoconfigure.webservices.client.MockWebServiceServerTestExecutionListener@6594402a, org.springframework.boot.test.mock.mockito.ResetMocksTestExecutionListener@30f4b1a6]
17:07:42.584 [Test worker] DEBUG org.springframework.test.context.support.AbstractDirtiesContextTestExecutionListener - Before test class: context [DefaultTestContext@64a1923a testClass = CareApplicationTests, testInstance = [null], testMethod = [null], testException = [null], mergedContextConfiguration = [WebMergedContextConfiguration@7d2a6eac testClass = CareApplicationTests, locations = '{}', classes = '{class com.example.care.CareApplication}', contextInitializerClasses = '[]', activeProfiles = '{}', propertySourceLocations = '{}', propertySourceProperties = '{org.springframework.boot.test.context.SpringBootTestContextBootstrapper=true}', contextCustomizers = set[org.springframework.boot.test.autoconfigure.actuate.metrics.MetricsExportContextCustomizerFactory$DisableMetricExportContextCustomizer@3f363cf5, org.springframework.boot.test.autoconfigure.properties.PropertyMappingContextCustomizer@0, org.springframework.boot.test.autoconfigure.web.servlet.WebDriverContextCustomizerFactory$Customizer@a5b0b86, org.springframework.boot.test.context.filter.ExcludeFilterContextCustomizer@b968a76, org.springframework.boot.test.json.DuplicateJsonObjectContextCustomizerFactory$DuplicateJsonObjectContextCustomizer@1433046b, org.springframework.boot.test.mock.mockito.MockitoContextCustomizer@0, org.springframework.boot.test.web.client.TestRestTemplateContextCustomizer@2e54db99, org.springframework.boot.test.web.reactive.server.WebTestClientContextCustomizer@5b080f3a, org.springframework.boot.test.context.SpringBootTestArgs@1, org.springframework.boot.test.context.SpringBootTestWebEnvironment@479cbee5], resourceBasePath = 'src/main/webapp', contextLoader = 'org.springframework.boot.test.context.SpringBootContextLoader', parent = [null]], attributes = map['org.springframework.test.context.web.ServletTestExecutionListener.activateListener' -> true]], class annotated with @DirtiesContext [false] with mode [null].

  .   ____          _            __ _ _
 /\\ / ___'_ __ _ _(_)_ __  __ _ \ \ \ \
( ( )\___ | '_ | '_| | '_ \/ _` | \ \ \ \
 \\/  ___)| |_)| | | | | || (_| |  ) ) ) )
  '  |____| .__|_| |_|_| |_\__, | / / / /
 =========|_|==============|___/=/_/_/_/
 :: Spring Boot ::                (v2.7.3)

2022-10-14 17:07:43.142  INFO 15332 --- [    Test worker] com.example.care.CareApplicationTests    : Starting CareApplicationTests using Java 11.0.2 on DESKTOP-SNBJQ4K with PID 15332 (started by kwang in E:\care)
2022-10-14 17:07:43.143  INFO 15332 --- [    Test worker] com.example.care.CareApplicationTests    : The following 1 profile is active: "oauth"
2022-10-14 17:07:44.616  INFO 15332 --- [    Test worker] .s.d.r.c.RepositoryConfigurationDelegate : Bootstrapping Spring Data JPA repositories in DEFAULT mode.
2022-10-14 17:07:44.951  INFO 15332 --- [    Test worker] .s.d.r.c.RepositoryConfigurationDelegate : Finished Spring Data repository scanning in 324 ms. Found 10 JPA repository interfaces.
2022-10-14 17:07:45.811  INFO 15332 --- [    Test worker] o.hibernate.jpa.internal.util.LogHelper  : HHH000204: Processing PersistenceUnitInfo [name: default]
2022-10-14 17:07:45.887  INFO 15332 --- [    Test worker] org.hibernate.Version                    : HHH000412: Hibernate ORM core version 5.6.10.Final
2022-10-14 17:07:46.115  INFO 15332 --- [    Test worker] o.hibernate.annotations.common.Version   : HCANN000001: Hibernate Commons Annotations {5.1.2.Final}
2022-10-14 17:07:46.268  INFO 15332 --- [    Test worker] com.zaxxer.hikari.HikariDataSource       : HikariPool-1 - Starting...
2022-10-14 17:07:46.500  INFO 15332 --- [    Test worker] com.zaxxer.hikari.HikariDataSource       : HikariPool-1 - Start completed.
2022-10-14 17:07:46.549  INFO 15332 --- [    Test worker] org.hibernate.dialect.Dialect            : HHH000400: Using dialect: org.hibernate.dialect.H2Dialect
Hibernate: 
    
    drop table if exists board CASCADE 
Hibernate: 
    
    drop table if exists membership CASCADE 
Hibernate: 
    
    drop table if exists membership_history CASCADE 
Hibernate: 
    
    drop table if exists membership_product CASCADE 
Hibernate: 
    
    drop table if exists payment CASCADE 
Hibernate: 
    
    drop table if exists product CASCADE 
Hibernate: 
    
    drop table if exists reply CASCADE 
Hibernate: 
    
    drop table if exists reserve CASCADE 
Hibernate: 
    
    drop table if exists tid CASCADE 
Hibernate: 
    
    drop table if exists user CASCADE 
Hibernate: 
    
    create table board (
       board_id bigint generated by default as identity,
        content clob,
        mod_date timestamp,
        reg_date timestamp,
        reply_cnt integer not null,
        title varchar(255),
        view bigint not null,
        user_id bigint,
        primary key (board_id)
    )
Hibernate: 
    
    create table membership (
       membership_id bigint generated by default as identity,
        grade varchar(255),
        price integer,
        primary key (membership_id)
    )
Hibernate: 
    
    create table membership_history (
       membmership_history_id bigint generated by default as identity,
        clean_use_num integer,
        counsel_use_num integer,
        end_date date,
        reg_date timestamp,
        status varchar(255),
        transport_use_num integer,
        membership_id bigint not null,
        payment_id bigint not null,
        user_id bigint not null,
        primary key (membmership_history_id)
    )
Hibernate: 
    
    create table membership_product (
       prodcut_membership_id bigint generated by default as identity,
        max_num integer,
        membership_id bigint,
        product_id bigint,
        primary key (prodcut_membership_id)
    )
Hibernate: 
    
    create table payment (
       payment_id bigint generated by default as identity,
        aid varchar(255),
        cid varchar(255),
        order_id varchar(255),
        price integer,
        reg_date timestamp,
        sid varchar(255),
        tid varchar(255),
        primary key (payment_id)
    )
Hibernate: 
    
    create table product (
       product_id bigint generated by default as identity,
        code varchar(255),
        description clob,
        end_time integer,
        start_time integer,
        title varchar(255),
        primary key (product_id)
    )
Hibernate: 
    
    create table reply (
       reply_id bigint generated by default as identity,
        reg_date timestamp,
        text varchar(255),
        board_id bigint,
        parent_id bigint,
        user_id bigint,
        primary key (reply_id)
    )
Hibernate: 
    
    create table reserve (
       reserve_id bigint generated by default as identity,
        address varchar(255),
        detail_address varchar(255),
        extra_address varchar(255),
        name varchar(255),
        phone_number varchar(255),
        postcode varchar(255),
        reg_date timestamp,
        reserve_date date,
        reserve_status varchar(255),
        reserve_time integer,
        membership_history_id bigint,
        product_id bigint,
        primary key (reserve_id)
    )
Hibernate: 
    
    create table tid (
       tid_id bigint generated by default as identity,
        order_id varchar(255),
        tid varchar(255),
        primary key (tid_id)
    )
Hibernate: 
    
    create table user (
       user_id bigint generated by default as identity,
        email varchar(255),
        nickname varchar(255),
        password varchar(255),
        provider varchar(255),
        reg_date timestamp,
        role varchar(255),
        username varchar(255),
        primary key (user_id)
    )
Hibernate: 
    
    alter table membership_history 
       add constraint UK_s5egctn3nqjcyfxq2vku5ejoq unique (payment_id)
Hibernate: 
    
    alter table board 
       add constraint FKfyf1fchnby6hndhlfaidier1r 
       foreign key (user_id) 
       references user
Hibernate: 
    
    alter table membership_history 
       add constraint FK7oydu2olr7yx2q8bf7aegv5fv 
       foreign key (membership_id) 
       references membership
Hibernate: 
    
    alter table membership_history 
       add constraint FKdx6r7ea8f57ahbeq81ciaosr1 
       foreign key (payment_id) 
       references payment
Hibernate: 
    
    alter table membership_history 
       add constraint FKq1kn1k49eld8xpbmockv0nte9 
       foreign key (user_id) 
       references user
Hibernate: 
    
    alter table membership_product 
       add constraint FK8qamsn5sjbreysimnvuaaq9ko 
       foreign key (membership_id) 
       references membership
Hibernate: 
    
    alter table membership_product 
       add constraint FKjg07724exgavax1u4ap30wq93 
       foreign key (product_id) 
       references product
Hibernate: 
    
    alter table reply 
       add constraint FKcs9hiip0bv9xxfrgoj0lwv2dt 
       foreign key (board_id) 
       references board
Hibernate: 
    
    alter table reply 
       add constraint FK653lh98w5hv6139pt9s7ejyr8 
       foreign key (parent_id) 
       references reply
Hibernate: 
    
    alter table reply 
       add constraint FKapyyxlgntertu5okpkr685ir9 
       foreign key (user_id) 
       references user
Hibernate: 
    
    alter table reserve 
       add constraint FKm9tjujlh5c0uko5jw355ov5sn 
       foreign key (membership_history_id) 
       references membership_history
Hibernate: 
    
    alter table reserve 
       add constraint FKp94chr3q3kfhw7nj28xbrwtvd 
       foreign key (product_id) 
       references product
2022-10-14 17:07:47.797  INFO 15332 --- [    Test worker] o.h.e.t.j.p.i.JtaPlatformInitiator       : HHH000490: Using JtaPlatform implementation: [org.hibernate.engine.transaction.jta.platform.internal.NoJtaPlatform]
2022-10-14 17:07:47.807  INFO 15332 --- [    Test worker] j.LocalContainerEntityManagerFactoryBean : Initialized JPA EntityManagerFactory for persistence unit 'default'
2022-10-14 17:07:49.968  INFO 15332 --- [    Test worker] o.s.s.web.DefaultSecurityFilterChain     : Will secure any request with [org.springframework.security.web.session.DisableEncodeUrlFilter@57d1edf0, org.springframework.security.web.context.request.async.WebAsyncManagerIntegrationFilter@39adf4e6, org.springframework.security.web.context.SecurityContextPersistenceFilter@62109320, org.springframework.security.web.header.HeaderWriterFilter@63e54c66, org.springframework.security.web.authentication.logout.LogoutFilter@4feea86f, org.springframework.security.oauth2.client.web.OAuth2AuthorizationRequestRedirectFilter@50ba19df, org.springframework.security.oauth2.client.web.OAuth2LoginAuthenticationFilter@1ddf9fd, org.springframework.security.web.authentication.UsernamePasswordAuthenticationFilter@3a72517e, org.springframework.security.web.session.ConcurrentSessionFilter@59da4992, org.springframework.security.web.savedrequest.RequestCacheAwareFilter@50915d5, org.springframework.security.web.servletapi.SecurityContextHolderAwareRequestFilter@63661fc7, org.springframework.security.web.authentication.AnonymousAuthenticationFilter@73299197, org.springframework.security.web.session.SessionManagementFilter@4b19ee18, org.springframework.security.web.access.ExceptionTranslationFilter@6d7005e2, org.springframework.security.web.access.intercept.FilterSecurityInterceptor@4583a186]
2022-10-14 17:07:50.327  WARN 15332 --- [    Test worker] JpaBaseConfiguration$JpaWebConfiguration : spring.jpa.open-in-view is enabled by default. Therefore, database queries may be performed during view rendering. Explicitly configure spring.jpa.open-in-view to disable this warning
2022-10-14 17:07:50.613  INFO 15332 --- [    Test worker] o.s.b.a.w.s.WelcomePageHandlerMapping    : Adding welcome page template: index
2022-10-14 17:07:51.145  INFO 15332 --- [    Test worker] com.example.care.CareApplicationTests    : Started CareApplicationTests in 8.504 seconds (JVM running for 11.942)
]]></system-out>
  <system-err><![CDATA[]]></system-err>
</testsuite>
