<?xml version="1.0" encoding="UTF-8"?>
<testsuite name="com.example.care.board.service.BoardServiceTest" tests="7" skipped="0" failures="0" errors="0" timestamp="2022-10-15T15:40:47" hostname="care" time="2.133">
  <properties/>
  <testcase name="게시글 조회 테스트" classname="com.example.care.board.service.BoardServiceTest" time="0.584"/>
  <testcase name="페이징 목록 테스트" classname="com.example.care.board.service.BoardServiceTest" time="0.978"/>
  <testcase name="페이지네이션 데이터 한개 테스트" classname="com.example.care.board.service.BoardServiceTest" time="0.037"/>
  <testcase name="페이징 검색 테스트" classname="com.example.care.board.service.BoardServiceTest" time="0.422"/>
  <testcase name="게시글 삭제 테스트" classname="com.example.care.board.service.BoardServiceTest" time="0.045"/>
  <testcase name="게시글 작성 테스트" classname="com.example.care.board.service.BoardServiceTest" time="0.029"/>
  <testcase name="게시글 수정 테스트" classname="com.example.care.board.service.BoardServiceTest" time="0.019"/>
  <system-out><![CDATA[2022-10-16 00:40:47.127  INFO 4628 --- [    Test worker] .b.t.c.SpringBootTestContextBootstrapper : Neither @ContextConfiguration nor @ContextHierarchy found for test class [com.example.care.board.service.BoardServiceTest], using SpringBootContextLoader
2022-10-16 00:40:47.135  INFO 4628 --- [    Test worker] o.s.t.c.support.AbstractContextLoader    : Could not detect default resource locations for test class [com.example.care.board.service.BoardServiceTest]: no resource found for suffixes {-context.xml, Context.groovy}.
2022-10-16 00:40:47.136  INFO 4628 --- [    Test worker] t.c.s.AnnotationConfigContextLoaderUtils : Could not detect default configuration classes for test class [com.example.care.board.service.BoardServiceTest]: BoardServiceTest does not declare any static, non-private, non-final, nested classes annotated with @Configuration.
2022-10-16 00:40:47.163  INFO 4628 --- [    Test worker] .b.t.c.SpringBootTestContextBootstrapper : Found @SpringBootConfiguration com.example.care.CareApplication for test class com.example.care.board.service.BoardServiceTest
2022-10-16 00:40:47.168  INFO 4628 --- [    Test worker] .b.t.c.SpringBootTestContextBootstrapper : Loaded default TestExecutionListener class names from location [META-INF/spring.factories]: [org.springframework.security.test.context.support.WithSecurityContextTestExecutionListener, org.springframework.security.test.context.support.ReactorContextTestExecutionListener, org.springframework.boot.test.autoconfigure.restdocs.RestDocsTestExecutionListener, org.springframework.boot.test.autoconfigure.web.client.MockRestServiceServerResetTestExecutionListener, org.springframework.boot.test.autoconfigure.web.servlet.MockMvcPrintOnlyOnFailureTestExecutionListener, org.springframework.boot.test.autoconfigure.web.servlet.WebDriverTestExecutionListener, org.springframework.boot.test.autoconfigure.webservices.client.MockWebServiceServerTestExecutionListener, org.springframework.boot.test.mock.mockito.MockitoTestExecutionListener, org.springframework.boot.test.mock.mockito.ResetMocksTestExecutionListener, org.springframework.test.context.web.ServletTestExecutionListener, org.springframework.test.context.support.DirtiesContextBeforeModesTestExecutionListener, org.springframework.test.context.event.ApplicationEventsTestExecutionListener, org.springframework.test.context.support.DependencyInjectionTestExecutionListener, org.springframework.test.context.support.DirtiesContextTestExecutionListener, org.springframework.test.context.transaction.TransactionalTestExecutionListener, org.springframework.test.context.jdbc.SqlScriptsTestExecutionListener, org.springframework.test.context.event.EventPublishingTestExecutionListener]
2022-10-16 00:40:47.174  INFO 4628 --- [    Test worker] .b.t.c.SpringBootTestContextBootstrapper : Using TestExecutionListeners: [org.springframework.test.context.web.ServletTestExecutionListener@22120799, org.springframework.test.context.support.DirtiesContextBeforeModesTestExecutionListener@3adbfd16, org.springframework.test.context.event.ApplicationEventsTestExecutionListener@30587737, org.springframework.boot.test.mock.mockito.MockitoTestExecutionListener@5672920, org.springframework.boot.test.autoconfigure.SpringBootDependencyInjectionTestExecutionListener@377bc8da, org.springframework.test.context.support.DirtiesContextTestExecutionListener@522db06e, org.springframework.test.context.transaction.TransactionalTestExecutionListener@21bf94d3, org.springframework.test.context.jdbc.SqlScriptsTestExecutionListener@1dad97ed, org.springframework.security.test.context.support.WithSecurityContextTestExecutionListener@7479b19a, org.springframework.test.context.event.EventPublishingTestExecutionListener@4be8c1bb, org.springframework.security.test.context.support.ReactorContextTestExecutionListener@162ccd19, org.springframework.boot.test.autoconfigure.restdocs.RestDocsTestExecutionListener@674f22ce, org.springframework.boot.test.autoconfigure.web.client.MockRestServiceServerResetTestExecutionListener@5e83badc, org.springframework.boot.test.autoconfigure.web.servlet.MockMvcPrintOnlyOnFailureTestExecutionListener@53eb4dae, org.springframework.boot.test.autoconfigure.web.servlet.WebDriverTestExecutionListener@23df16cf, org.springframework.boot.test.autoconfigure.webservices.client.MockWebServiceServerTestExecutionListener@3d980928, org.springframework.boot.test.mock.mockito.ResetMocksTestExecutionListener@7e8e111d]
2022-10-16 00:40:47.235  INFO 4628 --- [    Test worker] o.s.t.c.transaction.TransactionContext   : Began transaction (1) for test context [DefaultTestContext@626967a0 testClass = BoardServiceTest, testInstance = com.example.care.board.service.BoardServiceTest@309e874, testMethod = readTest@BoardServiceTest, testException = [null], mergedContextConfiguration = [WebMergedContextConfiguration@5080c40e testClass = BoardServiceTest, locations = '{}', classes = '{class com.example.care.CareApplication}', contextInitializerClasses = '[]', activeProfiles = '{}', propertySourceLocations = '{}', propertySourceProperties = '{org.springframework.boot.test.context.SpringBootTestContextBootstrapper=true}', contextCustomizers = set[org.springframework.boot.test.autoconfigure.actuate.metrics.MetricsExportContextCustomizerFactory$DisableMetricExportContextCustomizer@4a3329b9, org.springframework.boot.test.autoconfigure.properties.PropertyMappingContextCustomizer@0, org.springframework.boot.test.autoconfigure.web.servlet.WebDriverContextCustomizerFactory$Customizer@207ea13, org.springframework.boot.test.context.filter.ExcludeFilterContextCustomizer@56c9bbd8, org.springframework.boot.test.json.DuplicateJsonObjectContextCustomizerFactory$DuplicateJsonObjectContextCustomizer@12dae582, org.springframework.boot.test.mock.mockito.MockitoContextCustomizer@0, org.springframework.boot.test.web.client.TestRestTemplateContextCustomizer@1623134f, org.springframework.boot.test.web.reactive.server.WebTestClientContextCustomizer@2783717b, org.springframework.boot.test.context.SpringBootTestArgs@1, org.springframework.boot.test.context.SpringBootTestWebEnvironment@19b89d4], resourceBasePath = 'src/main/webapp', contextLoader = 'org.springframework.boot.test.context.SpringBootContextLoader', parent = [null]], attributes = map['org.springframework.test.context.web.ServletTestExecutionListener.activateListener' -> true, 'org.springframework.test.context.web.ServletTestExecutionListener.populatedRequestContextHolder' -> true, 'org.springframework.test.context.web.ServletTestExecutionListener.resetRequestContextHolder' -> true, 'org.springframework.test.context.event.ApplicationEventsTestExecutionListener.recordApplicationEvents' -> false]]; transaction manager [org.springframework.orm.jpa.JpaTransactionManager@6f0124b5]; rollback [true]
Hibernate: 
    insert 
    into
        user
        (user_id, email, nickname, password, provider, reg_date, role, username) 
    values
        (default, ?, ?, ?, ?, ?, ?, ?)
Hibernate: 
    insert 
    into
        board
        (board_id, content, mod_date, reg_date, reply_cnt, title, user_id, view) 
    values
        (default, ?, ?, ?, ?, ?, ?, ?)
2022-10-16 00:40:47.778  INFO 4628 --- [    Test worker] o.s.t.c.transaction.TransactionContext   : Rolled back transaction for test: [DefaultTestContext@626967a0 testClass = BoardServiceTest, testInstance = com.example.care.board.service.BoardServiceTest@309e874, testMethod = readTest@BoardServiceTest, testException = [null], mergedContextConfiguration = [WebMergedContextConfiguration@5080c40e testClass = BoardServiceTest, locations = '{}', classes = '{class com.example.care.CareApplication}', contextInitializerClasses = '[]', activeProfiles = '{}', propertySourceLocations = '{}', propertySourceProperties = '{org.springframework.boot.test.context.SpringBootTestContextBootstrapper=true}', contextCustomizers = set[org.springframework.boot.test.autoconfigure.actuate.metrics.MetricsExportContextCustomizerFactory$DisableMetricExportContextCustomizer@4a3329b9, org.springframework.boot.test.autoconfigure.properties.PropertyMappingContextCustomizer@0, org.springframework.boot.test.autoconfigure.web.servlet.WebDriverContextCustomizerFactory$Customizer@207ea13, org.springframework.boot.test.context.filter.ExcludeFilterContextCustomizer@56c9bbd8, org.springframework.boot.test.json.DuplicateJsonObjectContextCustomizerFactory$DuplicateJsonObjectContextCustomizer@12dae582, org.springframework.boot.test.mock.mockito.MockitoContextCustomizer@0, org.springframework.boot.test.web.client.TestRestTemplateContextCustomizer@1623134f, org.springframework.boot.test.web.reactive.server.WebTestClientContextCustomizer@2783717b, org.springframework.boot.test.context.SpringBootTestArgs@1, org.springframework.boot.test.context.SpringBootTestWebEnvironment@19b89d4], resourceBasePath = 'src/main/webapp', contextLoader = 'org.springframework.boot.test.context.SpringBootContextLoader', parent = [null]], attributes = map['org.springframework.test.context.web.ServletTestExecutionListener.activateListener' -> true, 'org.springframework.test.context.web.ServletTestExecutionListener.populatedRequestContextHolder' -> true, 'org.springframework.test.context.web.ServletTestExecutionListener.resetRequestContextHolder' -> true, 'org.springframework.test.context.event.ApplicationEventsTestExecutionListener.recordApplicationEvents' -> false]]
2022-10-16 00:40:47.802  INFO 4628 --- [    Test worker] o.s.t.c.transaction.TransactionContext   : Began transaction (1) for test context [DefaultTestContext@626967a0 testClass = BoardServiceTest, testInstance = com.example.care.board.service.BoardServiceTest@3f02dc34, testMethod = paginationTest1@BoardServiceTest, testException = [null], mergedContextConfiguration = [WebMergedContextConfiguration@5080c40e testClass = BoardServiceTest, locations = '{}', classes = '{class com.example.care.CareApplication}', contextInitializerClasses = '[]', activeProfiles = '{}', propertySourceLocations = '{}', propertySourceProperties = '{org.springframework.boot.test.context.SpringBootTestContextBootstrapper=true}', contextCustomizers = set[org.springframework.boot.test.autoconfigure.actuate.metrics.MetricsExportContextCustomizerFactory$DisableMetricExportContextCustomizer@4a3329b9, org.springframework.boot.test.autoconfigure.properties.PropertyMappingContextCustomizer@0, org.springframework.boot.test.autoconfigure.web.servlet.WebDriverContextCustomizerFactory$Customizer@207ea13, org.springframework.boot.test.context.filter.ExcludeFilterContextCustomizer@56c9bbd8, org.springframework.boot.test.json.DuplicateJsonObjectContextCustomizerFactory$DuplicateJsonObjectContextCustomizer@12dae582, org.springframework.boot.test.mock.mockito.MockitoContextCustomizer@0, org.springframework.boot.test.web.client.TestRestTemplateContextCustomizer@1623134f, org.springframework.boot.test.web.reactive.server.WebTestClientContextCustomizer@2783717b, org.springframework.boot.test.context.SpringBootTestArgs@1, org.springframework.boot.test.context.SpringBootTestWebEnvironment@19b89d4], resourceBasePath = 'src/main/webapp', contextLoader = 'org.springframework.boot.test.context.SpringBootContextLoader', parent = [null]], attributes = map['org.springframework.test.context.web.ServletTestExecutionListener.activateListener' -> true, 'org.springframework.test.context.web.ServletTestExecutionListener.populatedRequestContextHolder' -> true, 'org.springframework.test.context.web.ServletTestExecutionListener.resetRequestContextHolder' -> true, 'org.springframework.test.context.event.ApplicationEventsTestExecutionListener.recordApplicationEvents' -> false]]; transaction manager [org.springframework.orm.jpa.JpaTransactionManager@6f0124b5]; rollback [true]
Hibernate: 
    insert 
    into
        user
        (user_id, email, nickname, password, provider, reg_date, role, username) 
    values
        (default, ?, ?, ?, ?, ?, ?, ?)
Hibernate: 
    insert 
    into
        board
        (board_id, content, mod_date, reg_date, reply_cnt, title, user_id, view) 
    values
        (default, ?, ?, ?, ?, ?, ?, ?)
Hibernate: 
    insert 
    into
        board
        (board_id, content, mod_date, reg_date, reply_cnt, title, user_id, view) 
    values
        (default, ?, ?, ?, ?, ?, ?, ?)
Hibernate: 
    insert 
    into
        board
        (board_id, content, mod_date, reg_date, reply_cnt, title, user_id, view) 
    values
        (default, ?, ?, ?, ?, ?, ?, ?)
Hibernate: 
    insert 
    into
        board
        (board_id, content, mod_date, reg_date, reply_cnt, title, user_id, view) 
    values
        (default, ?, ?, ?, ?, ?, ?, ?)
Hibernate: 
    insert 
    into
        board
        (board_id, content, mod_date, reg_date, reply_cnt, title, user_id, view) 
    values
        (default, ?, ?, ?, ?, ?, ?, ?)
Hibernate: 
    insert 
    into
        board
        (board_id, content, mod_date, reg_date, reply_cnt, title, user_id, view) 
    values
        (default, ?, ?, ?, ?, ?, ?, ?)
Hibernate: 
    insert 
    into
        board
        (board_id, content, mod_date, reg_date, reply_cnt, title, user_id, view) 
    values
        (default, ?, ?, ?, ?, ?, ?, ?)
Hibernate: 
    insert 
    into
        board
        (board_id, content, mod_date, reg_date, reply_cnt, title, user_id, view) 
    values
        (default, ?, ?, ?, ?, ?, ?, ?)
Hibernate: 
    insert 
    into
        board
        (board_id, content, mod_date, reg_date, reply_cnt, title, user_id, view) 
    values
        (default, ?, ?, ?, ?, ?, ?, ?)
Hibernate: 
    insert 
    into
        board
        (board_id, content, mod_date, reg_date, reply_cnt, title, user_id, view) 
    values
        (default, ?, ?, ?, ?, ?, ?, ?)
Hibernate: 
    insert 
    into
        board
        (board_id, content, mod_date, reg_date, reply_cnt, title, user_id, view) 
    values
        (default, ?, ?, ?, ?, ?, ?, ?)
Hibernate: 
    insert 
    into
        board
        (board_id, content, mod_date, reg_date, reply_cnt, title, user_id, view) 
    values
        (default, ?, ?, ?, ?, ?, ?, ?)
Hibernate: 
    insert 
    into
        board
        (board_id, content, mod_date, reg_date, reply_cnt, title, user_id, view) 
    values
        (default, ?, ?, ?, ?, ?, ?, ?)
Hibernate: 
    insert 
    into
        board
        (board_id, content, mod_date, reg_date, reply_cnt, title, user_id, view) 
    values
        (default, ?, ?, ?, ?, ?, ?, ?)
Hibernate: 
    insert 
    into
        board
        (board_id, content, mod_date, reg_date, reply_cnt, title, user_id, view) 
    values
        (default, ?, ?, ?, ?, ?, ?, ?)
Hibernate: 
    insert 
    into
        board
        (board_id, content, mod_date, reg_date, reply_cnt, title, user_id, view) 
    values
        (default, ?, ?, ?, ?, ?, ?, ?)
Hibernate: 
    insert 
    into
        board
        (board_id, content, mod_date, reg_date, reply_cnt, title, user_id, view) 
    values
        (default, ?, ?, ?, ?, ?, ?, ?)
Hibernate: 
    insert 
    into
        board
        (board_id, content, mod_date, reg_date, reply_cnt, title, user_id, view) 
    values
        (default, ?, ?, ?, ?, ?, ?, ?)
Hibernate: 
    insert 
    into
        board
        (board_id, content, mod_date, reg_date, reply_cnt, title, user_id, view) 
    values
        (default, ?, ?, ?, ?, ?, ?, ?)
Hibernate: 
    insert 
    into
        board
        (board_id, content, mod_date, reg_date, reply_cnt, title, user_id, view) 
    values
        (default, ?, ?, ?, ?, ?, ?, ?)
Hibernate: 
    insert 
    into
        board
        (board_id, content, mod_date, reg_date, reply_cnt, title, user_id, view) 
    values
        (default, ?, ?, ?, ?, ?, ?, ?)
Hibernate: 
    insert 
    into
        board
        (board_id, content, mod_date, reg_date, reply_cnt, title, user_id, view) 
    values
        (default, ?, ?, ?, ?, ?, ?, ?)
Hibernate: 
    insert 
    into
        board
        (board_id, content, mod_date, reg_date, reply_cnt, title, user_id, view) 
    values
        (default, ?, ?, ?, ?, ?, ?, ?)
Hibernate: 
    insert 
    into
        board
        (board_id, content, mod_date, reg_date, reply_cnt, title, user_id, view) 
    values
        (default, ?, ?, ?, ?, ?, ?, ?)
Hibernate: 
    insert 
    into
        board
        (board_id, content, mod_date, reg_date, reply_cnt, title, user_id, view) 
    values
        (default, ?, ?, ?, ?, ?, ?, ?)
Hibernate: 
    insert 
    into
        board
        (board_id, content, mod_date, reg_date, reply_cnt, title, user_id, view) 
    values
        (default, ?, ?, ?, ?, ?, ?, ?)
Hibernate: 
    insert 
    into
        board
        (board_id, content, mod_date, reg_date, reply_cnt, title, user_id, view) 
    values
        (default, ?, ?, ?, ?, ?, ?, ?)
Hibernate: 
    insert 
    into
        board
        (board_id, content, mod_date, reg_date, reply_cnt, title, user_id, view) 
    values
        (default, ?, ?, ?, ?, ?, ?, ?)
Hibernate: 
    insert 
    into
        board
        (board_id, content, mod_date, reg_date, reply_cnt, title, user_id, view) 
    values
        (default, ?, ?, ?, ?, ?, ?, ?)
Hibernate: 
    insert 
    into
        board
        (board_id, content, mod_date, reg_date, reply_cnt, title, user_id, view) 
    values
        (default, ?, ?, ?, ?, ?, ?, ?)
Hibernate: 
    insert 
    into
        board
        (board_id, content, mod_date, reg_date, reply_cnt, title, user_id, view) 
    values
        (default, ?, ?, ?, ?, ?, ?, ?)
Hibernate: 
    insert 
    into
        board
        (board_id, content, mod_date, reg_date, reply_cnt, title, user_id, view) 
    values
        (default, ?, ?, ?, ?, ?, ?, ?)
Hibernate: 
    insert 
    into
        board
        (board_id, content, mod_date, reg_date, reply_cnt, title, user_id, view) 
    values
        (default, ?, ?, ?, ?, ?, ?, ?)
Hibernate: 
    insert 
    into
        board
        (board_id, content, mod_date, reg_date, reply_cnt, title, user_id, view) 
    values
        (default, ?, ?, ?, ?, ?, ?, ?)
Hibernate: 
    insert 
    into
        board
        (board_id, content, mod_date, reg_date, reply_cnt, title, user_id, view) 
    values
        (default, ?, ?, ?, ?, ?, ?, ?)
Hibernate: 
    insert 
    into
        board
        (board_id, content, mod_date, reg_date, reply_cnt, title, user_id, view) 
    values
        (default, ?, ?, ?, ?, ?, ?, ?)
Hibernate: 
    insert 
    into
        board
        (board_id, content, mod_date, reg_date, reply_cnt, title, user_id, view) 
    values
        (default, ?, ?, ?, ?, ?, ?, ?)
Hibernate: 
    insert 
    into
        board
        (board_id, content, mod_date, reg_date, reply_cnt, title, user_id, view) 
    values
        (default, ?, ?, ?, ?, ?, ?, ?)
Hibernate: 
    insert 
    into
        board
        (board_id, content, mod_date, reg_date, reply_cnt, title, user_id, view) 
    values
        (default, ?, ?, ?, ?, ?, ?, ?)
Hibernate: 
    insert 
    into
        board
        (board_id, content, mod_date, reg_date, reply_cnt, title, user_id, view) 
    values
        (default, ?, ?, ?, ?, ?, ?, ?)
Hibernate: 
    insert 
    into
        board
        (board_id, content, mod_date, reg_date, reply_cnt, title, user_id, view) 
    values
        (default, ?, ?, ?, ?, ?, ?, ?)
Hibernate: 
    insert 
    into
        board
        (board_id, content, mod_date, reg_date, reply_cnt, title, user_id, view) 
    values
        (default, ?, ?, ?, ?, ?, ?, ?)
Hibernate: 
    insert 
    into
        board
        (board_id, content, mod_date, reg_date, reply_cnt, title, user_id, view) 
    values
        (default, ?, ?, ?, ?, ?, ?, ?)
Hibernate: 
    insert 
    into
        board
        (board_id, content, mod_date, reg_date, reply_cnt, title, user_id, view) 
    values
        (default, ?, ?, ?, ?, ?, ?, ?)
Hibernate: 
    insert 
    into
        board
        (board_id, content, mod_date, reg_date, reply_cnt, title, user_id, view) 
    values
        (default, ?, ?, ?, ?, ?, ?, ?)
Hibernate: 
    insert 
    into
        board
        (board_id, content, mod_date, reg_date, reply_cnt, title, user_id, view) 
    values
        (default, ?, ?, ?, ?, ?, ?, ?)
Hibernate: 
    insert 
    into
        board
        (board_id, content, mod_date, reg_date, reply_cnt, title, user_id, view) 
    values
        (default, ?, ?, ?, ?, ?, ?, ?)
Hibernate: 
    insert 
    into
        board
        (board_id, content, mod_date, reg_date, reply_cnt, title, user_id, view) 
    values
        (default, ?, ?, ?, ?, ?, ?, ?)
Hibernate: 
    insert 
    into
        board
        (board_id, content, mod_date, reg_date, reply_cnt, title, user_id, view) 
    values
        (default, ?, ?, ?, ?, ?, ?, ?)
Hibernate: 
    insert 
    into
        board
        (board_id, content, mod_date, reg_date, reply_cnt, title, user_id, view) 
    values
        (default, ?, ?, ?, ?, ?, ?, ?)
Hibernate: 
    insert 
    into
        board
        (board_id, content, mod_date, reg_date, reply_cnt, title, user_id, view) 
    values
        (default, ?, ?, ?, ?, ?, ?, ?)
Hibernate: 
    insert 
    into
        board
        (board_id, content, mod_date, reg_date, reply_cnt, title, user_id, view) 
    values
        (default, ?, ?, ?, ?, ?, ?, ?)
Hibernate: 
    insert 
    into
        board
        (board_id, content, mod_date, reg_date, reply_cnt, title, user_id, view) 
    values
        (default, ?, ?, ?, ?, ?, ?, ?)
Hibernate: 
    insert 
    into
        board
        (board_id, content, mod_date, reg_date, reply_cnt, title, user_id, view) 
    values
        (default, ?, ?, ?, ?, ?, ?, ?)
Hibernate: 
    insert 
    into
        board
        (board_id, content, mod_date, reg_date, reply_cnt, title, user_id, view) 
    values
        (default, ?, ?, ?, ?, ?, ?, ?)
Hibernate: 
    insert 
    into
        board
        (board_id, content, mod_date, reg_date, reply_cnt, title, user_id, view) 
    values
        (default, ?, ?, ?, ?, ?, ?, ?)
Hibernate: 
    insert 
    into
        board
        (board_id, content, mod_date, reg_date, reply_cnt, title, user_id, view) 
    values
        (default, ?, ?, ?, ?, ?, ?, ?)
Hibernate: 
    insert 
    into
        board
        (board_id, content, mod_date, reg_date, reply_cnt, title, user_id, view) 
    values
        (default, ?, ?, ?, ?, ?, ?, ?)
Hibernate: 
    insert 
    into
        board
        (board_id, content, mod_date, reg_date, reply_cnt, title, user_id, view) 
    values
        (default, ?, ?, ?, ?, ?, ?, ?)
Hibernate: 
    insert 
    into
        board
        (board_id, content, mod_date, reg_date, reply_cnt, title, user_id, view) 
    values
        (default, ?, ?, ?, ?, ?, ?, ?)
Hibernate: 
    insert 
    into
        board
        (board_id, content, mod_date, reg_date, reply_cnt, title, user_id, view) 
    values
        (default, ?, ?, ?, ?, ?, ?, ?)
Hibernate: 
    insert 
    into
        board
        (board_id, content, mod_date, reg_date, reply_cnt, title, user_id, view) 
    values
        (default, ?, ?, ?, ?, ?, ?, ?)
Hibernate: 
    insert 
    into
        board
        (board_id, content, mod_date, reg_date, reply_cnt, title, user_id, view) 
    values
        (default, ?, ?, ?, ?, ?, ?, ?)
Hibernate: 
    insert 
    into
        board
        (board_id, content, mod_date, reg_date, reply_cnt, title, user_id, view) 
    values
        (default, ?, ?, ?, ?, ?, ?, ?)
Hibernate: 
    insert 
    into
        board
        (board_id, content, mod_date, reg_date, reply_cnt, title, user_id, view) 
    values
        (default, ?, ?, ?, ?, ?, ?, ?)
Hibernate: 
    insert 
    into
        board
        (board_id, content, mod_date, reg_date, reply_cnt, title, user_id, view) 
    values
        (default, ?, ?, ?, ?, ?, ?, ?)
Hibernate: 
    insert 
    into
        board
        (board_id, content, mod_date, reg_date, reply_cnt, title, user_id, view) 
    values
        (default, ?, ?, ?, ?, ?, ?, ?)
Hibernate: 
    insert 
    into
        board
        (board_id, content, mod_date, reg_date, reply_cnt, title, user_id, view) 
    values
        (default, ?, ?, ?, ?, ?, ?, ?)
Hibernate: 
    insert 
    into
        board
        (board_id, content, mod_date, reg_date, reply_cnt, title, user_id, view) 
    values
        (default, ?, ?, ?, ?, ?, ?, ?)
Hibernate: 
    insert 
    into
        board
        (board_id, content, mod_date, reg_date, reply_cnt, title, user_id, view) 
    values
        (default, ?, ?, ?, ?, ?, ?, ?)
Hibernate: 
    insert 
    into
        board
        (board_id, content, mod_date, reg_date, reply_cnt, title, user_id, view) 
    values
        (default, ?, ?, ?, ?, ?, ?, ?)
Hibernate: 
    insert 
    into
        board
        (board_id, content, mod_date, reg_date, reply_cnt, title, user_id, view) 
    values
        (default, ?, ?, ?, ?, ?, ?, ?)
Hibernate: 
    insert 
    into
        board
        (board_id, content, mod_date, reg_date, reply_cnt, title, user_id, view) 
    values
        (default, ?, ?, ?, ?, ?, ?, ?)
Hibernate: 
    insert 
    into
        board
        (board_id, content, mod_date, reg_date, reply_cnt, title, user_id, view) 
    values
        (default, ?, ?, ?, ?, ?, ?, ?)
Hibernate: 
    insert 
    into
        board
        (board_id, content, mod_date, reg_date, reply_cnt, title, user_id, view) 
    values
        (default, ?, ?, ?, ?, ?, ?, ?)
Hibernate: 
    insert 
    into
        board
        (board_id, content, mod_date, reg_date, reply_cnt, title, user_id, view) 
    values
        (default, ?, ?, ?, ?, ?, ?, ?)
Hibernate: 
    insert 
    into
        board
        (board_id, content, mod_date, reg_date, reply_cnt, title, user_id, view) 
    values
        (default, ?, ?, ?, ?, ?, ?, ?)
Hibernate: 
    insert 
    into
        board
        (board_id, content, mod_date, reg_date, reply_cnt, title, user_id, view) 
    values
        (default, ?, ?, ?, ?, ?, ?, ?)
Hibernate: 
    insert 
    into
        board
        (board_id, content, mod_date, reg_date, reply_cnt, title, user_id, view) 
    values
        (default, ?, ?, ?, ?, ?, ?, ?)
Hibernate: 
    insert 
    into
        board
        (board_id, content, mod_date, reg_date, reply_cnt, title, user_id, view) 
    values
        (default, ?, ?, ?, ?, ?, ?, ?)
Hibernate: 
    insert 
    into
        board
        (board_id, content, mod_date, reg_date, reply_cnt, title, user_id, view) 
    values
        (default, ?, ?, ?, ?, ?, ?, ?)
Hibernate: 
    insert 
    into
        board
        (board_id, content, mod_date, reg_date, reply_cnt, title, user_id, view) 
    values
        (default, ?, ?, ?, ?, ?, ?, ?)
Hibernate: 
    insert 
    into
        board
        (board_id, content, mod_date, reg_date, reply_cnt, title, user_id, view) 
    values
        (default, ?, ?, ?, ?, ?, ?, ?)
Hibernate: 
    insert 
    into
        board
        (board_id, content, mod_date, reg_date, reply_cnt, title, user_id, view) 
    values
        (default, ?, ?, ?, ?, ?, ?, ?)
Hibernate: 
    insert 
    into
        board
        (board_id, content, mod_date, reg_date, reply_cnt, title, user_id, view) 
    values
        (default, ?, ?, ?, ?, ?, ?, ?)
Hibernate: 
    insert 
    into
        board
        (board_id, content, mod_date, reg_date, reply_cnt, title, user_id, view) 
    values
        (default, ?, ?, ?, ?, ?, ?, ?)
Hibernate: 
    insert 
    into
        board
        (board_id, content, mod_date, reg_date, reply_cnt, title, user_id, view) 
    values
        (default, ?, ?, ?, ?, ?, ?, ?)
Hibernate: 
    insert 
    into
        board
        (board_id, content, mod_date, reg_date, reply_cnt, title, user_id, view) 
    values
        (default, ?, ?, ?, ?, ?, ?, ?)
Hibernate: 
    insert 
    into
        board
        (board_id, content, mod_date, reg_date, reply_cnt, title, user_id, view) 
    values
        (default, ?, ?, ?, ?, ?, ?, ?)
Hibernate: 
    insert 
    into
        board
        (board_id, content, mod_date, reg_date, reply_cnt, title, user_id, view) 
    values
        (default, ?, ?, ?, ?, ?, ?, ?)
Hibernate: 
    insert 
    into
        board
        (board_id, content, mod_date, reg_date, reply_cnt, title, user_id, view) 
    values
        (default, ?, ?, ?, ?, ?, ?, ?)
Hibernate: 
    insert 
    into
        board
        (board_id, content, mod_date, reg_date, reply_cnt, title, user_id, view) 
    values
        (default, ?, ?, ?, ?, ?, ?, ?)
Hibernate: 
    insert 
    into
        board
        (board_id, content, mod_date, reg_date, reply_cnt, title, user_id, view) 
    values
        (default, ?, ?, ?, ?, ?, ?, ?)
Hibernate: 
    insert 
    into
        board
        (board_id, content, mod_date, reg_date, reply_cnt, title, user_id, view) 
    values
        (default, ?, ?, ?, ?, ?, ?, ?)
Hibernate: 
    insert 
    into
        board
        (board_id, content, mod_date, reg_date, reply_cnt, title, user_id, view) 
    values
        (default, ?, ?, ?, ?, ?, ?, ?)
Hibernate: 
    insert 
    into
        board
        (board_id, content, mod_date, reg_date, reply_cnt, title, user_id, view) 
    values
        (default, ?, ?, ?, ?, ?, ?, ?)
Hibernate: 
    insert 
    into
        board
        (board_id, content, mod_date, reg_date, reply_cnt, title, user_id, view) 
    values
        (default, ?, ?, ?, ?, ?, ?, ?)
Hibernate: 
    insert 
    into
        board
        (board_id, content, mod_date, reg_date, reply_cnt, title, user_id, view) 
    values
        (default, ?, ?, ?, ?, ?, ?, ?)
Hibernate: 
    insert 
    into
        board
        (board_id, content, mod_date, reg_date, reply_cnt, title, user_id, view) 
    values
        (default, ?, ?, ?, ?, ?, ?, ?)
Hibernate: 
    insert 
    into
        board
        (board_id, content, mod_date, reg_date, reply_cnt, title, user_id, view) 
    values
        (default, ?, ?, ?, ?, ?, ?, ?)
Hibernate: 
    insert 
    into
        board
        (board_id, content, mod_date, reg_date, reply_cnt, title, user_id, view) 
    values
        (default, ?, ?, ?, ?, ?, ?, ?)
Hibernate: 
    select
        board0_.board_id as board_id1_0_0_,
        user1_.user_id as user_id1_9_1_,
        board0_.content as content2_0_0_,
        board0_.mod_date as mod_date3_0_0_,
        board0_.reg_date as reg_date4_0_0_,
        board0_.reply_cnt as reply_cn5_0_0_,
        board0_.title as title6_0_0_,
        board0_.user_id as user_id8_0_0_,
        board0_.view as view7_0_0_,
        user1_.email as email2_9_1_,
        user1_.nickname as nickname3_9_1_,
        user1_.password as password4_9_1_,
        user1_.provider as provider5_9_1_,
        user1_.reg_date as reg_date6_9_1_,
        user1_.role as role7_9_1_,
        user1_.username as username8_9_1_ 
    from
        board board0_ 
    inner join
        user user1_ 
            on board0_.user_id=user1_.user_id 
    order by
        board0_.board_id desc limit ?
Hibernate: 
    select
        count(board0_.board_id) as col_0_0_ 
    from
        board board0_
2022-10-16 00:40:48.761  INFO 4628 --- [    Test worker] o.s.t.c.transaction.TransactionContext   : Rolled back transaction for test: [DefaultTestContext@626967a0 testClass = BoardServiceTest, testInstance = com.example.care.board.service.BoardServiceTest@3f02dc34, testMethod = paginationTest1@BoardServiceTest, testException = [null], mergedContextConfiguration = [WebMergedContextConfiguration@5080c40e testClass = BoardServiceTest, locations = '{}', classes = '{class com.example.care.CareApplication}', contextInitializerClasses = '[]', activeProfiles = '{}', propertySourceLocations = '{}', propertySourceProperties = '{org.springframework.boot.test.context.SpringBootTestContextBootstrapper=true}', contextCustomizers = set[org.springframework.boot.test.autoconfigure.actuate.metrics.MetricsExportContextCustomizerFactory$DisableMetricExportContextCustomizer@4a3329b9, org.springframework.boot.test.autoconfigure.properties.PropertyMappingContextCustomizer@0, org.springframework.boot.test.autoconfigure.web.servlet.WebDriverContextCustomizerFactory$Customizer@207ea13, org.springframework.boot.test.context.filter.ExcludeFilterContextCustomizer@56c9bbd8, org.springframework.boot.test.json.DuplicateJsonObjectContextCustomizerFactory$DuplicateJsonObjectContextCustomizer@12dae582, org.springframework.boot.test.mock.mockito.MockitoContextCustomizer@0, org.springframework.boot.test.web.client.TestRestTemplateContextCustomizer@1623134f, org.springframework.boot.test.web.reactive.server.WebTestClientContextCustomizer@2783717b, org.springframework.boot.test.context.SpringBootTestArgs@1, org.springframework.boot.test.context.SpringBootTestWebEnvironment@19b89d4], resourceBasePath = 'src/main/webapp', contextLoader = 'org.springframework.boot.test.context.SpringBootContextLoader', parent = [null]], attributes = map['org.springframework.test.context.web.ServletTestExecutionListener.activateListener' -> true, 'org.springframework.test.context.web.ServletTestExecutionListener.populatedRequestContextHolder' -> true, 'org.springframework.test.context.web.ServletTestExecutionListener.resetRequestContextHolder' -> true, 'org.springframework.test.context.event.ApplicationEventsTestExecutionListener.recordApplicationEvents' -> false]]
2022-10-16 00:40:48.772  INFO 4628 --- [    Test worker] o.s.t.c.transaction.TransactionContext   : Began transaction (1) for test context [DefaultTestContext@626967a0 testClass = BoardServiceTest, testInstance = com.example.care.board.service.BoardServiceTest@62509b77, testMethod = paginationTest2@BoardServiceTest, testException = [null], mergedContextConfiguration = [WebMergedContextConfiguration@5080c40e testClass = BoardServiceTest, locations = '{}', classes = '{class com.example.care.CareApplication}', contextInitializerClasses = '[]', activeProfiles = '{}', propertySourceLocations = '{}', propertySourceProperties = '{org.springframework.boot.test.context.SpringBootTestContextBootstrapper=true}', contextCustomizers = set[org.springframework.boot.test.autoconfigure.actuate.metrics.MetricsExportContextCustomizerFactory$DisableMetricExportContextCustomizer@4a3329b9, org.springframework.boot.test.autoconfigure.properties.PropertyMappingContextCustomizer@0, org.springframework.boot.test.autoconfigure.web.servlet.WebDriverContextCustomizerFactory$Customizer@207ea13, org.springframework.boot.test.context.filter.ExcludeFilterContextCustomizer@56c9bbd8, org.springframework.boot.test.json.DuplicateJsonObjectContextCustomizerFactory$DuplicateJsonObjectContextCustomizer@12dae582, org.springframework.boot.test.mock.mockito.MockitoContextCustomizer@0, org.springframework.boot.test.web.client.TestRestTemplateContextCustomizer@1623134f, org.springframework.boot.test.web.reactive.server.WebTestClientContextCustomizer@2783717b, org.springframework.boot.test.context.SpringBootTestArgs@1, org.springframework.boot.test.context.SpringBootTestWebEnvironment@19b89d4], resourceBasePath = 'src/main/webapp', contextLoader = 'org.springframework.boot.test.context.SpringBootContextLoader', parent = [null]], attributes = map['org.springframework.test.context.web.ServletTestExecutionListener.activateListener' -> true, 'org.springframework.test.context.web.ServletTestExecutionListener.populatedRequestContextHolder' -> true, 'org.springframework.test.context.web.ServletTestExecutionListener.resetRequestContextHolder' -> true, 'org.springframework.test.context.event.ApplicationEventsTestExecutionListener.recordApplicationEvents' -> false]]; transaction manager [org.springframework.orm.jpa.JpaTransactionManager@6f0124b5]; rollback [true]
Hibernate: 
    insert 
    into
        user
        (user_id, email, nickname, password, provider, reg_date, role, username) 
    values
        (default, ?, ?, ?, ?, ?, ?, ?)
Hibernate: 
    insert 
    into
        board
        (board_id, content, mod_date, reg_date, reply_cnt, title, user_id, view) 
    values
        (default, ?, ?, ?, ?, ?, ?, ?)
Hibernate: 
    select
        board0_.board_id as board_id1_0_0_,
        user1_.user_id as user_id1_9_1_,
        board0_.content as content2_0_0_,
        board0_.mod_date as mod_date3_0_0_,
        board0_.reg_date as reg_date4_0_0_,
        board0_.reply_cnt as reply_cn5_0_0_,
        board0_.title as title6_0_0_,
        board0_.user_id as user_id8_0_0_,
        board0_.view as view7_0_0_,
        user1_.email as email2_9_1_,
        user1_.nickname as nickname3_9_1_,
        user1_.password as password4_9_1_,
        user1_.provider as provider5_9_1_,
        user1_.reg_date as reg_date6_9_1_,
        user1_.role as role7_9_1_,
        user1_.username as username8_9_1_ 
    from
        board board0_ 
    inner join
        user user1_ 
            on board0_.user_id=user1_.user_id 
    order by
        board0_.board_id desc limit ?
Hibernate: 
    select
        count(board0_.board_id) as col_0_0_ 
    from
        board board0_
2022-10-16 00:40:48.802  INFO 4628 --- [    Test worker] o.s.t.c.transaction.TransactionContext   : Rolled back transaction for test: [DefaultTestContext@626967a0 testClass = BoardServiceTest, testInstance = com.example.care.board.service.BoardServiceTest@62509b77, testMethod = paginationTest2@BoardServiceTest, testException = [null], mergedContextConfiguration = [WebMergedContextConfiguration@5080c40e testClass = BoardServiceTest, locations = '{}', classes = '{class com.example.care.CareApplication}', contextInitializerClasses = '[]', activeProfiles = '{}', propertySourceLocations = '{}', propertySourceProperties = '{org.springframework.boot.test.context.SpringBootTestContextBootstrapper=true}', contextCustomizers = set[org.springframework.boot.test.autoconfigure.actuate.metrics.MetricsExportContextCustomizerFactory$DisableMetricExportContextCustomizer@4a3329b9, org.springframework.boot.test.autoconfigure.properties.PropertyMappingContextCustomizer@0, org.springframework.boot.test.autoconfigure.web.servlet.WebDriverContextCustomizerFactory$Customizer@207ea13, org.springframework.boot.test.context.filter.ExcludeFilterContextCustomizer@56c9bbd8, org.springframework.boot.test.json.DuplicateJsonObjectContextCustomizerFactory$DuplicateJsonObjectContextCustomizer@12dae582, org.springframework.boot.test.mock.mockito.MockitoContextCustomizer@0, org.springframework.boot.test.web.client.TestRestTemplateContextCustomizer@1623134f, org.springframework.boot.test.web.reactive.server.WebTestClientContextCustomizer@2783717b, org.springframework.boot.test.context.SpringBootTestArgs@1, org.springframework.boot.test.context.SpringBootTestWebEnvironment@19b89d4], resourceBasePath = 'src/main/webapp', contextLoader = 'org.springframework.boot.test.context.SpringBootContextLoader', parent = [null]], attributes = map['org.springframework.test.context.web.ServletTestExecutionListener.activateListener' -> true, 'org.springframework.test.context.web.ServletTestExecutionListener.populatedRequestContextHolder' -> true, 'org.springframework.test.context.web.ServletTestExecutionListener.resetRequestContextHolder' -> true, 'org.springframework.test.context.event.ApplicationEventsTestExecutionListener.recordApplicationEvents' -> false]]
2022-10-16 00:40:48.815  INFO 4628 --- [    Test worker] o.s.t.c.transaction.TransactionContext   : Began transaction (1) for test context [DefaultTestContext@626967a0 testClass = BoardServiceTest, testInstance = com.example.care.board.service.BoardServiceTest@2620d0dc, testMethod = paginationTest3@BoardServiceTest, testException = [null], mergedContextConfiguration = [WebMergedContextConfiguration@5080c40e testClass = BoardServiceTest, locations = '{}', classes = '{class com.example.care.CareApplication}', contextInitializerClasses = '[]', activeProfiles = '{}', propertySourceLocations = '{}', propertySourceProperties = '{org.springframework.boot.test.context.SpringBootTestContextBootstrapper=true}', contextCustomizers = set[org.springframework.boot.test.autoconfigure.actuate.metrics.MetricsExportContextCustomizerFactory$DisableMetricExportContextCustomizer@4a3329b9, org.springframework.boot.test.autoconfigure.properties.PropertyMappingContextCustomizer@0, org.springframework.boot.test.autoconfigure.web.servlet.WebDriverContextCustomizerFactory$Customizer@207ea13, org.springframework.boot.test.context.filter.ExcludeFilterContextCustomizer@56c9bbd8, org.springframework.boot.test.json.DuplicateJsonObjectContextCustomizerFactory$DuplicateJsonObjectContextCustomizer@12dae582, org.springframework.boot.test.mock.mockito.MockitoContextCustomizer@0, org.springframework.boot.test.web.client.TestRestTemplateContextCustomizer@1623134f, org.springframework.boot.test.web.reactive.server.WebTestClientContextCustomizer@2783717b, org.springframework.boot.test.context.SpringBootTestArgs@1, org.springframework.boot.test.context.SpringBootTestWebEnvironment@19b89d4], resourceBasePath = 'src/main/webapp', contextLoader = 'org.springframework.boot.test.context.SpringBootContextLoader', parent = [null]], attributes = map['org.springframework.test.context.web.ServletTestExecutionListener.activateListener' -> true, 'org.springframework.test.context.web.ServletTestExecutionListener.populatedRequestContextHolder' -> true, 'org.springframework.test.context.web.ServletTestExecutionListener.resetRequestContextHolder' -> true, 'org.springframework.test.context.event.ApplicationEventsTestExecutionListener.recordApplicationEvents' -> false]]; transaction manager [org.springframework.orm.jpa.JpaTransactionManager@6f0124b5]; rollback [true]
Hibernate: 
    insert 
    into
        user
        (user_id, email, nickname, password, provider, reg_date, role, username) 
    values
        (default, ?, ?, ?, ?, ?, ?, ?)
Hibernate: 
    insert 
    into
        board
        (board_id, content, mod_date, reg_date, reply_cnt, title, user_id, view) 
    values
        (default, ?, ?, ?, ?, ?, ?, ?)
Hibernate: 
    insert 
    into
        board
        (board_id, content, mod_date, reg_date, reply_cnt, title, user_id, view) 
    values
        (default, ?, ?, ?, ?, ?, ?, ?)
Hibernate: 
    insert 
    into
        board
        (board_id, content, mod_date, reg_date, reply_cnt, title, user_id, view) 
    values
        (default, ?, ?, ?, ?, ?, ?, ?)
Hibernate: 
    insert 
    into
        board
        (board_id, content, mod_date, reg_date, reply_cnt, title, user_id, view) 
    values
        (default, ?, ?, ?, ?, ?, ?, ?)
Hibernate: 
    insert 
    into
        board
        (board_id, content, mod_date, reg_date, reply_cnt, title, user_id, view) 
    values
        (default, ?, ?, ?, ?, ?, ?, ?)
Hibernate: 
    insert 
    into
        board
        (board_id, content, mod_date, reg_date, reply_cnt, title, user_id, view) 
    values
        (default, ?, ?, ?, ?, ?, ?, ?)
Hibernate: 
    insert 
    into
        board
        (board_id, content, mod_date, reg_date, reply_cnt, title, user_id, view) 
    values
        (default, ?, ?, ?, ?, ?, ?, ?)
Hibernate: 
    insert 
    into
        board
        (board_id, content, mod_date, reg_date, reply_cnt, title, user_id, view) 
    values
        (default, ?, ?, ?, ?, ?, ?, ?)
Hibernate: 
    insert 
    into
        board
        (board_id, content, mod_date, reg_date, reply_cnt, title, user_id, view) 
    values
        (default, ?, ?, ?, ?, ?, ?, ?)
Hibernate: 
    insert 
    into
        board
        (board_id, content, mod_date, reg_date, reply_cnt, title, user_id, view) 
    values
        (default, ?, ?, ?, ?, ?, ?, ?)
Hibernate: 
    insert 
    into
        board
        (board_id, content, mod_date, reg_date, reply_cnt, title, user_id, view) 
    values
        (default, ?, ?, ?, ?, ?, ?, ?)
Hibernate: 
    insert 
    into
        board
        (board_id, content, mod_date, reg_date, reply_cnt, title, user_id, view) 
    values
        (default, ?, ?, ?, ?, ?, ?, ?)
Hibernate: 
    insert 
    into
        board
        (board_id, content, mod_date, reg_date, reply_cnt, title, user_id, view) 
    values
        (default, ?, ?, ?, ?, ?, ?, ?)
Hibernate: 
    insert 
    into
        board
        (board_id, content, mod_date, reg_date, reply_cnt, title, user_id, view) 
    values
        (default, ?, ?, ?, ?, ?, ?, ?)
Hibernate: 
    insert 
    into
        board
        (board_id, content, mod_date, reg_date, reply_cnt, title, user_id, view) 
    values
        (default, ?, ?, ?, ?, ?, ?, ?)
Hibernate: 
    insert 
    into
        board
        (board_id, content, mod_date, reg_date, reply_cnt, title, user_id, view) 
    values
        (default, ?, ?, ?, ?, ?, ?, ?)
Hibernate: 
    insert 
    into
        board
        (board_id, content, mod_date, reg_date, reply_cnt, title, user_id, view) 
    values
        (default, ?, ?, ?, ?, ?, ?, ?)
Hibernate: 
    insert 
    into
        board
        (board_id, content, mod_date, reg_date, reply_cnt, title, user_id, view) 
    values
        (default, ?, ?, ?, ?, ?, ?, ?)
Hibernate: 
    insert 
    into
        board
        (board_id, content, mod_date, reg_date, reply_cnt, title, user_id, view) 
    values
        (default, ?, ?, ?, ?, ?, ?, ?)
Hibernate: 
    insert 
    into
        board
        (board_id, content, mod_date, reg_date, reply_cnt, title, user_id, view) 
    values
        (default, ?, ?, ?, ?, ?, ?, ?)
Hibernate: 
    insert 
    into
        board
        (board_id, content, mod_date, reg_date, reply_cnt, title, user_id, view) 
    values
        (default, ?, ?, ?, ?, ?, ?, ?)
Hibernate: 
    insert 
    into
        board
        (board_id, content, mod_date, reg_date, reply_cnt, title, user_id, view) 
    values
        (default, ?, ?, ?, ?, ?, ?, ?)
Hibernate: 
    insert 
    into
        board
        (board_id, content, mod_date, reg_date, reply_cnt, title, user_id, view) 
    values
        (default, ?, ?, ?, ?, ?, ?, ?)
Hibernate: 
    insert 
    into
        board
        (board_id, content, mod_date, reg_date, reply_cnt, title, user_id, view) 
    values
        (default, ?, ?, ?, ?, ?, ?, ?)
Hibernate: 
    insert 
    into
        board
        (board_id, content, mod_date, reg_date, reply_cnt, title, user_id, view) 
    values
        (default, ?, ?, ?, ?, ?, ?, ?)
Hibernate: 
    insert 
    into
        board
        (board_id, content, mod_date, reg_date, reply_cnt, title, user_id, view) 
    values
        (default, ?, ?, ?, ?, ?, ?, ?)
Hibernate: 
    insert 
    into
        board
        (board_id, content, mod_date, reg_date, reply_cnt, title, user_id, view) 
    values
        (default, ?, ?, ?, ?, ?, ?, ?)
Hibernate: 
    insert 
    into
        board
        (board_id, content, mod_date, reg_date, reply_cnt, title, user_id, view) 
    values
        (default, ?, ?, ?, ?, ?, ?, ?)
Hibernate: 
    insert 
    into
        board
        (board_id, content, mod_date, reg_date, reply_cnt, title, user_id, view) 
    values
        (default, ?, ?, ?, ?, ?, ?, ?)
Hibernate: 
    insert 
    into
        board
        (board_id, content, mod_date, reg_date, reply_cnt, title, user_id, view) 
    values
        (default, ?, ?, ?, ?, ?, ?, ?)
Hibernate: 
    insert 
    into
        board
        (board_id, content, mod_date, reg_date, reply_cnt, title, user_id, view) 
    values
        (default, ?, ?, ?, ?, ?, ?, ?)
Hibernate: 
    insert 
    into
        board
        (board_id, content, mod_date, reg_date, reply_cnt, title, user_id, view) 
    values
        (default, ?, ?, ?, ?, ?, ?, ?)
Hibernate: 
    insert 
    into
        board
        (board_id, content, mod_date, reg_date, reply_cnt, title, user_id, view) 
    values
        (default, ?, ?, ?, ?, ?, ?, ?)
Hibernate: 
    insert 
    into
        board
        (board_id, content, mod_date, reg_date, reply_cnt, title, user_id, view) 
    values
        (default, ?, ?, ?, ?, ?, ?, ?)
Hibernate: 
    insert 
    into
        board
        (board_id, content, mod_date, reg_date, reply_cnt, title, user_id, view) 
    values
        (default, ?, ?, ?, ?, ?, ?, ?)
Hibernate: 
    insert 
    into
        board
        (board_id, content, mod_date, reg_date, reply_cnt, title, user_id, view) 
    values
        (default, ?, ?, ?, ?, ?, ?, ?)
Hibernate: 
    insert 
    into
        board
        (board_id, content, mod_date, reg_date, reply_cnt, title, user_id, view) 
    values
        (default, ?, ?, ?, ?, ?, ?, ?)
Hibernate: 
    insert 
    into
        board
        (board_id, content, mod_date, reg_date, reply_cnt, title, user_id, view) 
    values
        (default, ?, ?, ?, ?, ?, ?, ?)
Hibernate: 
    insert 
    into
        board
        (board_id, content, mod_date, reg_date, reply_cnt, title, user_id, view) 
    values
        (default, ?, ?, ?, ?, ?, ?, ?)
Hibernate: 
    insert 
    into
        board
        (board_id, content, mod_date, reg_date, reply_cnt, title, user_id, view) 
    values
        (default, ?, ?, ?, ?, ?, ?, ?)
Hibernate: 
    insert 
    into
        board
        (board_id, content, mod_date, reg_date, reply_cnt, title, user_id, view) 
    values
        (default, ?, ?, ?, ?, ?, ?, ?)
Hibernate: 
    insert 
    into
        board
        (board_id, content, mod_date, reg_date, reply_cnt, title, user_id, view) 
    values
        (default, ?, ?, ?, ?, ?, ?, ?)
Hibernate: 
    insert 
    into
        board
        (board_id, content, mod_date, reg_date, reply_cnt, title, user_id, view) 
    values
        (default, ?, ?, ?, ?, ?, ?, ?)
Hibernate: 
    insert 
    into
        board
        (board_id, content, mod_date, reg_date, reply_cnt, title, user_id, view) 
    values
        (default, ?, ?, ?, ?, ?, ?, ?)
Hibernate: 
    insert 
    into
        board
        (board_id, content, mod_date, reg_date, reply_cnt, title, user_id, view) 
    values
        (default, ?, ?, ?, ?, ?, ?, ?)
Hibernate: 
    insert 
    into
        board
        (board_id, content, mod_date, reg_date, reply_cnt, title, user_id, view) 
    values
        (default, ?, ?, ?, ?, ?, ?, ?)
Hibernate: 
    insert 
    into
        board
        (board_id, content, mod_date, reg_date, reply_cnt, title, user_id, view) 
    values
        (default, ?, ?, ?, ?, ?, ?, ?)
Hibernate: 
    insert 
    into
        board
        (board_id, content, mod_date, reg_date, reply_cnt, title, user_id, view) 
    values
        (default, ?, ?, ?, ?, ?, ?, ?)
Hibernate: 
    insert 
    into
        board
        (board_id, content, mod_date, reg_date, reply_cnt, title, user_id, view) 
    values
        (default, ?, ?, ?, ?, ?, ?, ?)
Hibernate: 
    insert 
    into
        board
        (board_id, content, mod_date, reg_date, reply_cnt, title, user_id, view) 
    values
        (default, ?, ?, ?, ?, ?, ?, ?)
Hibernate: 
    insert 
    into
        board
        (board_id, content, mod_date, reg_date, reply_cnt, title, user_id, view) 
    values
        (default, ?, ?, ?, ?, ?, ?, ?)
Hibernate: 
    insert 
    into
        board
        (board_id, content, mod_date, reg_date, reply_cnt, title, user_id, view) 
    values
        (default, ?, ?, ?, ?, ?, ?, ?)
Hibernate: 
    insert 
    into
        board
        (board_id, content, mod_date, reg_date, reply_cnt, title, user_id, view) 
    values
        (default, ?, ?, ?, ?, ?, ?, ?)
Hibernate: 
    insert 
    into
        board
        (board_id, content, mod_date, reg_date, reply_cnt, title, user_id, view) 
    values
        (default, ?, ?, ?, ?, ?, ?, ?)
Hibernate: 
    insert 
    into
        board
        (board_id, content, mod_date, reg_date, reply_cnt, title, user_id, view) 
    values
        (default, ?, ?, ?, ?, ?, ?, ?)
Hibernate: 
    insert 
    into
        board
        (board_id, content, mod_date, reg_date, reply_cnt, title, user_id, view) 
    values
        (default, ?, ?, ?, ?, ?, ?, ?)
Hibernate: 
    insert 
    into
        board
        (board_id, content, mod_date, reg_date, reply_cnt, title, user_id, view) 
    values
        (default, ?, ?, ?, ?, ?, ?, ?)
Hibernate: 
    insert 
    into
        board
        (board_id, content, mod_date, reg_date, reply_cnt, title, user_id, view) 
    values
        (default, ?, ?, ?, ?, ?, ?, ?)
Hibernate: 
    insert 
    into
        board
        (board_id, content, mod_date, reg_date, reply_cnt, title, user_id, view) 
    values
        (default, ?, ?, ?, ?, ?, ?, ?)
Hibernate: 
    insert 
    into
        board
        (board_id, content, mod_date, reg_date, reply_cnt, title, user_id, view) 
    values
        (default, ?, ?, ?, ?, ?, ?, ?)
Hibernate: 
    insert 
    into
        board
        (board_id, content, mod_date, reg_date, reply_cnt, title, user_id, view) 
    values
        (default, ?, ?, ?, ?, ?, ?, ?)
Hibernate: 
    insert 
    into
        board
        (board_id, content, mod_date, reg_date, reply_cnt, title, user_id, view) 
    values
        (default, ?, ?, ?, ?, ?, ?, ?)
Hibernate: 
    insert 
    into
        board
        (board_id, content, mod_date, reg_date, reply_cnt, title, user_id, view) 
    values
        (default, ?, ?, ?, ?, ?, ?, ?)
Hibernate: 
    insert 
    into
        board
        (board_id, content, mod_date, reg_date, reply_cnt, title, user_id, view) 
    values
        (default, ?, ?, ?, ?, ?, ?, ?)
Hibernate: 
    insert 
    into
        board
        (board_id, content, mod_date, reg_date, reply_cnt, title, user_id, view) 
    values
        (default, ?, ?, ?, ?, ?, ?, ?)
Hibernate: 
    insert 
    into
        board
        (board_id, content, mod_date, reg_date, reply_cnt, title, user_id, view) 
    values
        (default, ?, ?, ?, ?, ?, ?, ?)
Hibernate: 
    insert 
    into
        board
        (board_id, content, mod_date, reg_date, reply_cnt, title, user_id, view) 
    values
        (default, ?, ?, ?, ?, ?, ?, ?)
Hibernate: 
    insert 
    into
        board
        (board_id, content, mod_date, reg_date, reply_cnt, title, user_id, view) 
    values
        (default, ?, ?, ?, ?, ?, ?, ?)
Hibernate: 
    insert 
    into
        board
        (board_id, content, mod_date, reg_date, reply_cnt, title, user_id, view) 
    values
        (default, ?, ?, ?, ?, ?, ?, ?)
Hibernate: 
    insert 
    into
        board
        (board_id, content, mod_date, reg_date, reply_cnt, title, user_id, view) 
    values
        (default, ?, ?, ?, ?, ?, ?, ?)
Hibernate: 
    insert 
    into
        board
        (board_id, content, mod_date, reg_date, reply_cnt, title, user_id, view) 
    values
        (default, ?, ?, ?, ?, ?, ?, ?)
Hibernate: 
    insert 
    into
        board
        (board_id, content, mod_date, reg_date, reply_cnt, title, user_id, view) 
    values
        (default, ?, ?, ?, ?, ?, ?, ?)
Hibernate: 
    insert 
    into
        board
        (board_id, content, mod_date, reg_date, reply_cnt, title, user_id, view) 
    values
        (default, ?, ?, ?, ?, ?, ?, ?)
Hibernate: 
    insert 
    into
        board
        (board_id, content, mod_date, reg_date, reply_cnt, title, user_id, view) 
    values
        (default, ?, ?, ?, ?, ?, ?, ?)
Hibernate: 
    insert 
    into
        board
        (board_id, content, mod_date, reg_date, reply_cnt, title, user_id, view) 
    values
        (default, ?, ?, ?, ?, ?, ?, ?)
Hibernate: 
    insert 
    into
        board
        (board_id, content, mod_date, reg_date, reply_cnt, title, user_id, view) 
    values
        (default, ?, ?, ?, ?, ?, ?, ?)
Hibernate: 
    insert 
    into
        board
        (board_id, content, mod_date, reg_date, reply_cnt, title, user_id, view) 
    values
        (default, ?, ?, ?, ?, ?, ?, ?)
Hibernate: 
    insert 
    into
        board
        (board_id, content, mod_date, reg_date, reply_cnt, title, user_id, view) 
    values
        (default, ?, ?, ?, ?, ?, ?, ?)
Hibernate: 
    insert 
    into
        board
        (board_id, content, mod_date, reg_date, reply_cnt, title, user_id, view) 
    values
        (default, ?, ?, ?, ?, ?, ?, ?)
Hibernate: 
    insert 
    into
        board
        (board_id, content, mod_date, reg_date, reply_cnt, title, user_id, view) 
    values
        (default, ?, ?, ?, ?, ?, ?, ?)
Hibernate: 
    insert 
    into
        board
        (board_id, content, mod_date, reg_date, reply_cnt, title, user_id, view) 
    values
        (default, ?, ?, ?, ?, ?, ?, ?)
Hibernate: 
    insert 
    into
        board
        (board_id, content, mod_date, reg_date, reply_cnt, title, user_id, view) 
    values
        (default, ?, ?, ?, ?, ?, ?, ?)
Hibernate: 
    insert 
    into
        board
        (board_id, content, mod_date, reg_date, reply_cnt, title, user_id, view) 
    values
        (default, ?, ?, ?, ?, ?, ?, ?)
Hibernate: 
    insert 
    into
        board
        (board_id, content, mod_date, reg_date, reply_cnt, title, user_id, view) 
    values
        (default, ?, ?, ?, ?, ?, ?, ?)
Hibernate: 
    insert 
    into
        board
        (board_id, content, mod_date, reg_date, reply_cnt, title, user_id, view) 
    values
        (default, ?, ?, ?, ?, ?, ?, ?)
Hibernate: 
    insert 
    into
        board
        (board_id, content, mod_date, reg_date, reply_cnt, title, user_id, view) 
    values
        (default, ?, ?, ?, ?, ?, ?, ?)
Hibernate: 
    insert 
    into
        board
        (board_id, content, mod_date, reg_date, reply_cnt, title, user_id, view) 
    values
        (default, ?, ?, ?, ?, ?, ?, ?)
Hibernate: 
    insert 
    into
        board
        (board_id, content, mod_date, reg_date, reply_cnt, title, user_id, view) 
    values
        (default, ?, ?, ?, ?, ?, ?, ?)
Hibernate: 
    insert 
    into
        board
        (board_id, content, mod_date, reg_date, reply_cnt, title, user_id, view) 
    values
        (default, ?, ?, ?, ?, ?, ?, ?)
Hibernate: 
    insert 
    into
        board
        (board_id, content, mod_date, reg_date, reply_cnt, title, user_id, view) 
    values
        (default, ?, ?, ?, ?, ?, ?, ?)
Hibernate: 
    insert 
    into
        board
        (board_id, content, mod_date, reg_date, reply_cnt, title, user_id, view) 
    values
        (default, ?, ?, ?, ?, ?, ?, ?)
Hibernate: 
    insert 
    into
        board
        (board_id, content, mod_date, reg_date, reply_cnt, title, user_id, view) 
    values
        (default, ?, ?, ?, ?, ?, ?, ?)
Hibernate: 
    insert 
    into
        board
        (board_id, content, mod_date, reg_date, reply_cnt, title, user_id, view) 
    values
        (default, ?, ?, ?, ?, ?, ?, ?)
Hibernate: 
    insert 
    into
        board
        (board_id, content, mod_date, reg_date, reply_cnt, title, user_id, view) 
    values
        (default, ?, ?, ?, ?, ?, ?, ?)
Hibernate: 
    insert 
    into
        board
        (board_id, content, mod_date, reg_date, reply_cnt, title, user_id, view) 
    values
        (default, ?, ?, ?, ?, ?, ?, ?)
Hibernate: 
    insert 
    into
        board
        (board_id, content, mod_date, reg_date, reply_cnt, title, user_id, view) 
    values
        (default, ?, ?, ?, ?, ?, ?, ?)
Hibernate: 
    insert 
    into
        board
        (board_id, content, mod_date, reg_date, reply_cnt, title, user_id, view) 
    values
        (default, ?, ?, ?, ?, ?, ?, ?)
Hibernate: 
    insert 
    into
        board
        (board_id, content, mod_date, reg_date, reply_cnt, title, user_id, view) 
    values
        (default, ?, ?, ?, ?, ?, ?, ?)
Hibernate: 
    insert 
    into
        board
        (board_id, content, mod_date, reg_date, reply_cnt, title, user_id, view) 
    values
        (default, ?, ?, ?, ?, ?, ?, ?)
Hibernate: 
    insert 
    into
        board
        (board_id, content, mod_date, reg_date, reply_cnt, title, user_id, view) 
    values
        (default, ?, ?, ?, ?, ?, ?, ?)
Hibernate: 
    insert 
    into
        board
        (board_id, content, mod_date, reg_date, reply_cnt, title, user_id, view) 
    values
        (default, ?, ?, ?, ?, ?, ?, ?)
Hibernate: 
    select
        board0_.board_id as board_id1_0_0_,
        user1_.user_id as user_id1_9_1_,
        board0_.content as content2_0_0_,
        board0_.mod_date as mod_date3_0_0_,
        board0_.reg_date as reg_date4_0_0_,
        board0_.reply_cnt as reply_cn5_0_0_,
        board0_.title as title6_0_0_,
        board0_.user_id as user_id8_0_0_,
        board0_.view as view7_0_0_,
        user1_.email as email2_9_1_,
        user1_.nickname as nickname3_9_1_,
        user1_.password as password4_9_1_,
        user1_.provider as provider5_9_1_,
        user1_.reg_date as reg_date6_9_1_,
        user1_.role as role7_9_1_,
        user1_.username as username8_9_1_ 
    from
        board board0_ 
    inner join
        user user1_ 
            on board0_.user_id=user1_.user_id 
    where
        board0_.title like ? escape '!' 
    order by
        board0_.board_id desc limit ?
Hibernate: 
    select
        count(board0_.board_id) as col_0_0_ 
    from
        board board0_ 
    where
        board0_.title like ? escape '!'
2022-10-16 00:40:49.219  INFO 4628 --- [    Test worker] o.s.t.c.transaction.TransactionContext   : Rolled back transaction for test: [DefaultTestContext@626967a0 testClass = BoardServiceTest, testInstance = com.example.care.board.service.BoardServiceTest@2620d0dc, testMethod = paginationTest3@BoardServiceTest, testException = [null], mergedContextConfiguration = [WebMergedContextConfiguration@5080c40e testClass = BoardServiceTest, locations = '{}', classes = '{class com.example.care.CareApplication}', contextInitializerClasses = '[]', activeProfiles = '{}', propertySourceLocations = '{}', propertySourceProperties = '{org.springframework.boot.test.context.SpringBootTestContextBootstrapper=true}', contextCustomizers = set[org.springframework.boot.test.autoconfigure.actuate.metrics.MetricsExportContextCustomizerFactory$DisableMetricExportContextCustomizer@4a3329b9, org.springframework.boot.test.autoconfigure.properties.PropertyMappingContextCustomizer@0, org.springframework.boot.test.autoconfigure.web.servlet.WebDriverContextCustomizerFactory$Customizer@207ea13, org.springframework.boot.test.context.filter.ExcludeFilterContextCustomizer@56c9bbd8, org.springframework.boot.test.json.DuplicateJsonObjectContextCustomizerFactory$DuplicateJsonObjectContextCustomizer@12dae582, org.springframework.boot.test.mock.mockito.MockitoContextCustomizer@0, org.springframework.boot.test.web.client.TestRestTemplateContextCustomizer@1623134f, org.springframework.boot.test.web.reactive.server.WebTestClientContextCustomizer@2783717b, org.springframework.boot.test.context.SpringBootTestArgs@1, org.springframework.boot.test.context.SpringBootTestWebEnvironment@19b89d4], resourceBasePath = 'src/main/webapp', contextLoader = 'org.springframework.boot.test.context.SpringBootContextLoader', parent = [null]], attributes = map['org.springframework.test.context.web.ServletTestExecutionListener.activateListener' -> true, 'org.springframework.test.context.web.ServletTestExecutionListener.populatedRequestContextHolder' -> true, 'org.springframework.test.context.web.ServletTestExecutionListener.resetRequestContextHolder' -> true, 'org.springframework.test.context.event.ApplicationEventsTestExecutionListener.recordApplicationEvents' -> false]]
2022-10-16 00:40:49.239  INFO 4628 --- [    Test worker] o.s.t.c.transaction.TransactionContext   : Began transaction (1) for test context [DefaultTestContext@626967a0 testClass = BoardServiceTest, testInstance = com.example.care.board.service.BoardServiceTest@48f38142, testMethod = removeBoardTest@BoardServiceTest, testException = [null], mergedContextConfiguration = [WebMergedContextConfiguration@5080c40e testClass = BoardServiceTest, locations = '{}', classes = '{class com.example.care.CareApplication}', contextInitializerClasses = '[]', activeProfiles = '{}', propertySourceLocations = '{}', propertySourceProperties = '{org.springframework.boot.test.context.SpringBootTestContextBootstrapper=true}', contextCustomizers = set[org.springframework.boot.test.autoconfigure.actuate.metrics.MetricsExportContextCustomizerFactory$DisableMetricExportContextCustomizer@4a3329b9, org.springframework.boot.test.autoconfigure.properties.PropertyMappingContextCustomizer@0, org.springframework.boot.test.autoconfigure.web.servlet.WebDriverContextCustomizerFactory$Customizer@207ea13, org.springframework.boot.test.context.filter.ExcludeFilterContextCustomizer@56c9bbd8, org.springframework.boot.test.json.DuplicateJsonObjectContextCustomizerFactory$DuplicateJsonObjectContextCustomizer@12dae582, org.springframework.boot.test.mock.mockito.MockitoContextCustomizer@0, org.springframework.boot.test.web.client.TestRestTemplateContextCustomizer@1623134f, org.springframework.boot.test.web.reactive.server.WebTestClientContextCustomizer@2783717b, org.springframework.boot.test.context.SpringBootTestArgs@1, org.springframework.boot.test.context.SpringBootTestWebEnvironment@19b89d4], resourceBasePath = 'src/main/webapp', contextLoader = 'org.springframework.boot.test.context.SpringBootContextLoader', parent = [null]], attributes = map['org.springframework.test.context.web.ServletTestExecutionListener.activateListener' -> true, 'org.springframework.test.context.web.ServletTestExecutionListener.populatedRequestContextHolder' -> true, 'org.springframework.test.context.web.ServletTestExecutionListener.resetRequestContextHolder' -> true, 'org.springframework.test.context.event.ApplicationEventsTestExecutionListener.recordApplicationEvents' -> false]]; transaction manager [org.springframework.orm.jpa.JpaTransactionManager@6f0124b5]; rollback [true]
Hibernate: 
    insert 
    into
        user
        (user_id, email, nickname, password, provider, reg_date, role, username) 
    values
        (default, ?, ?, ?, ?, ?, ?, ?)
Hibernate: 
    insert 
    into
        board
        (board_id, content, mod_date, reg_date, reply_cnt, title, user_id, view) 
    values
        (default, ?, ?, ?, ?, ?, ?, ?)
2022-10-16 00:40:49.274  INFO 4628 --- [    Test worker] o.s.t.c.transaction.TransactionContext   : Rolled back transaction for test: [DefaultTestContext@626967a0 testClass = BoardServiceTest, testInstance = com.example.care.board.service.BoardServiceTest@48f38142, testMethod = removeBoardTest@BoardServiceTest, testException = [null], mergedContextConfiguration = [WebMergedContextConfiguration@5080c40e testClass = BoardServiceTest, locations = '{}', classes = '{class com.example.care.CareApplication}', contextInitializerClasses = '[]', activeProfiles = '{}', propertySourceLocations = '{}', propertySourceProperties = '{org.springframework.boot.test.context.SpringBootTestContextBootstrapper=true}', contextCustomizers = set[org.springframework.boot.test.autoconfigure.actuate.metrics.MetricsExportContextCustomizerFactory$DisableMetricExportContextCustomizer@4a3329b9, org.springframework.boot.test.autoconfigure.properties.PropertyMappingContextCustomizer@0, org.springframework.boot.test.autoconfigure.web.servlet.WebDriverContextCustomizerFactory$Customizer@207ea13, org.springframework.boot.test.context.filter.ExcludeFilterContextCustomizer@56c9bbd8, org.springframework.boot.test.json.DuplicateJsonObjectContextCustomizerFactory$DuplicateJsonObjectContextCustomizer@12dae582, org.springframework.boot.test.mock.mockito.MockitoContextCustomizer@0, org.springframework.boot.test.web.client.TestRestTemplateContextCustomizer@1623134f, org.springframework.boot.test.web.reactive.server.WebTestClientContextCustomizer@2783717b, org.springframework.boot.test.context.SpringBootTestArgs@1, org.springframework.boot.test.context.SpringBootTestWebEnvironment@19b89d4], resourceBasePath = 'src/main/webapp', contextLoader = 'org.springframework.boot.test.context.SpringBootContextLoader', parent = [null]], attributes = map['org.springframework.test.context.web.ServletTestExecutionListener.activateListener' -> true, 'org.springframework.test.context.web.ServletTestExecutionListener.populatedRequestContextHolder' -> true, 'org.springframework.test.context.web.ServletTestExecutionListener.resetRequestContextHolder' -> true, 'org.springframework.test.context.event.ApplicationEventsTestExecutionListener.recordApplicationEvents' -> false]]
2022-10-16 00:40:49.286  INFO 4628 --- [    Test worker] o.s.t.c.transaction.TransactionContext   : Began transaction (1) for test context [DefaultTestContext@626967a0 testClass = BoardServiceTest, testInstance = com.example.care.board.service.BoardServiceTest@6cf50207, testMethod = createBoardTest@BoardServiceTest, testException = [null], mergedContextConfiguration = [WebMergedContextConfiguration@5080c40e testClass = BoardServiceTest, locations = '{}', classes = '{class com.example.care.CareApplication}', contextInitializerClasses = '[]', activeProfiles = '{}', propertySourceLocations = '{}', propertySourceProperties = '{org.springframework.boot.test.context.SpringBootTestContextBootstrapper=true}', contextCustomizers = set[org.springframework.boot.test.autoconfigure.actuate.metrics.MetricsExportContextCustomizerFactory$DisableMetricExportContextCustomizer@4a3329b9, org.springframework.boot.test.autoconfigure.properties.PropertyMappingContextCustomizer@0, org.springframework.boot.test.autoconfigure.web.servlet.WebDriverContextCustomizerFactory$Customizer@207ea13, org.springframework.boot.test.context.filter.ExcludeFilterContextCustomizer@56c9bbd8, org.springframework.boot.test.json.DuplicateJsonObjectContextCustomizerFactory$DuplicateJsonObjectContextCustomizer@12dae582, org.springframework.boot.test.mock.mockito.MockitoContextCustomizer@0, org.springframework.boot.test.web.client.TestRestTemplateContextCustomizer@1623134f, org.springframework.boot.test.web.reactive.server.WebTestClientContextCustomizer@2783717b, org.springframework.boot.test.context.SpringBootTestArgs@1, org.springframework.boot.test.context.SpringBootTestWebEnvironment@19b89d4], resourceBasePath = 'src/main/webapp', contextLoader = 'org.springframework.boot.test.context.SpringBootContextLoader', parent = [null]], attributes = map['org.springframework.test.context.web.ServletTestExecutionListener.activateListener' -> true, 'org.springframework.test.context.web.ServletTestExecutionListener.populatedRequestContextHolder' -> true, 'org.springframework.test.context.web.ServletTestExecutionListener.resetRequestContextHolder' -> true, 'org.springframework.test.context.event.ApplicationEventsTestExecutionListener.recordApplicationEvents' -> false]]; transaction manager [org.springframework.orm.jpa.JpaTransactionManager@6f0124b5]; rollback [true]
Hibernate: 
    insert 
    into
        user
        (user_id, email, nickname, password, provider, reg_date, role, username) 
    values
        (default, ?, ?, ?, ?, ?, ?, ?)
Hibernate: 
    insert 
    into
        board
        (board_id, content, mod_date, reg_date, reply_cnt, title, user_id, view) 
    values
        (default, ?, ?, ?, ?, ?, ?, ?)
2022-10-16 00:40:49.308  INFO 4628 --- [    Test worker] o.s.t.c.transaction.TransactionContext   : Rolled back transaction for test: [DefaultTestContext@626967a0 testClass = BoardServiceTest, testInstance = com.example.care.board.service.BoardServiceTest@6cf50207, testMethod = createBoardTest@BoardServiceTest, testException = [null], mergedContextConfiguration = [WebMergedContextConfiguration@5080c40e testClass = BoardServiceTest, locations = '{}', classes = '{class com.example.care.CareApplication}', contextInitializerClasses = '[]', activeProfiles = '{}', propertySourceLocations = '{}', propertySourceProperties = '{org.springframework.boot.test.context.SpringBootTestContextBootstrapper=true}', contextCustomizers = set[org.springframework.boot.test.autoconfigure.actuate.metrics.MetricsExportContextCustomizerFactory$DisableMetricExportContextCustomizer@4a3329b9, org.springframework.boot.test.autoconfigure.properties.PropertyMappingContextCustomizer@0, org.springframework.boot.test.autoconfigure.web.servlet.WebDriverContextCustomizerFactory$Customizer@207ea13, org.springframework.boot.test.context.filter.ExcludeFilterContextCustomizer@56c9bbd8, org.springframework.boot.test.json.DuplicateJsonObjectContextCustomizerFactory$DuplicateJsonObjectContextCustomizer@12dae582, org.springframework.boot.test.mock.mockito.MockitoContextCustomizer@0, org.springframework.boot.test.web.client.TestRestTemplateContextCustomizer@1623134f, org.springframework.boot.test.web.reactive.server.WebTestClientContextCustomizer@2783717b, org.springframework.boot.test.context.SpringBootTestArgs@1, org.springframework.boot.test.context.SpringBootTestWebEnvironment@19b89d4], resourceBasePath = 'src/main/webapp', contextLoader = 'org.springframework.boot.test.context.SpringBootContextLoader', parent = [null]], attributes = map['org.springframework.test.context.web.ServletTestExecutionListener.activateListener' -> true, 'org.springframework.test.context.web.ServletTestExecutionListener.populatedRequestContextHolder' -> true, 'org.springframework.test.context.web.ServletTestExecutionListener.resetRequestContextHolder' -> true, 'org.springframework.test.context.event.ApplicationEventsTestExecutionListener.recordApplicationEvents' -> false]]
2022-10-16 00:40:49.317  INFO 4628 --- [    Test worker] o.s.t.c.transaction.TransactionContext   : Began transaction (1) for test context [DefaultTestContext@626967a0 testClass = BoardServiceTest, testInstance = com.example.care.board.service.BoardServiceTest@1ffd6df2, testMethod = modifyBoardTest@BoardServiceTest, testException = [null], mergedContextConfiguration = [WebMergedContextConfiguration@5080c40e testClass = BoardServiceTest, locations = '{}', classes = '{class com.example.care.CareApplication}', contextInitializerClasses = '[]', activeProfiles = '{}', propertySourceLocations = '{}', propertySourceProperties = '{org.springframework.boot.test.context.SpringBootTestContextBootstrapper=true}', contextCustomizers = set[org.springframework.boot.test.autoconfigure.actuate.metrics.MetricsExportContextCustomizerFactory$DisableMetricExportContextCustomizer@4a3329b9, org.springframework.boot.test.autoconfigure.properties.PropertyMappingContextCustomizer@0, org.springframework.boot.test.autoconfigure.web.servlet.WebDriverContextCustomizerFactory$Customizer@207ea13, org.springframework.boot.test.context.filter.ExcludeFilterContextCustomizer@56c9bbd8, org.springframework.boot.test.json.DuplicateJsonObjectContextCustomizerFactory$DuplicateJsonObjectContextCustomizer@12dae582, org.springframework.boot.test.mock.mockito.MockitoContextCustomizer@0, org.springframework.boot.test.web.client.TestRestTemplateContextCustomizer@1623134f, org.springframework.boot.test.web.reactive.server.WebTestClientContextCustomizer@2783717b, org.springframework.boot.test.context.SpringBootTestArgs@1, org.springframework.boot.test.context.SpringBootTestWebEnvironment@19b89d4], resourceBasePath = 'src/main/webapp', contextLoader = 'org.springframework.boot.test.context.SpringBootContextLoader', parent = [null]], attributes = map['org.springframework.test.context.web.ServletTestExecutionListener.activateListener' -> true, 'org.springframework.test.context.web.ServletTestExecutionListener.populatedRequestContextHolder' -> true, 'org.springframework.test.context.web.ServletTestExecutionListener.resetRequestContextHolder' -> true, 'org.springframework.test.context.event.ApplicationEventsTestExecutionListener.recordApplicationEvents' -> false]]; transaction manager [org.springframework.orm.jpa.JpaTransactionManager@6f0124b5]; rollback [true]
Hibernate: 
    insert 
    into
        user
        (user_id, email, nickname, password, provider, reg_date, role, username) 
    values
        (default, ?, ?, ?, ?, ?, ?, ?)
Hibernate: 
    insert 
    into
        board
        (board_id, content, mod_date, reg_date, reply_cnt, title, user_id, view) 
    values
        (default, ?, ?, ?, ?, ?, ?, ?)
2022-10-16 00:40:49.333  INFO 4628 --- [    Test worker] o.s.t.c.transaction.TransactionContext   : Rolled back transaction for test: [DefaultTestContext@626967a0 testClass = BoardServiceTest, testInstance = com.example.care.board.service.BoardServiceTest@1ffd6df2, testMethod = modifyBoardTest@BoardServiceTest, testException = [null], mergedContextConfiguration = [WebMergedContextConfiguration@5080c40e testClass = BoardServiceTest, locations = '{}', classes = '{class com.example.care.CareApplication}', contextInitializerClasses = '[]', activeProfiles = '{}', propertySourceLocations = '{}', propertySourceProperties = '{org.springframework.boot.test.context.SpringBootTestContextBootstrapper=true}', contextCustomizers = set[org.springframework.boot.test.autoconfigure.actuate.metrics.MetricsExportContextCustomizerFactory$DisableMetricExportContextCustomizer@4a3329b9, org.springframework.boot.test.autoconfigure.properties.PropertyMappingContextCustomizer@0, org.springframework.boot.test.autoconfigure.web.servlet.WebDriverContextCustomizerFactory$Customizer@207ea13, org.springframework.boot.test.context.filter.ExcludeFilterContextCustomizer@56c9bbd8, org.springframework.boot.test.json.DuplicateJsonObjectContextCustomizerFactory$DuplicateJsonObjectContextCustomizer@12dae582, org.springframework.boot.test.mock.mockito.MockitoContextCustomizer@0, org.springframework.boot.test.web.client.TestRestTemplateContextCustomizer@1623134f, org.springframework.boot.test.web.reactive.server.WebTestClientContextCustomizer@2783717b, org.springframework.boot.test.context.SpringBootTestArgs@1, org.springframework.boot.test.context.SpringBootTestWebEnvironment@19b89d4], resourceBasePath = 'src/main/webapp', contextLoader = 'org.springframework.boot.test.context.SpringBootContextLoader', parent = [null]], attributes = map['org.springframework.test.context.web.ServletTestExecutionListener.activateListener' -> true, 'org.springframework.test.context.web.ServletTestExecutionListener.populatedRequestContextHolder' -> true, 'org.springframework.test.context.web.ServletTestExecutionListener.resetRequestContextHolder' -> true, 'org.springframework.test.context.event.ApplicationEventsTestExecutionListener.recordApplicationEvents' -> false]]
]]></system-out>
  <system-err><![CDATA[]]></system-err>
</testsuite>
