<?xml version="1.0" encoding="UTF-8"?>
<testsuite name="com.example.care.reply.service.ReplyServiceTest" tests="3" skipped="0" failures="0" errors="0" timestamp="2022-10-15T15:40:54" hostname="care" time="0.222">
  <properties/>
  <testcase name="댓글 수정 테스트" classname="com.example.care.reply.service.ReplyServiceTest" time="0.05"/>
  <testcase name="댓글 목록 테스트" classname="com.example.care.reply.service.ReplyServiceTest" time="0.128"/>
  <testcase name="댓글 저장 테스트" classname="com.example.care.reply.service.ReplyServiceTest" time="0.039"/>
  <system-out><![CDATA[2022-10-16 00:40:54.961  INFO 4628 --- [    Test worker] .b.t.c.SpringBootTestContextBootstrapper : Neither @ContextConfiguration nor @ContextHierarchy found for test class [com.example.care.reply.service.ReplyServiceTest], using SpringBootContextLoader
2022-10-16 00:40:54.962  INFO 4628 --- [    Test worker] o.s.t.c.support.AbstractContextLoader    : Could not detect default resource locations for test class [com.example.care.reply.service.ReplyServiceTest]: no resource found for suffixes {-context.xml, Context.groovy}.
2022-10-16 00:40:54.962  INFO 4628 --- [    Test worker] t.c.s.AnnotationConfigContextLoaderUtils : Could not detect default configuration classes for test class [com.example.care.reply.service.ReplyServiceTest]: ReplyServiceTest does not declare any static, non-private, non-final, nested classes annotated with @Configuration.
2022-10-16 00:40:54.972  INFO 4628 --- [    Test worker] .b.t.c.SpringBootTestContextBootstrapper : Found @SpringBootConfiguration com.example.care.CareApplication for test class com.example.care.reply.service.ReplyServiceTest
2022-10-16 00:40:54.974  INFO 4628 --- [    Test worker] .b.t.c.SpringBootTestContextBootstrapper : Loaded default TestExecutionListener class names from location [META-INF/spring.factories]: [org.springframework.security.test.context.support.WithSecurityContextTestExecutionListener, org.springframework.security.test.context.support.ReactorContextTestExecutionListener, org.springframework.boot.test.autoconfigure.restdocs.RestDocsTestExecutionListener, org.springframework.boot.test.autoconfigure.web.client.MockRestServiceServerResetTestExecutionListener, org.springframework.boot.test.autoconfigure.web.servlet.MockMvcPrintOnlyOnFailureTestExecutionListener, org.springframework.boot.test.autoconfigure.web.servlet.WebDriverTestExecutionListener, org.springframework.boot.test.autoconfigure.webservices.client.MockWebServiceServerTestExecutionListener, org.springframework.boot.test.mock.mockito.MockitoTestExecutionListener, org.springframework.boot.test.mock.mockito.ResetMocksTestExecutionListener, org.springframework.test.context.web.ServletTestExecutionListener, org.springframework.test.context.support.DirtiesContextBeforeModesTestExecutionListener, org.springframework.test.context.event.ApplicationEventsTestExecutionListener, org.springframework.test.context.support.DependencyInjectionTestExecutionListener, org.springframework.test.context.support.DirtiesContextTestExecutionListener, org.springframework.test.context.transaction.TransactionalTestExecutionListener, org.springframework.test.context.jdbc.SqlScriptsTestExecutionListener, org.springframework.test.context.event.EventPublishingTestExecutionListener]
2022-10-16 00:40:54.974  INFO 4628 --- [    Test worker] .b.t.c.SpringBootTestContextBootstrapper : Using TestExecutionListeners: [org.springframework.test.context.web.ServletTestExecutionListener@de7abc9, org.springframework.test.context.support.DirtiesContextBeforeModesTestExecutionListener@380d8b0e, org.springframework.test.context.event.ApplicationEventsTestExecutionListener@780296e2, org.springframework.boot.test.mock.mockito.MockitoTestExecutionListener@738e057b, org.springframework.boot.test.autoconfigure.SpringBootDependencyInjectionTestExecutionListener@43874120, org.springframework.test.context.support.DirtiesContextTestExecutionListener@1786e7a5, org.springframework.test.context.transaction.TransactionalTestExecutionListener@7bdfd631, org.springframework.test.context.jdbc.SqlScriptsTestExecutionListener@78f9b1ec, org.springframework.security.test.context.support.WithSecurityContextTestExecutionListener@10e7192, org.springframework.test.context.event.EventPublishingTestExecutionListener@219505d9, org.springframework.security.test.context.support.ReactorContextTestExecutionListener@24fe3184, org.springframework.boot.test.autoconfigure.restdocs.RestDocsTestExecutionListener@113d9226, org.springframework.boot.test.autoconfigure.web.client.MockRestServiceServerResetTestExecutionListener@63cde372, org.springframework.boot.test.autoconfigure.web.servlet.MockMvcPrintOnlyOnFailureTestExecutionListener@6aff891f, org.springframework.boot.test.autoconfigure.web.servlet.WebDriverTestExecutionListener@3f58e7d5, org.springframework.boot.test.autoconfigure.webservices.client.MockWebServiceServerTestExecutionListener@4289feba, org.springframework.boot.test.mock.mockito.ResetMocksTestExecutionListener@4ed343ea]
2022-10-16 00:40:54.987  INFO 4628 --- [    Test worker] o.s.t.c.transaction.TransactionContext   : Began transaction (1) for test context [DefaultTestContext@35d9d10b testClass = ReplyServiceTest, testInstance = com.example.care.reply.service.ReplyServiceTest@7006b304, testMethod = modifyReplyTest@ReplyServiceTest, testException = [null], mergedContextConfiguration = [WebMergedContextConfiguration@321b0237 testClass = ReplyServiceTest, locations = '{}', classes = '{class com.example.care.CareApplication}', contextInitializerClasses = '[]', activeProfiles = '{}', propertySourceLocations = '{}', propertySourceProperties = '{org.springframework.boot.test.context.SpringBootTestContextBootstrapper=true}', contextCustomizers = set[org.springframework.boot.test.autoconfigure.actuate.metrics.MetricsExportContextCustomizerFactory$DisableMetricExportContextCustomizer@4a3329b9, org.springframework.boot.test.autoconfigure.properties.PropertyMappingContextCustomizer@0, org.springframework.boot.test.autoconfigure.web.servlet.WebDriverContextCustomizerFactory$Customizer@207ea13, org.springframework.boot.test.context.filter.ExcludeFilterContextCustomizer@56c9bbd8, org.springframework.boot.test.json.DuplicateJsonObjectContextCustomizerFactory$DuplicateJsonObjectContextCustomizer@12dae582, org.springframework.boot.test.mock.mockito.MockitoContextCustomizer@0, org.springframework.boot.test.web.client.TestRestTemplateContextCustomizer@1623134f, org.springframework.boot.test.web.reactive.server.WebTestClientContextCustomizer@2783717b, org.springframework.boot.test.context.SpringBootTestArgs@1, org.springframework.boot.test.context.SpringBootTestWebEnvironment@19b89d4], resourceBasePath = 'src/main/webapp', contextLoader = 'org.springframework.boot.test.context.SpringBootContextLoader', parent = [null]], attributes = map['org.springframework.test.context.web.ServletTestExecutionListener.activateListener' -> true, 'org.springframework.test.context.web.ServletTestExecutionListener.populatedRequestContextHolder' -> true, 'org.springframework.test.context.web.ServletTestExecutionListener.resetRequestContextHolder' -> true, 'org.springframework.test.context.event.ApplicationEventsTestExecutionListener.recordApplicationEvents' -> false]]; transaction manager [org.springframework.orm.jpa.JpaTransactionManager@6f0124b5]; rollback [true]
Hibernate: 
    insert 
    into
        user
        (user_id, email, nickname, password, provider, reg_date, role, username) 
    values
        (default, ?, ?, ?, ?, ?, ?, ?)
Hibernate: 
    insert 
    into
        board
        (board_id, content, mod_date, reg_date, reply_cnt, title, user_id, view) 
    values
        (default, ?, ?, ?, ?, ?, ?, ?)
Hibernate: 
    insert 
    into
        reply
        (reply_id, board_id, parent_id, reg_date, text, user_id) 
    values
        (default, ?, ?, ?, ?, ?)
2022-10-16 00:40:55.029  INFO 4628 --- [    Test worker] o.s.t.c.transaction.TransactionContext   : Rolled back transaction for test: [DefaultTestContext@35d9d10b testClass = ReplyServiceTest, testInstance = com.example.care.reply.service.ReplyServiceTest@7006b304, testMethod = modifyReplyTest@ReplyServiceTest, testException = [null], mergedContextConfiguration = [WebMergedContextConfiguration@321b0237 testClass = ReplyServiceTest, locations = '{}', classes = '{class com.example.care.CareApplication}', contextInitializerClasses = '[]', activeProfiles = '{}', propertySourceLocations = '{}', propertySourceProperties = '{org.springframework.boot.test.context.SpringBootTestContextBootstrapper=true}', contextCustomizers = set[org.springframework.boot.test.autoconfigure.actuate.metrics.MetricsExportContextCustomizerFactory$DisableMetricExportContextCustomizer@4a3329b9, org.springframework.boot.test.autoconfigure.properties.PropertyMappingContextCustomizer@0, org.springframework.boot.test.autoconfigure.web.servlet.WebDriverContextCustomizerFactory$Customizer@207ea13, org.springframework.boot.test.context.filter.ExcludeFilterContextCustomizer@56c9bbd8, org.springframework.boot.test.json.DuplicateJsonObjectContextCustomizerFactory$DuplicateJsonObjectContextCustomizer@12dae582, org.springframework.boot.test.mock.mockito.MockitoContextCustomizer@0, org.springframework.boot.test.web.client.TestRestTemplateContextCustomizer@1623134f, org.springframework.boot.test.web.reactive.server.WebTestClientContextCustomizer@2783717b, org.springframework.boot.test.context.SpringBootTestArgs@1, org.springframework.boot.test.context.SpringBootTestWebEnvironment@19b89d4], resourceBasePath = 'src/main/webapp', contextLoader = 'org.springframework.boot.test.context.SpringBootContextLoader', parent = [null]], attributes = map['org.springframework.test.context.web.ServletTestExecutionListener.activateListener' -> true, 'org.springframework.test.context.web.ServletTestExecutionListener.populatedRequestContextHolder' -> true, 'org.springframework.test.context.web.ServletTestExecutionListener.resetRequestContextHolder' -> true, 'org.springframework.test.context.event.ApplicationEventsTestExecutionListener.recordApplicationEvents' -> false]]
2022-10-16 00:40:55.034  INFO 4628 --- [    Test worker] o.s.t.c.transaction.TransactionContext   : Began transaction (1) for test context [DefaultTestContext@35d9d10b testClass = ReplyServiceTest, testInstance = com.example.care.reply.service.ReplyServiceTest@705a793a, testMethod = replyListTest@ReplyServiceTest, testException = [null], mergedContextConfiguration = [WebMergedContextConfiguration@321b0237 testClass = ReplyServiceTest, locations = '{}', classes = '{class com.example.care.CareApplication}', contextInitializerClasses = '[]', activeProfiles = '{}', propertySourceLocations = '{}', propertySourceProperties = '{org.springframework.boot.test.context.SpringBootTestContextBootstrapper=true}', contextCustomizers = set[org.springframework.boot.test.autoconfigure.actuate.metrics.MetricsExportContextCustomizerFactory$DisableMetricExportContextCustomizer@4a3329b9, org.springframework.boot.test.autoconfigure.properties.PropertyMappingContextCustomizer@0, org.springframework.boot.test.autoconfigure.web.servlet.WebDriverContextCustomizerFactory$Customizer@207ea13, org.springframework.boot.test.context.filter.ExcludeFilterContextCustomizer@56c9bbd8, org.springframework.boot.test.json.DuplicateJsonObjectContextCustomizerFactory$DuplicateJsonObjectContextCustomizer@12dae582, org.springframework.boot.test.mock.mockito.MockitoContextCustomizer@0, org.springframework.boot.test.web.client.TestRestTemplateContextCustomizer@1623134f, org.springframework.boot.test.web.reactive.server.WebTestClientContextCustomizer@2783717b, org.springframework.boot.test.context.SpringBootTestArgs@1, org.springframework.boot.test.context.SpringBootTestWebEnvironment@19b89d4], resourceBasePath = 'src/main/webapp', contextLoader = 'org.springframework.boot.test.context.SpringBootContextLoader', parent = [null]], attributes = map['org.springframework.test.context.web.ServletTestExecutionListener.activateListener' -> true, 'org.springframework.test.context.web.ServletTestExecutionListener.populatedRequestContextHolder' -> true, 'org.springframework.test.context.web.ServletTestExecutionListener.resetRequestContextHolder' -> true, 'org.springframework.test.context.event.ApplicationEventsTestExecutionListener.recordApplicationEvents' -> false]]; transaction manager [org.springframework.orm.jpa.JpaTransactionManager@6f0124b5]; rollback [true]
Hibernate: 
    insert 
    into
        user
        (user_id, email, nickname, password, provider, reg_date, role, username) 
    values
        (default, ?, ?, ?, ?, ?, ?, ?)
Hibernate: 
    insert 
    into
        board
        (board_id, content, mod_date, reg_date, reply_cnt, title, user_id, view) 
    values
        (default, ?, ?, ?, ?, ?, ?, ?)
Hibernate: 
    insert 
    into
        reply
        (reply_id, board_id, parent_id, reg_date, text, user_id) 
    values
        (default, ?, ?, ?, ?, ?)
Hibernate: 
    insert 
    into
        reply
        (reply_id, board_id, parent_id, reg_date, text, user_id) 
    values
        (default, ?, ?, ?, ?, ?)
Hibernate: 
    insert 
    into
        reply
        (reply_id, board_id, parent_id, reg_date, text, user_id) 
    values
        (default, ?, ?, ?, ?, ?)
Hibernate: 
    insert 
    into
        reply
        (reply_id, board_id, parent_id, reg_date, text, user_id) 
    values
        (default, ?, ?, ?, ?, ?)
Hibernate: 
    insert 
    into
        reply
        (reply_id, board_id, parent_id, reg_date, text, user_id) 
    values
        (default, ?, ?, ?, ?, ?)
Hibernate: 
    insert 
    into
        reply
        (reply_id, board_id, parent_id, reg_date, text, user_id) 
    values
        (default, ?, ?, ?, ?, ?)
Hibernate: 
    insert 
    into
        reply
        (reply_id, board_id, parent_id, reg_date, text, user_id) 
    values
        (default, ?, ?, ?, ?, ?)
Hibernate: 
    insert 
    into
        reply
        (reply_id, board_id, parent_id, reg_date, text, user_id) 
    values
        (default, ?, ?, ?, ?, ?)
Hibernate: 
    insert 
    into
        reply
        (reply_id, board_id, parent_id, reg_date, text, user_id) 
    values
        (default, ?, ?, ?, ?, ?)
Hibernate: 
    insert 
    into
        reply
        (reply_id, board_id, parent_id, reg_date, text, user_id) 
    values
        (default, ?, ?, ?, ?, ?)
Hibernate: 
    select
        reply0_.reply_id as reply_id1_6_0_,
        children1_.reply_id as reply_id1_6_1_,
        user2_.user_id as user_id1_9_2_,
        reply0_.board_id as board_id4_6_0_,
        reply0_.parent_id as parent_i5_6_0_,
        reply0_.reg_date as reg_date2_6_0_,
        reply0_.text as text3_6_0_,
        reply0_.user_id as user_id6_6_0_,
        children1_.board_id as board_id4_6_1_,
        children1_.parent_id as parent_i5_6_1_,
        children1_.reg_date as reg_date2_6_1_,
        children1_.text as text3_6_1_,
        children1_.user_id as user_id6_6_1_,
        children1_.parent_id as parent_i5_6_0__,
        children1_.reply_id as reply_id1_6_0__,
        user2_.email as email2_9_2_,
        user2_.nickname as nickname3_9_2_,
        user2_.password as password4_9_2_,
        user2_.provider as provider5_9_2_,
        user2_.reg_date as reg_date6_9_2_,
        user2_.role as role7_9_2_,
        user2_.username as username8_9_2_ 
    from
        reply reply0_ 
    left outer join
        reply children1_ 
            on reply0_.reply_id=children1_.parent_id 
    left outer join
        user user2_ 
            on reply0_.user_id=user2_.user_id 
    where
        reply0_.board_id=? 
        and (
            reply0_.parent_id is null
        ) 
    order by
        reply0_.reply_id desc
2022-10-16 00:40:55.152  INFO 4628 --- [    Test worker] o.s.t.c.transaction.TransactionContext   : Rolled back transaction for test: [DefaultTestContext@35d9d10b testClass = ReplyServiceTest, testInstance = com.example.care.reply.service.ReplyServiceTest@705a793a, testMethod = replyListTest@ReplyServiceTest, testException = [null], mergedContextConfiguration = [WebMergedContextConfiguration@321b0237 testClass = ReplyServiceTest, locations = '{}', classes = '{class com.example.care.CareApplication}', contextInitializerClasses = '[]', activeProfiles = '{}', propertySourceLocations = '{}', propertySourceProperties = '{org.springframework.boot.test.context.SpringBootTestContextBootstrapper=true}', contextCustomizers = set[org.springframework.boot.test.autoconfigure.actuate.metrics.MetricsExportContextCustomizerFactory$DisableMetricExportContextCustomizer@4a3329b9, org.springframework.boot.test.autoconfigure.properties.PropertyMappingContextCustomizer@0, org.springframework.boot.test.autoconfigure.web.servlet.WebDriverContextCustomizerFactory$Customizer@207ea13, org.springframework.boot.test.context.filter.ExcludeFilterContextCustomizer@56c9bbd8, org.springframework.boot.test.json.DuplicateJsonObjectContextCustomizerFactory$DuplicateJsonObjectContextCustomizer@12dae582, org.springframework.boot.test.mock.mockito.MockitoContextCustomizer@0, org.springframework.boot.test.web.client.TestRestTemplateContextCustomizer@1623134f, org.springframework.boot.test.web.reactive.server.WebTestClientContextCustomizer@2783717b, org.springframework.boot.test.context.SpringBootTestArgs@1, org.springframework.boot.test.context.SpringBootTestWebEnvironment@19b89d4], resourceBasePath = 'src/main/webapp', contextLoader = 'org.springframework.boot.test.context.SpringBootContextLoader', parent = [null]], attributes = map['org.springframework.test.context.web.ServletTestExecutionListener.activateListener' -> true, 'org.springframework.test.context.web.ServletTestExecutionListener.populatedRequestContextHolder' -> true, 'org.springframework.test.context.web.ServletTestExecutionListener.resetRequestContextHolder' -> true, 'org.springframework.test.context.event.ApplicationEventsTestExecutionListener.recordApplicationEvents' -> false]]
2022-10-16 00:40:55.165  INFO 4628 --- [    Test worker] o.s.t.c.transaction.TransactionContext   : Began transaction (1) for test context [DefaultTestContext@35d9d10b testClass = ReplyServiceTest, testInstance = com.example.care.reply.service.ReplyServiceTest@19adcb41, testMethod = registerReplyTest@ReplyServiceTest, testException = [null], mergedContextConfiguration = [WebMergedContextConfiguration@321b0237 testClass = ReplyServiceTest, locations = '{}', classes = '{class com.example.care.CareApplication}', contextInitializerClasses = '[]', activeProfiles = '{}', propertySourceLocations = '{}', propertySourceProperties = '{org.springframework.boot.test.context.SpringBootTestContextBootstrapper=true}', contextCustomizers = set[org.springframework.boot.test.autoconfigure.actuate.metrics.MetricsExportContextCustomizerFactory$DisableMetricExportContextCustomizer@4a3329b9, org.springframework.boot.test.autoconfigure.properties.PropertyMappingContextCustomizer@0, org.springframework.boot.test.autoconfigure.web.servlet.WebDriverContextCustomizerFactory$Customizer@207ea13, org.springframework.boot.test.context.filter.ExcludeFilterContextCustomizer@56c9bbd8, org.springframework.boot.test.json.DuplicateJsonObjectContextCustomizerFactory$DuplicateJsonObjectContextCustomizer@12dae582, org.springframework.boot.test.mock.mockito.MockitoContextCustomizer@0, org.springframework.boot.test.web.client.TestRestTemplateContextCustomizer@1623134f, org.springframework.boot.test.web.reactive.server.WebTestClientContextCustomizer@2783717b, org.springframework.boot.test.context.SpringBootTestArgs@1, org.springframework.boot.test.context.SpringBootTestWebEnvironment@19b89d4], resourceBasePath = 'src/main/webapp', contextLoader = 'org.springframework.boot.test.context.SpringBootContextLoader', parent = [null]], attributes = map['org.springframework.test.context.web.ServletTestExecutionListener.activateListener' -> true, 'org.springframework.test.context.web.ServletTestExecutionListener.populatedRequestContextHolder' -> true, 'org.springframework.test.context.web.ServletTestExecutionListener.resetRequestContextHolder' -> true, 'org.springframework.test.context.event.ApplicationEventsTestExecutionListener.recordApplicationEvents' -> false]]; transaction manager [org.springframework.orm.jpa.JpaTransactionManager@6f0124b5]; rollback [true]
Hibernate: 
    insert 
    into
        user
        (user_id, email, nickname, password, provider, reg_date, role, username) 
    values
        (default, ?, ?, ?, ?, ?, ?, ?)
Hibernate: 
    insert 
    into
        board
        (board_id, content, mod_date, reg_date, reply_cnt, title, user_id, view) 
    values
        (default, ?, ?, ?, ?, ?, ?, ?)
Hibernate: 
    insert 
    into
        reply
        (reply_id, board_id, parent_id, reg_date, text, user_id) 
    values
        (default, ?, ?, ?, ?, ?)
2022-10-16 00:40:55.201  INFO 4628 --- [    Test worker] o.s.t.c.transaction.TransactionContext   : Rolled back transaction for test: [DefaultTestContext@35d9d10b testClass = ReplyServiceTest, testInstance = com.example.care.reply.service.ReplyServiceTest@19adcb41, testMethod = registerReplyTest@ReplyServiceTest, testException = [null], mergedContextConfiguration = [WebMergedContextConfiguration@321b0237 testClass = ReplyServiceTest, locations = '{}', classes = '{class com.example.care.CareApplication}', contextInitializerClasses = '[]', activeProfiles = '{}', propertySourceLocations = '{}', propertySourceProperties = '{org.springframework.boot.test.context.SpringBootTestContextBootstrapper=true}', contextCustomizers = set[org.springframework.boot.test.autoconfigure.actuate.metrics.MetricsExportContextCustomizerFactory$DisableMetricExportContextCustomizer@4a3329b9, org.springframework.boot.test.autoconfigure.properties.PropertyMappingContextCustomizer@0, org.springframework.boot.test.autoconfigure.web.servlet.WebDriverContextCustomizerFactory$Customizer@207ea13, org.springframework.boot.test.context.filter.ExcludeFilterContextCustomizer@56c9bbd8, org.springframework.boot.test.json.DuplicateJsonObjectContextCustomizerFactory$DuplicateJsonObjectContextCustomizer@12dae582, org.springframework.boot.test.mock.mockito.MockitoContextCustomizer@0, org.springframework.boot.test.web.client.TestRestTemplateContextCustomizer@1623134f, org.springframework.boot.test.web.reactive.server.WebTestClientContextCustomizer@2783717b, org.springframework.boot.test.context.SpringBootTestArgs@1, org.springframework.boot.test.context.SpringBootTestWebEnvironment@19b89d4], resourceBasePath = 'src/main/webapp', contextLoader = 'org.springframework.boot.test.context.SpringBootContextLoader', parent = [null]], attributes = map['org.springframework.test.context.web.ServletTestExecutionListener.activateListener' -> true, 'org.springframework.test.context.web.ServletTestExecutionListener.populatedRequestContextHolder' -> true, 'org.springframework.test.context.web.ServletTestExecutionListener.resetRequestContextHolder' -> true, 'org.springframework.test.context.event.ApplicationEventsTestExecutionListener.recordApplicationEvents' -> false]]
]]></system-out>
  <system-err><![CDATA[]]></system-err>
</testsuite>
