<?xml version="1.0" encoding="UTF-8"?>
<testsuite name="com.example.care.board.service.BoardServiceTest" tests="7" skipped="0" failures="0" errors="0" timestamp="2022-10-14T08:07:51" hostname="DESKTOP-SNBJQ4K" time="0.791">
  <properties/>
  <testcase name="게시글 조회 테스트" classname="com.example.care.board.service.BoardServiceTest" time="0.219"/>
  <testcase name="페이징 목록 테스트" classname="com.example.care.board.service.BoardServiceTest" time="0.329"/>
  <testcase name="페이지네이션 데이터 한개 테스트" classname="com.example.care.board.service.BoardServiceTest" time="0.018"/>
  <testcase name="페이징 검색 테스트" classname="com.example.care.board.service.BoardServiceTest" time="0.161"/>
  <testcase name="게시글 삭제 테스트" classname="com.example.care.board.service.BoardServiceTest" time="0.015"/>
  <testcase name="게시글 작성 테스트" classname="com.example.care.board.service.BoardServiceTest" time="0.023"/>
  <testcase name="게시글 수정 테스트" classname="com.example.care.board.service.BoardServiceTest" time="0.014"/>
  <system-out><![CDATA[2022-10-14 17:07:51.310  INFO 15332 --- [    Test worker] .b.t.c.SpringBootTestContextBootstrapper : Neither @ContextConfiguration nor @ContextHierarchy found for test class [com.example.care.board.service.BoardServiceTest], using SpringBootContextLoader
2022-10-14 17:07:51.312  INFO 15332 --- [    Test worker] o.s.t.c.support.AbstractContextLoader    : Could not detect default resource locations for test class [com.example.care.board.service.BoardServiceTest]: no resource found for suffixes {-context.xml, Context.groovy}.
2022-10-14 17:07:51.312  INFO 15332 --- [    Test worker] t.c.s.AnnotationConfigContextLoaderUtils : Could not detect default configuration classes for test class [com.example.care.board.service.BoardServiceTest]: BoardServiceTest does not declare any static, non-private, non-final, nested classes annotated with @Configuration.
2022-10-14 17:07:51.322  INFO 15332 --- [    Test worker] .b.t.c.SpringBootTestContextBootstrapper : Found @SpringBootConfiguration com.example.care.CareApplication for test class com.example.care.board.service.BoardServiceTest
2022-10-14 17:07:51.324  INFO 15332 --- [    Test worker] .b.t.c.SpringBootTestContextBootstrapper : Loaded default TestExecutionListener class names from location [META-INF/spring.factories]: [org.springframework.security.test.context.support.WithSecurityContextTestExecutionListener, org.springframework.security.test.context.support.ReactorContextTestExecutionListener, org.springframework.boot.test.autoconfigure.restdocs.RestDocsTestExecutionListener, org.springframework.boot.test.autoconfigure.web.client.MockRestServiceServerResetTestExecutionListener, org.springframework.boot.test.autoconfigure.web.servlet.MockMvcPrintOnlyOnFailureTestExecutionListener, org.springframework.boot.test.autoconfigure.web.servlet.WebDriverTestExecutionListener, org.springframework.boot.test.autoconfigure.webservices.client.MockWebServiceServerTestExecutionListener, org.springframework.boot.test.mock.mockito.MockitoTestExecutionListener, org.springframework.boot.test.mock.mockito.ResetMocksTestExecutionListener, org.springframework.test.context.web.ServletTestExecutionListener, org.springframework.test.context.support.DirtiesContextBeforeModesTestExecutionListener, org.springframework.test.context.event.ApplicationEventsTestExecutionListener, org.springframework.test.context.support.DependencyInjectionTestExecutionListener, org.springframework.test.context.support.DirtiesContextTestExecutionListener, org.springframework.test.context.transaction.TransactionalTestExecutionListener, org.springframework.test.context.jdbc.SqlScriptsTestExecutionListener, org.springframework.test.context.event.EventPublishingTestExecutionListener]
2022-10-14 17:07:51.325  INFO 15332 --- [    Test worker] .b.t.c.SpringBootTestContextBootstrapper : Using TestExecutionListeners: [org.springframework.test.context.web.ServletTestExecutionListener@4228a2f6, org.springframework.test.context.support.DirtiesContextBeforeModesTestExecutionListener@5e91b051, org.springframework.test.context.event.ApplicationEventsTestExecutionListener@19c145d2, org.springframework.boot.test.mock.mockito.MockitoTestExecutionListener@77376e83, org.springframework.boot.test.autoconfigure.SpringBootDependencyInjectionTestExecutionListener@708f4d81, org.springframework.test.context.support.DirtiesContextTestExecutionListener@23cf78f9, org.springframework.test.context.transaction.TransactionalTestExecutionListener@30b35687, org.springframework.test.context.jdbc.SqlScriptsTestExecutionListener@7c3c6564, org.springframework.security.test.context.support.WithSecurityContextTestExecutionListener@7655dc27, org.springframework.test.context.event.EventPublishingTestExecutionListener@2e856aa4, org.springframework.security.test.context.support.ReactorContextTestExecutionListener@428169d, org.springframework.boot.test.autoconfigure.restdocs.RestDocsTestExecutionListener@1b204439, org.springframework.boot.test.autoconfigure.web.client.MockRestServiceServerResetTestExecutionListener@434c179e, org.springframework.boot.test.autoconfigure.web.servlet.MockMvcPrintOnlyOnFailureTestExecutionListener@46199519, org.springframework.boot.test.autoconfigure.web.servlet.WebDriverTestExecutionListener@2c1ffb9, org.springframework.boot.test.autoconfigure.webservices.client.MockWebServiceServerTestExecutionListener@1bd97254, org.springframework.boot.test.mock.mockito.ResetMocksTestExecutionListener@388a6656]
2022-10-14 17:07:51.341  INFO 15332 --- [    Test worker] o.s.t.c.transaction.TransactionContext   : Began transaction (1) for test context [DefaultTestContext@f55ecec testClass = BoardServiceTest, testInstance = com.example.care.board.service.BoardServiceTest@61c1be2f, testMethod = readTest@BoardServiceTest, testException = [null], mergedContextConfiguration = [WebMergedContextConfiguration@423325e0 testClass = BoardServiceTest, locations = '{}', classes = '{class com.example.care.CareApplication}', contextInitializerClasses = '[]', activeProfiles = '{}', propertySourceLocations = '{}', propertySourceProperties = '{org.springframework.boot.test.context.SpringBootTestContextBootstrapper=true}', contextCustomizers = set[org.springframework.boot.test.autoconfigure.actuate.metrics.MetricsExportContextCustomizerFactory$DisableMetricExportContextCustomizer@3f363cf5, org.springframework.boot.test.autoconfigure.properties.PropertyMappingContextCustomizer@0, org.springframework.boot.test.autoconfigure.web.servlet.WebDriverContextCustomizerFactory$Customizer@a5b0b86, org.springframework.boot.test.context.filter.ExcludeFilterContextCustomizer@b968a76, org.springframework.boot.test.json.DuplicateJsonObjectContextCustomizerFactory$DuplicateJsonObjectContextCustomizer@1433046b, org.springframework.boot.test.mock.mockito.MockitoContextCustomizer@0, org.springframework.boot.test.web.client.TestRestTemplateContextCustomizer@2e54db99, org.springframework.boot.test.web.reactive.server.WebTestClientContextCustomizer@5b080f3a, org.springframework.boot.test.context.SpringBootTestArgs@1, org.springframework.boot.test.context.SpringBootTestWebEnvironment@479cbee5], resourceBasePath = 'src/main/webapp', contextLoader = 'org.springframework.boot.test.context.SpringBootContextLoader', parent = [null]], attributes = map['org.springframework.test.context.web.ServletTestExecutionListener.activateListener' -> true, 'org.springframework.test.context.web.ServletTestExecutionListener.populatedRequestContextHolder' -> true, 'org.springframework.test.context.web.ServletTestExecutionListener.resetRequestContextHolder' -> true, 'org.springframework.test.context.event.ApplicationEventsTestExecutionListener.recordApplicationEvents' -> false]]; transaction manager [org.springframework.orm.jpa.JpaTransactionManager@698e2cba]; rollback [true]
Hibernate: 
    insert 
    into
        user
        (user_id, email, nickname, password, provider, reg_date, role, username) 
    values
        (default, ?, ?, ?, ?, ?, ?, ?)
Hibernate: 
    insert 
    into
        board
        (board_id, content, mod_date, reg_date, reply_cnt, title, user_id, view) 
    values
        (default, ?, ?, ?, ?, ?, ?, ?)
2022-10-14 17:07:51.550  INFO 15332 --- [    Test worker] o.s.t.c.transaction.TransactionContext   : Rolled back transaction for test: [DefaultTestContext@f55ecec testClass = BoardServiceTest, testInstance = com.example.care.board.service.BoardServiceTest@61c1be2f, testMethod = readTest@BoardServiceTest, testException = [null], mergedContextConfiguration = [WebMergedContextConfiguration@423325e0 testClass = BoardServiceTest, locations = '{}', classes = '{class com.example.care.CareApplication}', contextInitializerClasses = '[]', activeProfiles = '{}', propertySourceLocations = '{}', propertySourceProperties = '{org.springframework.boot.test.context.SpringBootTestContextBootstrapper=true}', contextCustomizers = set[org.springframework.boot.test.autoconfigure.actuate.metrics.MetricsExportContextCustomizerFactory$DisableMetricExportContextCustomizer@3f363cf5, org.springframework.boot.test.autoconfigure.properties.PropertyMappingContextCustomizer@0, org.springframework.boot.test.autoconfigure.web.servlet.WebDriverContextCustomizerFactory$Customizer@a5b0b86, org.springframework.boot.test.context.filter.ExcludeFilterContextCustomizer@b968a76, org.springframework.boot.test.json.DuplicateJsonObjectContextCustomizerFactory$DuplicateJsonObjectContextCustomizer@1433046b, org.springframework.boot.test.mock.mockito.MockitoContextCustomizer@0, org.springframework.boot.test.web.client.TestRestTemplateContextCustomizer@2e54db99, org.springframework.boot.test.web.reactive.server.WebTestClientContextCustomizer@5b080f3a, org.springframework.boot.test.context.SpringBootTestArgs@1, org.springframework.boot.test.context.SpringBootTestWebEnvironment@479cbee5], resourceBasePath = 'src/main/webapp', contextLoader = 'org.springframework.boot.test.context.SpringBootContextLoader', parent = [null]], attributes = map['org.springframework.test.context.web.ServletTestExecutionListener.activateListener' -> true, 'org.springframework.test.context.web.ServletTestExecutionListener.populatedRequestContextHolder' -> true, 'org.springframework.test.context.web.ServletTestExecutionListener.resetRequestContextHolder' -> true, 'org.springframework.test.context.event.ApplicationEventsTestExecutionListener.recordApplicationEvents' -> false]]
2022-10-14 17:07:51.553  INFO 15332 --- [    Test worker] o.s.t.c.transaction.TransactionContext   : Began transaction (1) for test context [DefaultTestContext@f55ecec testClass = BoardServiceTest, testInstance = com.example.care.board.service.BoardServiceTest@1b52f723, testMethod = paginationTest1@BoardServiceTest, testException = [null], mergedContextConfiguration = [WebMergedContextConfiguration@423325e0 testClass = BoardServiceTest, locations = '{}', classes = '{class com.example.care.CareApplication}', contextInitializerClasses = '[]', activeProfiles = '{}', propertySourceLocations = '{}', propertySourceProperties = '{org.springframework.boot.test.context.SpringBootTestContextBootstrapper=true}', contextCustomizers = set[org.springframework.boot.test.autoconfigure.actuate.metrics.MetricsExportContextCustomizerFactory$DisableMetricExportContextCustomizer@3f363cf5, org.springframework.boot.test.autoconfigure.properties.PropertyMappingContextCustomizer@0, org.springframework.boot.test.autoconfigure.web.servlet.WebDriverContextCustomizerFactory$Customizer@a5b0b86, org.springframework.boot.test.context.filter.ExcludeFilterContextCustomizer@b968a76, org.springframework.boot.test.json.DuplicateJsonObjectContextCustomizerFactory$DuplicateJsonObjectContextCustomizer@1433046b, org.springframework.boot.test.mock.mockito.MockitoContextCustomizer@0, org.springframework.boot.test.web.client.TestRestTemplateContextCustomizer@2e54db99, org.springframework.boot.test.web.reactive.server.WebTestClientContextCustomizer@5b080f3a, org.springframework.boot.test.context.SpringBootTestArgs@1, org.springframework.boot.test.context.SpringBootTestWebEnvironment@479cbee5], resourceBasePath = 'src/main/webapp', contextLoader = 'org.springframework.boot.test.context.SpringBootContextLoader', parent = [null]], attributes = map['org.springframework.test.context.web.ServletTestExecutionListener.activateListener' -> true, 'org.springframework.test.context.web.ServletTestExecutionListener.populatedRequestContextHolder' -> true, 'org.springframework.test.context.web.ServletTestExecutionListener.resetRequestContextHolder' -> true, 'org.springframework.test.context.event.ApplicationEventsTestExecutionListener.recordApplicationEvents' -> false]]; transaction manager [org.springframework.orm.jpa.JpaTransactionManager@698e2cba]; rollback [true]
Hibernate: 
    insert 
    into
        user
        (user_id, email, nickname, password, provider, reg_date, role, username) 
    values
        (default, ?, ?, ?, ?, ?, ?, ?)
Hibernate: 
    insert 
    into
        board
        (board_id, content, mod_date, reg_date, reply_cnt, title, user_id, view) 
    values
        (default, ?, ?, ?, ?, ?, ?, ?)
Hibernate: 
    insert 
    into
        board
        (board_id, content, mod_date, reg_date, reply_cnt, title, user_id, view) 
    values
        (default, ?, ?, ?, ?, ?, ?, ?)
Hibernate: 
    insert 
    into
        board
        (board_id, content, mod_date, reg_date, reply_cnt, title, user_id, view) 
    values
        (default, ?, ?, ?, ?, ?, ?, ?)
Hibernate: 
    insert 
    into
        board
        (board_id, content, mod_date, reg_date, reply_cnt, title, user_id, view) 
    values
        (default, ?, ?, ?, ?, ?, ?, ?)
Hibernate: 
    insert 
    into
        board
        (board_id, content, mod_date, reg_date, reply_cnt, title, user_id, view) 
    values
        (default, ?, ?, ?, ?, ?, ?, ?)
Hibernate: 
    insert 
    into
        board
        (board_id, content, mod_date, reg_date, reply_cnt, title, user_id, view) 
    values
        (default, ?, ?, ?, ?, ?, ?, ?)
Hibernate: 
    insert 
    into
        board
        (board_id, content, mod_date, reg_date, reply_cnt, title, user_id, view) 
    values
        (default, ?, ?, ?, ?, ?, ?, ?)
Hibernate: 
    insert 
    into
        board
        (board_id, content, mod_date, reg_date, reply_cnt, title, user_id, view) 
    values
        (default, ?, ?, ?, ?, ?, ?, ?)
Hibernate: 
    insert 
    into
        board
        (board_id, content, mod_date, reg_date, reply_cnt, title, user_id, view) 
    values
        (default, ?, ?, ?, ?, ?, ?, ?)
Hibernate: 
    insert 
    into
        board
        (board_id, content, mod_date, reg_date, reply_cnt, title, user_id, view) 
    values
        (default, ?, ?, ?, ?, ?, ?, ?)
Hibernate: 
    insert 
    into
        board
        (board_id, content, mod_date, reg_date, reply_cnt, title, user_id, view) 
    values
        (default, ?, ?, ?, ?, ?, ?, ?)
Hibernate: 
    insert 
    into
        board
        (board_id, content, mod_date, reg_date, reply_cnt, title, user_id, view) 
    values
        (default, ?, ?, ?, ?, ?, ?, ?)
Hibernate: 
    insert 
    into
        board
        (board_id, content, mod_date, reg_date, reply_cnt, title, user_id, view) 
    values
        (default, ?, ?, ?, ?, ?, ?, ?)
Hibernate: 
    insert 
    into
        board
        (board_id, content, mod_date, reg_date, reply_cnt, title, user_id, view) 
    values
        (default, ?, ?, ?, ?, ?, ?, ?)
Hibernate: 
    insert 
    into
        board
        (board_id, content, mod_date, reg_date, reply_cnt, title, user_id, view) 
    values
        (default, ?, ?, ?, ?, ?, ?, ?)
Hibernate: 
    insert 
    into
        board
        (board_id, content, mod_date, reg_date, reply_cnt, title, user_id, view) 
    values
        (default, ?, ?, ?, ?, ?, ?, ?)
Hibernate: 
    insert 
    into
        board
        (board_id, content, mod_date, reg_date, reply_cnt, title, user_id, view) 
    values
        (default, ?, ?, ?, ?, ?, ?, ?)
Hibernate: 
    insert 
    into
        board
        (board_id, content, mod_date, reg_date, reply_cnt, title, user_id, view) 
    values
        (default, ?, ?, ?, ?, ?, ?, ?)
Hibernate: 
    insert 
    into
        board
        (board_id, content, mod_date, reg_date, reply_cnt, title, user_id, view) 
    values
        (default, ?, ?, ?, ?, ?, ?, ?)
Hibernate: 
    insert 
    into
        board
        (board_id, content, mod_date, reg_date, reply_cnt, title, user_id, view) 
    values
        (default, ?, ?, ?, ?, ?, ?, ?)
Hibernate: 
    insert 
    into
        board
        (board_id, content, mod_date, reg_date, reply_cnt, title, user_id, view) 
    values
        (default, ?, ?, ?, ?, ?, ?, ?)
Hibernate: 
    insert 
    into
        board
        (board_id, content, mod_date, reg_date, reply_cnt, title, user_id, view) 
    values
        (default, ?, ?, ?, ?, ?, ?, ?)
Hibernate: 
    insert 
    into
        board
        (board_id, content, mod_date, reg_date, reply_cnt, title, user_id, view) 
    values
        (default, ?, ?, ?, ?, ?, ?, ?)
Hibernate: 
    insert 
    into
        board
        (board_id, content, mod_date, reg_date, reply_cnt, title, user_id, view) 
    values
        (default, ?, ?, ?, ?, ?, ?, ?)
Hibernate: 
    insert 
    into
        board
        (board_id, content, mod_date, reg_date, reply_cnt, title, user_id, view) 
    values
        (default, ?, ?, ?, ?, ?, ?, ?)
Hibernate: 
    insert 
    into
        board
        (board_id, content, mod_date, reg_date, reply_cnt, title, user_id, view) 
    values
        (default, ?, ?, ?, ?, ?, ?, ?)
Hibernate: 
    insert 
    into
        board
        (board_id, content, mod_date, reg_date, reply_cnt, title, user_id, view) 
    values
        (default, ?, ?, ?, ?, ?, ?, ?)
Hibernate: 
    insert 
    into
        board
        (board_id, content, mod_date, reg_date, reply_cnt, title, user_id, view) 
    values
        (default, ?, ?, ?, ?, ?, ?, ?)
Hibernate: 
    insert 
    into
        board
        (board_id, content, mod_date, reg_date, reply_cnt, title, user_id, view) 
    values
        (default, ?, ?, ?, ?, ?, ?, ?)
Hibernate: 
    insert 
    into
        board
        (board_id, content, mod_date, reg_date, reply_cnt, title, user_id, view) 
    values
        (default, ?, ?, ?, ?, ?, ?, ?)
Hibernate: 
    insert 
    into
        board
        (board_id, content, mod_date, reg_date, reply_cnt, title, user_id, view) 
    values
        (default, ?, ?, ?, ?, ?, ?, ?)
Hibernate: 
    insert 
    into
        board
        (board_id, content, mod_date, reg_date, reply_cnt, title, user_id, view) 
    values
        (default, ?, ?, ?, ?, ?, ?, ?)
Hibernate: 
    insert 
    into
        board
        (board_id, content, mod_date, reg_date, reply_cnt, title, user_id, view) 
    values
        (default, ?, ?, ?, ?, ?, ?, ?)
Hibernate: 
    insert 
    into
        board
        (board_id, content, mod_date, reg_date, reply_cnt, title, user_id, view) 
    values
        (default, ?, ?, ?, ?, ?, ?, ?)
Hibernate: 
    insert 
    into
        board
        (board_id, content, mod_date, reg_date, reply_cnt, title, user_id, view) 
    values
        (default, ?, ?, ?, ?, ?, ?, ?)
Hibernate: 
    insert 
    into
        board
        (board_id, content, mod_date, reg_date, reply_cnt, title, user_id, view) 
    values
        (default, ?, ?, ?, ?, ?, ?, ?)
Hibernate: 
    insert 
    into
        board
        (board_id, content, mod_date, reg_date, reply_cnt, title, user_id, view) 
    values
        (default, ?, ?, ?, ?, ?, ?, ?)
Hibernate: 
    insert 
    into
        board
        (board_id, content, mod_date, reg_date, reply_cnt, title, user_id, view) 
    values
        (default, ?, ?, ?, ?, ?, ?, ?)
Hibernate: 
    insert 
    into
        board
        (board_id, content, mod_date, reg_date, reply_cnt, title, user_id, view) 
    values
        (default, ?, ?, ?, ?, ?, ?, ?)
Hibernate: 
    insert 
    into
        board
        (board_id, content, mod_date, reg_date, reply_cnt, title, user_id, view) 
    values
        (default, ?, ?, ?, ?, ?, ?, ?)
Hibernate: 
    insert 
    into
        board
        (board_id, content, mod_date, reg_date, reply_cnt, title, user_id, view) 
    values
        (default, ?, ?, ?, ?, ?, ?, ?)
Hibernate: 
    insert 
    into
        board
        (board_id, content, mod_date, reg_date, reply_cnt, title, user_id, view) 
    values
        (default, ?, ?, ?, ?, ?, ?, ?)
Hibernate: 
    insert 
    into
        board
        (board_id, content, mod_date, reg_date, reply_cnt, title, user_id, view) 
    values
        (default, ?, ?, ?, ?, ?, ?, ?)
Hibernate: 
    insert 
    into
        board
        (board_id, content, mod_date, reg_date, reply_cnt, title, user_id, view) 
    values
        (default, ?, ?, ?, ?, ?, ?, ?)
Hibernate: 
    insert 
    into
        board
        (board_id, content, mod_date, reg_date, reply_cnt, title, user_id, view) 
    values
        (default, ?, ?, ?, ?, ?, ?, ?)
Hibernate: 
    insert 
    into
        board
        (board_id, content, mod_date, reg_date, reply_cnt, title, user_id, view) 
    values
        (default, ?, ?, ?, ?, ?, ?, ?)
Hibernate: 
    insert 
    into
        board
        (board_id, content, mod_date, reg_date, reply_cnt, title, user_id, view) 
    values
        (default, ?, ?, ?, ?, ?, ?, ?)
Hibernate: 
    insert 
    into
        board
        (board_id, content, mod_date, reg_date, reply_cnt, title, user_id, view) 
    values
        (default, ?, ?, ?, ?, ?, ?, ?)
Hibernate: 
    insert 
    into
        board
        (board_id, content, mod_date, reg_date, reply_cnt, title, user_id, view) 
    values
        (default, ?, ?, ?, ?, ?, ?, ?)
Hibernate: 
    insert 
    into
        board
        (board_id, content, mod_date, reg_date, reply_cnt, title, user_id, view) 
    values
        (default, ?, ?, ?, ?, ?, ?, ?)
Hibernate: 
    insert 
    into
        board
        (board_id, content, mod_date, reg_date, reply_cnt, title, user_id, view) 
    values
        (default, ?, ?, ?, ?, ?, ?, ?)
Hibernate: 
    insert 
    into
        board
        (board_id, content, mod_date, reg_date, reply_cnt, title, user_id, view) 
    values
        (default, ?, ?, ?, ?, ?, ?, ?)
Hibernate: 
    insert 
    into
        board
        (board_id, content, mod_date, reg_date, reply_cnt, title, user_id, view) 
    values
        (default, ?, ?, ?, ?, ?, ?, ?)
Hibernate: 
    insert 
    into
        board
        (board_id, content, mod_date, reg_date, reply_cnt, title, user_id, view) 
    values
        (default, ?, ?, ?, ?, ?, ?, ?)
Hibernate: 
    insert 
    into
        board
        (board_id, content, mod_date, reg_date, reply_cnt, title, user_id, view) 
    values
        (default, ?, ?, ?, ?, ?, ?, ?)
Hibernate: 
    insert 
    into
        board
        (board_id, content, mod_date, reg_date, reply_cnt, title, user_id, view) 
    values
        (default, ?, ?, ?, ?, ?, ?, ?)
Hibernate: 
    insert 
    into
        board
        (board_id, content, mod_date, reg_date, reply_cnt, title, user_id, view) 
    values
        (default, ?, ?, ?, ?, ?, ?, ?)
Hibernate: 
    insert 
    into
        board
        (board_id, content, mod_date, reg_date, reply_cnt, title, user_id, view) 
    values
        (default, ?, ?, ?, ?, ?, ?, ?)
Hibernate: 
    insert 
    into
        board
        (board_id, content, mod_date, reg_date, reply_cnt, title, user_id, view) 
    values
        (default, ?, ?, ?, ?, ?, ?, ?)
Hibernate: 
    insert 
    into
        board
        (board_id, content, mod_date, reg_date, reply_cnt, title, user_id, view) 
    values
        (default, ?, ?, ?, ?, ?, ?, ?)
Hibernate: 
    insert 
    into
        board
        (board_id, content, mod_date, reg_date, reply_cnt, title, user_id, view) 
    values
        (default, ?, ?, ?, ?, ?, ?, ?)
Hibernate: 
    insert 
    into
        board
        (board_id, content, mod_date, reg_date, reply_cnt, title, user_id, view) 
    values
        (default, ?, ?, ?, ?, ?, ?, ?)
Hibernate: 
    insert 
    into
        board
        (board_id, content, mod_date, reg_date, reply_cnt, title, user_id, view) 
    values
        (default, ?, ?, ?, ?, ?, ?, ?)
Hibernate: 
    insert 
    into
        board
        (board_id, content, mod_date, reg_date, reply_cnt, title, user_id, view) 
    values
        (default, ?, ?, ?, ?, ?, ?, ?)
Hibernate: 
    insert 
    into
        board
        (board_id, content, mod_date, reg_date, reply_cnt, title, user_id, view) 
    values
        (default, ?, ?, ?, ?, ?, ?, ?)
Hibernate: 
    insert 
    into
        board
        (board_id, content, mod_date, reg_date, reply_cnt, title, user_id, view) 
    values
        (default, ?, ?, ?, ?, ?, ?, ?)
Hibernate: 
    insert 
    into
        board
        (board_id, content, mod_date, reg_date, reply_cnt, title, user_id, view) 
    values
        (default, ?, ?, ?, ?, ?, ?, ?)
Hibernate: 
    insert 
    into
        board
        (board_id, content, mod_date, reg_date, reply_cnt, title, user_id, view) 
    values
        (default, ?, ?, ?, ?, ?, ?, ?)
Hibernate: 
    insert 
    into
        board
        (board_id, content, mod_date, reg_date, reply_cnt, title, user_id, view) 
    values
        (default, ?, ?, ?, ?, ?, ?, ?)
Hibernate: 
    insert 
    into
        board
        (board_id, content, mod_date, reg_date, reply_cnt, title, user_id, view) 
    values
        (default, ?, ?, ?, ?, ?, ?, ?)
Hibernate: 
    insert 
    into
        board
        (board_id, content, mod_date, reg_date, reply_cnt, title, user_id, view) 
    values
        (default, ?, ?, ?, ?, ?, ?, ?)
Hibernate: 
    insert 
    into
        board
        (board_id, content, mod_date, reg_date, reply_cnt, title, user_id, view) 
    values
        (default, ?, ?, ?, ?, ?, ?, ?)
Hibernate: 
    insert 
    into
        board
        (board_id, content, mod_date, reg_date, reply_cnt, title, user_id, view) 
    values
        (default, ?, ?, ?, ?, ?, ?, ?)
Hibernate: 
    insert 
    into
        board
        (board_id, content, mod_date, reg_date, reply_cnt, title, user_id, view) 
    values
        (default, ?, ?, ?, ?, ?, ?, ?)
Hibernate: 
    insert 
    into
        board
        (board_id, content, mod_date, reg_date, reply_cnt, title, user_id, view) 
    values
        (default, ?, ?, ?, ?, ?, ?, ?)
Hibernate: 
    insert 
    into
        board
        (board_id, content, mod_date, reg_date, reply_cnt, title, user_id, view) 
    values
        (default, ?, ?, ?, ?, ?, ?, ?)
Hibernate: 
    insert 
    into
        board
        (board_id, content, mod_date, reg_date, reply_cnt, title, user_id, view) 
    values
        (default, ?, ?, ?, ?, ?, ?, ?)
Hibernate: 
    insert 
    into
        board
        (board_id, content, mod_date, reg_date, reply_cnt, title, user_id, view) 
    values
        (default, ?, ?, ?, ?, ?, ?, ?)
Hibernate: 
    insert 
    into
        board
        (board_id, content, mod_date, reg_date, reply_cnt, title, user_id, view) 
    values
        (default, ?, ?, ?, ?, ?, ?, ?)
Hibernate: 
    insert 
    into
        board
        (board_id, content, mod_date, reg_date, reply_cnt, title, user_id, view) 
    values
        (default, ?, ?, ?, ?, ?, ?, ?)
Hibernate: 
    insert 
    into
        board
        (board_id, content, mod_date, reg_date, reply_cnt, title, user_id, view) 
    values
        (default, ?, ?, ?, ?, ?, ?, ?)
Hibernate: 
    insert 
    into
        board
        (board_id, content, mod_date, reg_date, reply_cnt, title, user_id, view) 
    values
        (default, ?, ?, ?, ?, ?, ?, ?)
Hibernate: 
    insert 
    into
        board
        (board_id, content, mod_date, reg_date, reply_cnt, title, user_id, view) 
    values
        (default, ?, ?, ?, ?, ?, ?, ?)
Hibernate: 
    insert 
    into
        board
        (board_id, content, mod_date, reg_date, reply_cnt, title, user_id, view) 
    values
        (default, ?, ?, ?, ?, ?, ?, ?)
Hibernate: 
    insert 
    into
        board
        (board_id, content, mod_date, reg_date, reply_cnt, title, user_id, view) 
    values
        (default, ?, ?, ?, ?, ?, ?, ?)
Hibernate: 
    insert 
    into
        board
        (board_id, content, mod_date, reg_date, reply_cnt, title, user_id, view) 
    values
        (default, ?, ?, ?, ?, ?, ?, ?)
Hibernate: 
    insert 
    into
        board
        (board_id, content, mod_date, reg_date, reply_cnt, title, user_id, view) 
    values
        (default, ?, ?, ?, ?, ?, ?, ?)
Hibernate: 
    insert 
    into
        board
        (board_id, content, mod_date, reg_date, reply_cnt, title, user_id, view) 
    values
        (default, ?, ?, ?, ?, ?, ?, ?)
Hibernate: 
    insert 
    into
        board
        (board_id, content, mod_date, reg_date, reply_cnt, title, user_id, view) 
    values
        (default, ?, ?, ?, ?, ?, ?, ?)
Hibernate: 
    insert 
    into
        board
        (board_id, content, mod_date, reg_date, reply_cnt, title, user_id, view) 
    values
        (default, ?, ?, ?, ?, ?, ?, ?)
Hibernate: 
    insert 
    into
        board
        (board_id, content, mod_date, reg_date, reply_cnt, title, user_id, view) 
    values
        (default, ?, ?, ?, ?, ?, ?, ?)
Hibernate: 
    insert 
    into
        board
        (board_id, content, mod_date, reg_date, reply_cnt, title, user_id, view) 
    values
        (default, ?, ?, ?, ?, ?, ?, ?)
Hibernate: 
    insert 
    into
        board
        (board_id, content, mod_date, reg_date, reply_cnt, title, user_id, view) 
    values
        (default, ?, ?, ?, ?, ?, ?, ?)
Hibernate: 
    insert 
    into
        board
        (board_id, content, mod_date, reg_date, reply_cnt, title, user_id, view) 
    values
        (default, ?, ?, ?, ?, ?, ?, ?)
Hibernate: 
    insert 
    into
        board
        (board_id, content, mod_date, reg_date, reply_cnt, title, user_id, view) 
    values
        (default, ?, ?, ?, ?, ?, ?, ?)
Hibernate: 
    insert 
    into
        board
        (board_id, content, mod_date, reg_date, reply_cnt, title, user_id, view) 
    values
        (default, ?, ?, ?, ?, ?, ?, ?)
Hibernate: 
    insert 
    into
        board
        (board_id, content, mod_date, reg_date, reply_cnt, title, user_id, view) 
    values
        (default, ?, ?, ?, ?, ?, ?, ?)
Hibernate: 
    insert 
    into
        board
        (board_id, content, mod_date, reg_date, reply_cnt, title, user_id, view) 
    values
        (default, ?, ?, ?, ?, ?, ?, ?)
Hibernate: 
    insert 
    into
        board
        (board_id, content, mod_date, reg_date, reply_cnt, title, user_id, view) 
    values
        (default, ?, ?, ?, ?, ?, ?, ?)
Hibernate: 
    insert 
    into
        board
        (board_id, content, mod_date, reg_date, reply_cnt, title, user_id, view) 
    values
        (default, ?, ?, ?, ?, ?, ?, ?)
Hibernate: 
    insert 
    into
        board
        (board_id, content, mod_date, reg_date, reply_cnt, title, user_id, view) 
    values
        (default, ?, ?, ?, ?, ?, ?, ?)
Hibernate: 
    select
        board0_.board_id as board_id1_0_0_,
        user1_.user_id as user_id1_9_1_,
        board0_.content as content2_0_0_,
        board0_.mod_date as mod_date3_0_0_,
        board0_.reg_date as reg_date4_0_0_,
        board0_.reply_cnt as reply_cn5_0_0_,
        board0_.title as title6_0_0_,
        board0_.user_id as user_id8_0_0_,
        board0_.view as view7_0_0_,
        user1_.email as email2_9_1_,
        user1_.nickname as nickname3_9_1_,
        user1_.password as password4_9_1_,
        user1_.provider as provider5_9_1_,
        user1_.reg_date as reg_date6_9_1_,
        user1_.role as role7_9_1_,
        user1_.username as username8_9_1_ 
    from
        board board0_ 
    inner join
        user user1_ 
            on board0_.user_id=user1_.user_id 
    order by
        board0_.board_id desc limit ?
Hibernate: 
    select
        count(board0_.board_id) as col_0_0_ 
    from
        board board0_
2022-10-14 17:07:51.881  INFO 15332 --- [    Test worker] o.s.t.c.transaction.TransactionContext   : Rolled back transaction for test: [DefaultTestContext@f55ecec testClass = BoardServiceTest, testInstance = com.example.care.board.service.BoardServiceTest@1b52f723, testMethod = paginationTest1@BoardServiceTest, testException = [null], mergedContextConfiguration = [WebMergedContextConfiguration@423325e0 testClass = BoardServiceTest, locations = '{}', classes = '{class com.example.care.CareApplication}', contextInitializerClasses = '[]', activeProfiles = '{}', propertySourceLocations = '{}', propertySourceProperties = '{org.springframework.boot.test.context.SpringBootTestContextBootstrapper=true}', contextCustomizers = set[org.springframework.boot.test.autoconfigure.actuate.metrics.MetricsExportContextCustomizerFactory$DisableMetricExportContextCustomizer@3f363cf5, org.springframework.boot.test.autoconfigure.properties.PropertyMappingContextCustomizer@0, org.springframework.boot.test.autoconfigure.web.servlet.WebDriverContextCustomizerFactory$Customizer@a5b0b86, org.springframework.boot.test.context.filter.ExcludeFilterContextCustomizer@b968a76, org.springframework.boot.test.json.DuplicateJsonObjectContextCustomizerFactory$DuplicateJsonObjectContextCustomizer@1433046b, org.springframework.boot.test.mock.mockito.MockitoContextCustomizer@0, org.springframework.boot.test.web.client.TestRestTemplateContextCustomizer@2e54db99, org.springframework.boot.test.web.reactive.server.WebTestClientContextCustomizer@5b080f3a, org.springframework.boot.test.context.SpringBootTestArgs@1, org.springframework.boot.test.context.SpringBootTestWebEnvironment@479cbee5], resourceBasePath = 'src/main/webapp', contextLoader = 'org.springframework.boot.test.context.SpringBootContextLoader', parent = [null]], attributes = map['org.springframework.test.context.web.ServletTestExecutionListener.activateListener' -> true, 'org.springframework.test.context.web.ServletTestExecutionListener.populatedRequestContextHolder' -> true, 'org.springframework.test.context.web.ServletTestExecutionListener.resetRequestContextHolder' -> true, 'org.springframework.test.context.event.ApplicationEventsTestExecutionListener.recordApplicationEvents' -> false]]
2022-10-14 17:07:51.884  INFO 15332 --- [    Test worker] o.s.t.c.transaction.TransactionContext   : Began transaction (1) for test context [DefaultTestContext@f55ecec testClass = BoardServiceTest, testInstance = com.example.care.board.service.BoardServiceTest@5698a866, testMethod = paginationTest2@BoardServiceTest, testException = [null], mergedContextConfiguration = [WebMergedContextConfiguration@423325e0 testClass = BoardServiceTest, locations = '{}', classes = '{class com.example.care.CareApplication}', contextInitializerClasses = '[]', activeProfiles = '{}', propertySourceLocations = '{}', propertySourceProperties = '{org.springframework.boot.test.context.SpringBootTestContextBootstrapper=true}', contextCustomizers = set[org.springframework.boot.test.autoconfigure.actuate.metrics.MetricsExportContextCustomizerFactory$DisableMetricExportContextCustomizer@3f363cf5, org.springframework.boot.test.autoconfigure.properties.PropertyMappingContextCustomizer@0, org.springframework.boot.test.autoconfigure.web.servlet.WebDriverContextCustomizerFactory$Customizer@a5b0b86, org.springframework.boot.test.context.filter.ExcludeFilterContextCustomizer@b968a76, org.springframework.boot.test.json.DuplicateJsonObjectContextCustomizerFactory$DuplicateJsonObjectContextCustomizer@1433046b, org.springframework.boot.test.mock.mockito.MockitoContextCustomizer@0, org.springframework.boot.test.web.client.TestRestTemplateContextCustomizer@2e54db99, org.springframework.boot.test.web.reactive.server.WebTestClientContextCustomizer@5b080f3a, org.springframework.boot.test.context.SpringBootTestArgs@1, org.springframework.boot.test.context.SpringBootTestWebEnvironment@479cbee5], resourceBasePath = 'src/main/webapp', contextLoader = 'org.springframework.boot.test.context.SpringBootContextLoader', parent = [null]], attributes = map['org.springframework.test.context.web.ServletTestExecutionListener.activateListener' -> true, 'org.springframework.test.context.web.ServletTestExecutionListener.populatedRequestContextHolder' -> true, 'org.springframework.test.context.web.ServletTestExecutionListener.resetRequestContextHolder' -> true, 'org.springframework.test.context.event.ApplicationEventsTestExecutionListener.recordApplicationEvents' -> false]]; transaction manager [org.springframework.orm.jpa.JpaTransactionManager@698e2cba]; rollback [true]
Hibernate: 
    insert 
    into
        user
        (user_id, email, nickname, password, provider, reg_date, role, username) 
    values
        (default, ?, ?, ?, ?, ?, ?, ?)
Hibernate: 
    insert 
    into
        board
        (board_id, content, mod_date, reg_date, reply_cnt, title, user_id, view) 
    values
        (default, ?, ?, ?, ?, ?, ?, ?)
Hibernate: 
    select
        board0_.board_id as board_id1_0_0_,
        user1_.user_id as user_id1_9_1_,
        board0_.content as content2_0_0_,
        board0_.mod_date as mod_date3_0_0_,
        board0_.reg_date as reg_date4_0_0_,
        board0_.reply_cnt as reply_cn5_0_0_,
        board0_.title as title6_0_0_,
        board0_.user_id as user_id8_0_0_,
        board0_.view as view7_0_0_,
        user1_.email as email2_9_1_,
        user1_.nickname as nickname3_9_1_,
        user1_.password as password4_9_1_,
        user1_.provider as provider5_9_1_,
        user1_.reg_date as reg_date6_9_1_,
        user1_.role as role7_9_1_,
        user1_.username as username8_9_1_ 
    from
        board board0_ 
    inner join
        user user1_ 
            on board0_.user_id=user1_.user_id 
    order by
        board0_.board_id desc limit ?
Hibernate: 
    select
        count(board0_.board_id) as col_0_0_ 
    from
        board board0_
2022-10-14 17:07:51.901  INFO 15332 --- [    Test worker] o.s.t.c.transaction.TransactionContext   : Rolled back transaction for test: [DefaultTestContext@f55ecec testClass = BoardServiceTest, testInstance = com.example.care.board.service.BoardServiceTest@5698a866, testMethod = paginationTest2@BoardServiceTest, testException = [null], mergedContextConfiguration = [WebMergedContextConfiguration@423325e0 testClass = BoardServiceTest, locations = '{}', classes = '{class com.example.care.CareApplication}', contextInitializerClasses = '[]', activeProfiles = '{}', propertySourceLocations = '{}', propertySourceProperties = '{org.springframework.boot.test.context.SpringBootTestContextBootstrapper=true}', contextCustomizers = set[org.springframework.boot.test.autoconfigure.actuate.metrics.MetricsExportContextCustomizerFactory$DisableMetricExportContextCustomizer@3f363cf5, org.springframework.boot.test.autoconfigure.properties.PropertyMappingContextCustomizer@0, org.springframework.boot.test.autoconfigure.web.servlet.WebDriverContextCustomizerFactory$Customizer@a5b0b86, org.springframework.boot.test.context.filter.ExcludeFilterContextCustomizer@b968a76, org.springframework.boot.test.json.DuplicateJsonObjectContextCustomizerFactory$DuplicateJsonObjectContextCustomizer@1433046b, org.springframework.boot.test.mock.mockito.MockitoContextCustomizer@0, org.springframework.boot.test.web.client.TestRestTemplateContextCustomizer@2e54db99, org.springframework.boot.test.web.reactive.server.WebTestClientContextCustomizer@5b080f3a, org.springframework.boot.test.context.SpringBootTestArgs@1, org.springframework.boot.test.context.SpringBootTestWebEnvironment@479cbee5], resourceBasePath = 'src/main/webapp', contextLoader = 'org.springframework.boot.test.context.SpringBootContextLoader', parent = [null]], attributes = map['org.springframework.test.context.web.ServletTestExecutionListener.activateListener' -> true, 'org.springframework.test.context.web.ServletTestExecutionListener.populatedRequestContextHolder' -> true, 'org.springframework.test.context.web.ServletTestExecutionListener.resetRequestContextHolder' -> true, 'org.springframework.test.context.event.ApplicationEventsTestExecutionListener.recordApplicationEvents' -> false]]
2022-10-14 17:07:51.904  INFO 15332 --- [    Test worker] o.s.t.c.transaction.TransactionContext   : Began transaction (1) for test context [DefaultTestContext@f55ecec testClass = BoardServiceTest, testInstance = com.example.care.board.service.BoardServiceTest@4bb747c1, testMethod = paginationTest3@BoardServiceTest, testException = [null], mergedContextConfiguration = [WebMergedContextConfiguration@423325e0 testClass = BoardServiceTest, locations = '{}', classes = '{class com.example.care.CareApplication}', contextInitializerClasses = '[]', activeProfiles = '{}', propertySourceLocations = '{}', propertySourceProperties = '{org.springframework.boot.test.context.SpringBootTestContextBootstrapper=true}', contextCustomizers = set[org.springframework.boot.test.autoconfigure.actuate.metrics.MetricsExportContextCustomizerFactory$DisableMetricExportContextCustomizer@3f363cf5, org.springframework.boot.test.autoconfigure.properties.PropertyMappingContextCustomizer@0, org.springframework.boot.test.autoconfigure.web.servlet.WebDriverContextCustomizerFactory$Customizer@a5b0b86, org.springframework.boot.test.context.filter.ExcludeFilterContextCustomizer@b968a76, org.springframework.boot.test.json.DuplicateJsonObjectContextCustomizerFactory$DuplicateJsonObjectContextCustomizer@1433046b, org.springframework.boot.test.mock.mockito.MockitoContextCustomizer@0, org.springframework.boot.test.web.client.TestRestTemplateContextCustomizer@2e54db99, org.springframework.boot.test.web.reactive.server.WebTestClientContextCustomizer@5b080f3a, org.springframework.boot.test.context.SpringBootTestArgs@1, org.springframework.boot.test.context.SpringBootTestWebEnvironment@479cbee5], resourceBasePath = 'src/main/webapp', contextLoader = 'org.springframework.boot.test.context.SpringBootContextLoader', parent = [null]], attributes = map['org.springframework.test.context.web.ServletTestExecutionListener.activateListener' -> true, 'org.springframework.test.context.web.ServletTestExecutionListener.populatedRequestContextHolder' -> true, 'org.springframework.test.context.web.ServletTestExecutionListener.resetRequestContextHolder' -> true, 'org.springframework.test.context.event.ApplicationEventsTestExecutionListener.recordApplicationEvents' -> false]]; transaction manager [org.springframework.orm.jpa.JpaTransactionManager@698e2cba]; rollback [true]
Hibernate: 
    insert 
    into
        user
        (user_id, email, nickname, password, provider, reg_date, role, username) 
    values
        (default, ?, ?, ?, ?, ?, ?, ?)
Hibernate: 
    insert 
    into
        board
        (board_id, content, mod_date, reg_date, reply_cnt, title, user_id, view) 
    values
        (default, ?, ?, ?, ?, ?, ?, ?)
Hibernate: 
    insert 
    into
        board
        (board_id, content, mod_date, reg_date, reply_cnt, title, user_id, view) 
    values
        (default, ?, ?, ?, ?, ?, ?, ?)
Hibernate: 
    insert 
    into
        board
        (board_id, content, mod_date, reg_date, reply_cnt, title, user_id, view) 
    values
        (default, ?, ?, ?, ?, ?, ?, ?)
Hibernate: 
    insert 
    into
        board
        (board_id, content, mod_date, reg_date, reply_cnt, title, user_id, view) 
    values
        (default, ?, ?, ?, ?, ?, ?, ?)
Hibernate: 
    insert 
    into
        board
        (board_id, content, mod_date, reg_date, reply_cnt, title, user_id, view) 
    values
        (default, ?, ?, ?, ?, ?, ?, ?)
Hibernate: 
    insert 
    into
        board
        (board_id, content, mod_date, reg_date, reply_cnt, title, user_id, view) 
    values
        (default, ?, ?, ?, ?, ?, ?, ?)
Hibernate: 
    insert 
    into
        board
        (board_id, content, mod_date, reg_date, reply_cnt, title, user_id, view) 
    values
        (default, ?, ?, ?, ?, ?, ?, ?)
Hibernate: 
    insert 
    into
        board
        (board_id, content, mod_date, reg_date, reply_cnt, title, user_id, view) 
    values
        (default, ?, ?, ?, ?, ?, ?, ?)
Hibernate: 
    insert 
    into
        board
        (board_id, content, mod_date, reg_date, reply_cnt, title, user_id, view) 
    values
        (default, ?, ?, ?, ?, ?, ?, ?)
Hibernate: 
    insert 
    into
        board
        (board_id, content, mod_date, reg_date, reply_cnt, title, user_id, view) 
    values
        (default, ?, ?, ?, ?, ?, ?, ?)
Hibernate: 
    insert 
    into
        board
        (board_id, content, mod_date, reg_date, reply_cnt, title, user_id, view) 
    values
        (default, ?, ?, ?, ?, ?, ?, ?)
Hibernate: 
    insert 
    into
        board
        (board_id, content, mod_date, reg_date, reply_cnt, title, user_id, view) 
    values
        (default, ?, ?, ?, ?, ?, ?, ?)
Hibernate: 
    insert 
    into
        board
        (board_id, content, mod_date, reg_date, reply_cnt, title, user_id, view) 
    values
        (default, ?, ?, ?, ?, ?, ?, ?)
Hibernate: 
    insert 
    into
        board
        (board_id, content, mod_date, reg_date, reply_cnt, title, user_id, view) 
    values
        (default, ?, ?, ?, ?, ?, ?, ?)
Hibernate: 
    insert 
    into
        board
        (board_id, content, mod_date, reg_date, reply_cnt, title, user_id, view) 
    values
        (default, ?, ?, ?, ?, ?, ?, ?)
Hibernate: 
    insert 
    into
        board
        (board_id, content, mod_date, reg_date, reply_cnt, title, user_id, view) 
    values
        (default, ?, ?, ?, ?, ?, ?, ?)
Hibernate: 
    insert 
    into
        board
        (board_id, content, mod_date, reg_date, reply_cnt, title, user_id, view) 
    values
        (default, ?, ?, ?, ?, ?, ?, ?)
Hibernate: 
    insert 
    into
        board
        (board_id, content, mod_date, reg_date, reply_cnt, title, user_id, view) 
    values
        (default, ?, ?, ?, ?, ?, ?, ?)
Hibernate: 
    insert 
    into
        board
        (board_id, content, mod_date, reg_date, reply_cnt, title, user_id, view) 
    values
        (default, ?, ?, ?, ?, ?, ?, ?)
Hibernate: 
    insert 
    into
        board
        (board_id, content, mod_date, reg_date, reply_cnt, title, user_id, view) 
    values
        (default, ?, ?, ?, ?, ?, ?, ?)
Hibernate: 
    insert 
    into
        board
        (board_id, content, mod_date, reg_date, reply_cnt, title, user_id, view) 
    values
        (default, ?, ?, ?, ?, ?, ?, ?)
Hibernate: 
    insert 
    into
        board
        (board_id, content, mod_date, reg_date, reply_cnt, title, user_id, view) 
    values
        (default, ?, ?, ?, ?, ?, ?, ?)
Hibernate: 
    insert 
    into
        board
        (board_id, content, mod_date, reg_date, reply_cnt, title, user_id, view) 
    values
        (default, ?, ?, ?, ?, ?, ?, ?)
Hibernate: 
    insert 
    into
        board
        (board_id, content, mod_date, reg_date, reply_cnt, title, user_id, view) 
    values
        (default, ?, ?, ?, ?, ?, ?, ?)
Hibernate: 
    insert 
    into
        board
        (board_id, content, mod_date, reg_date, reply_cnt, title, user_id, view) 
    values
        (default, ?, ?, ?, ?, ?, ?, ?)
Hibernate: 
    insert 
    into
        board
        (board_id, content, mod_date, reg_date, reply_cnt, title, user_id, view) 
    values
        (default, ?, ?, ?, ?, ?, ?, ?)
Hibernate: 
    insert 
    into
        board
        (board_id, content, mod_date, reg_date, reply_cnt, title, user_id, view) 
    values
        (default, ?, ?, ?, ?, ?, ?, ?)
Hibernate: 
    insert 
    into
        board
        (board_id, content, mod_date, reg_date, reply_cnt, title, user_id, view) 
    values
        (default, ?, ?, ?, ?, ?, ?, ?)
Hibernate: 
    insert 
    into
        board
        (board_id, content, mod_date, reg_date, reply_cnt, title, user_id, view) 
    values
        (default, ?, ?, ?, ?, ?, ?, ?)
Hibernate: 
    insert 
    into
        board
        (board_id, content, mod_date, reg_date, reply_cnt, title, user_id, view) 
    values
        (default, ?, ?, ?, ?, ?, ?, ?)
Hibernate: 
    insert 
    into
        board
        (board_id, content, mod_date, reg_date, reply_cnt, title, user_id, view) 
    values
        (default, ?, ?, ?, ?, ?, ?, ?)
Hibernate: 
    insert 
    into
        board
        (board_id, content, mod_date, reg_date, reply_cnt, title, user_id, view) 
    values
        (default, ?, ?, ?, ?, ?, ?, ?)
Hibernate: 
    insert 
    into
        board
        (board_id, content, mod_date, reg_date, reply_cnt, title, user_id, view) 
    values
        (default, ?, ?, ?, ?, ?, ?, ?)
Hibernate: 
    insert 
    into
        board
        (board_id, content, mod_date, reg_date, reply_cnt, title, user_id, view) 
    values
        (default, ?, ?, ?, ?, ?, ?, ?)
Hibernate: 
    insert 
    into
        board
        (board_id, content, mod_date, reg_date, reply_cnt, title, user_id, view) 
    values
        (default, ?, ?, ?, ?, ?, ?, ?)
Hibernate: 
    insert 
    into
        board
        (board_id, content, mod_date, reg_date, reply_cnt, title, user_id, view) 
    values
        (default, ?, ?, ?, ?, ?, ?, ?)
Hibernate: 
    insert 
    into
        board
        (board_id, content, mod_date, reg_date, reply_cnt, title, user_id, view) 
    values
        (default, ?, ?, ?, ?, ?, ?, ?)
Hibernate: 
    insert 
    into
        board
        (board_id, content, mod_date, reg_date, reply_cnt, title, user_id, view) 
    values
        (default, ?, ?, ?, ?, ?, ?, ?)
Hibernate: 
    insert 
    into
        board
        (board_id, content, mod_date, reg_date, reply_cnt, title, user_id, view) 
    values
        (default, ?, ?, ?, ?, ?, ?, ?)
Hibernate: 
    insert 
    into
        board
        (board_id, content, mod_date, reg_date, reply_cnt, title, user_id, view) 
    values
        (default, ?, ?, ?, ?, ?, ?, ?)
Hibernate: 
    insert 
    into
        board
        (board_id, content, mod_date, reg_date, reply_cnt, title, user_id, view) 
    values
        (default, ?, ?, ?, ?, ?, ?, ?)
Hibernate: 
    insert 
    into
        board
        (board_id, content, mod_date, reg_date, reply_cnt, title, user_id, view) 
    values
        (default, ?, ?, ?, ?, ?, ?, ?)
Hibernate: 
    insert 
    into
        board
        (board_id, content, mod_date, reg_date, reply_cnt, title, user_id, view) 
    values
        (default, ?, ?, ?, ?, ?, ?, ?)
Hibernate: 
    insert 
    into
        board
        (board_id, content, mod_date, reg_date, reply_cnt, title, user_id, view) 
    values
        (default, ?, ?, ?, ?, ?, ?, ?)
Hibernate: 
    insert 
    into
        board
        (board_id, content, mod_date, reg_date, reply_cnt, title, user_id, view) 
    values
        (default, ?, ?, ?, ?, ?, ?, ?)
Hibernate: 
    insert 
    into
        board
        (board_id, content, mod_date, reg_date, reply_cnt, title, user_id, view) 
    values
        (default, ?, ?, ?, ?, ?, ?, ?)
Hibernate: 
    insert 
    into
        board
        (board_id, content, mod_date, reg_date, reply_cnt, title, user_id, view) 
    values
        (default, ?, ?, ?, ?, ?, ?, ?)
Hibernate: 
    insert 
    into
        board
        (board_id, content, mod_date, reg_date, reply_cnt, title, user_id, view) 
    values
        (default, ?, ?, ?, ?, ?, ?, ?)
Hibernate: 
    insert 
    into
        board
        (board_id, content, mod_date, reg_date, reply_cnt, title, user_id, view) 
    values
        (default, ?, ?, ?, ?, ?, ?, ?)
Hibernate: 
    insert 
    into
        board
        (board_id, content, mod_date, reg_date, reply_cnt, title, user_id, view) 
    values
        (default, ?, ?, ?, ?, ?, ?, ?)
Hibernate: 
    insert 
    into
        board
        (board_id, content, mod_date, reg_date, reply_cnt, title, user_id, view) 
    values
        (default, ?, ?, ?, ?, ?, ?, ?)
Hibernate: 
    insert 
    into
        board
        (board_id, content, mod_date, reg_date, reply_cnt, title, user_id, view) 
    values
        (default, ?, ?, ?, ?, ?, ?, ?)
Hibernate: 
    insert 
    into
        board
        (board_id, content, mod_date, reg_date, reply_cnt, title, user_id, view) 
    values
        (default, ?, ?, ?, ?, ?, ?, ?)
Hibernate: 
    insert 
    into
        board
        (board_id, content, mod_date, reg_date, reply_cnt, title, user_id, view) 
    values
        (default, ?, ?, ?, ?, ?, ?, ?)
Hibernate: 
    insert 
    into
        board
        (board_id, content, mod_date, reg_date, reply_cnt, title, user_id, view) 
    values
        (default, ?, ?, ?, ?, ?, ?, ?)
Hibernate: 
    insert 
    into
        board
        (board_id, content, mod_date, reg_date, reply_cnt, title, user_id, view) 
    values
        (default, ?, ?, ?, ?, ?, ?, ?)
Hibernate: 
    insert 
    into
        board
        (board_id, content, mod_date, reg_date, reply_cnt, title, user_id, view) 
    values
        (default, ?, ?, ?, ?, ?, ?, ?)
Hibernate: 
    insert 
    into
        board
        (board_id, content, mod_date, reg_date, reply_cnt, title, user_id, view) 
    values
        (default, ?, ?, ?, ?, ?, ?, ?)
Hibernate: 
    insert 
    into
        board
        (board_id, content, mod_date, reg_date, reply_cnt, title, user_id, view) 
    values
        (default, ?, ?, ?, ?, ?, ?, ?)
Hibernate: 
    insert 
    into
        board
        (board_id, content, mod_date, reg_date, reply_cnt, title, user_id, view) 
    values
        (default, ?, ?, ?, ?, ?, ?, ?)
Hibernate: 
    insert 
    into
        board
        (board_id, content, mod_date, reg_date, reply_cnt, title, user_id, view) 
    values
        (default, ?, ?, ?, ?, ?, ?, ?)
Hibernate: 
    insert 
    into
        board
        (board_id, content, mod_date, reg_date, reply_cnt, title, user_id, view) 
    values
        (default, ?, ?, ?, ?, ?, ?, ?)
Hibernate: 
    insert 
    into
        board
        (board_id, content, mod_date, reg_date, reply_cnt, title, user_id, view) 
    values
        (default, ?, ?, ?, ?, ?, ?, ?)
Hibernate: 
    insert 
    into
        board
        (board_id, content, mod_date, reg_date, reply_cnt, title, user_id, view) 
    values
        (default, ?, ?, ?, ?, ?, ?, ?)
Hibernate: 
    insert 
    into
        board
        (board_id, content, mod_date, reg_date, reply_cnt, title, user_id, view) 
    values
        (default, ?, ?, ?, ?, ?, ?, ?)
Hibernate: 
    insert 
    into
        board
        (board_id, content, mod_date, reg_date, reply_cnt, title, user_id, view) 
    values
        (default, ?, ?, ?, ?, ?, ?, ?)
Hibernate: 
    insert 
    into
        board
        (board_id, content, mod_date, reg_date, reply_cnt, title, user_id, view) 
    values
        (default, ?, ?, ?, ?, ?, ?, ?)
Hibernate: 
    insert 
    into
        board
        (board_id, content, mod_date, reg_date, reply_cnt, title, user_id, view) 
    values
        (default, ?, ?, ?, ?, ?, ?, ?)
Hibernate: 
    insert 
    into
        board
        (board_id, content, mod_date, reg_date, reply_cnt, title, user_id, view) 
    values
        (default, ?, ?, ?, ?, ?, ?, ?)
Hibernate: 
    insert 
    into
        board
        (board_id, content, mod_date, reg_date, reply_cnt, title, user_id, view) 
    values
        (default, ?, ?, ?, ?, ?, ?, ?)
Hibernate: 
    insert 
    into
        board
        (board_id, content, mod_date, reg_date, reply_cnt, title, user_id, view) 
    values
        (default, ?, ?, ?, ?, ?, ?, ?)
Hibernate: 
    insert 
    into
        board
        (board_id, content, mod_date, reg_date, reply_cnt, title, user_id, view) 
    values
        (default, ?, ?, ?, ?, ?, ?, ?)
Hibernate: 
    insert 
    into
        board
        (board_id, content, mod_date, reg_date, reply_cnt, title, user_id, view) 
    values
        (default, ?, ?, ?, ?, ?, ?, ?)
Hibernate: 
    insert 
    into
        board
        (board_id, content, mod_date, reg_date, reply_cnt, title, user_id, view) 
    values
        (default, ?, ?, ?, ?, ?, ?, ?)
Hibernate: 
    insert 
    into
        board
        (board_id, content, mod_date, reg_date, reply_cnt, title, user_id, view) 
    values
        (default, ?, ?, ?, ?, ?, ?, ?)
Hibernate: 
    insert 
    into
        board
        (board_id, content, mod_date, reg_date, reply_cnt, title, user_id, view) 
    values
        (default, ?, ?, ?, ?, ?, ?, ?)
Hibernate: 
    insert 
    into
        board
        (board_id, content, mod_date, reg_date, reply_cnt, title, user_id, view) 
    values
        (default, ?, ?, ?, ?, ?, ?, ?)
Hibernate: 
    insert 
    into
        board
        (board_id, content, mod_date, reg_date, reply_cnt, title, user_id, view) 
    values
        (default, ?, ?, ?, ?, ?, ?, ?)
Hibernate: 
    insert 
    into
        board
        (board_id, content, mod_date, reg_date, reply_cnt, title, user_id, view) 
    values
        (default, ?, ?, ?, ?, ?, ?, ?)
Hibernate: 
    insert 
    into
        board
        (board_id, content, mod_date, reg_date, reply_cnt, title, user_id, view) 
    values
        (default, ?, ?, ?, ?, ?, ?, ?)
Hibernate: 
    insert 
    into
        board
        (board_id, content, mod_date, reg_date, reply_cnt, title, user_id, view) 
    values
        (default, ?, ?, ?, ?, ?, ?, ?)
Hibernate: 
    insert 
    into
        board
        (board_id, content, mod_date, reg_date, reply_cnt, title, user_id, view) 
    values
        (default, ?, ?, ?, ?, ?, ?, ?)
Hibernate: 
    insert 
    into
        board
        (board_id, content, mod_date, reg_date, reply_cnt, title, user_id, view) 
    values
        (default, ?, ?, ?, ?, ?, ?, ?)
Hibernate: 
    insert 
    into
        board
        (board_id, content, mod_date, reg_date, reply_cnt, title, user_id, view) 
    values
        (default, ?, ?, ?, ?, ?, ?, ?)
Hibernate: 
    insert 
    into
        board
        (board_id, content, mod_date, reg_date, reply_cnt, title, user_id, view) 
    values
        (default, ?, ?, ?, ?, ?, ?, ?)
Hibernate: 
    insert 
    into
        board
        (board_id, content, mod_date, reg_date, reply_cnt, title, user_id, view) 
    values
        (default, ?, ?, ?, ?, ?, ?, ?)
Hibernate: 
    insert 
    into
        board
        (board_id, content, mod_date, reg_date, reply_cnt, title, user_id, view) 
    values
        (default, ?, ?, ?, ?, ?, ?, ?)
Hibernate: 
    insert 
    into
        board
        (board_id, content, mod_date, reg_date, reply_cnt, title, user_id, view) 
    values
        (default, ?, ?, ?, ?, ?, ?, ?)
Hibernate: 
    insert 
    into
        board
        (board_id, content, mod_date, reg_date, reply_cnt, title, user_id, view) 
    values
        (default, ?, ?, ?, ?, ?, ?, ?)
Hibernate: 
    insert 
    into
        board
        (board_id, content, mod_date, reg_date, reply_cnt, title, user_id, view) 
    values
        (default, ?, ?, ?, ?, ?, ?, ?)
Hibernate: 
    insert 
    into
        board
        (board_id, content, mod_date, reg_date, reply_cnt, title, user_id, view) 
    values
        (default, ?, ?, ?, ?, ?, ?, ?)
Hibernate: 
    insert 
    into
        board
        (board_id, content, mod_date, reg_date, reply_cnt, title, user_id, view) 
    values
        (default, ?, ?, ?, ?, ?, ?, ?)
Hibernate: 
    insert 
    into
        board
        (board_id, content, mod_date, reg_date, reply_cnt, title, user_id, view) 
    values
        (default, ?, ?, ?, ?, ?, ?, ?)
Hibernate: 
    insert 
    into
        board
        (board_id, content, mod_date, reg_date, reply_cnt, title, user_id, view) 
    values
        (default, ?, ?, ?, ?, ?, ?, ?)
Hibernate: 
    insert 
    into
        board
        (board_id, content, mod_date, reg_date, reply_cnt, title, user_id, view) 
    values
        (default, ?, ?, ?, ?, ?, ?, ?)
Hibernate: 
    insert 
    into
        board
        (board_id, content, mod_date, reg_date, reply_cnt, title, user_id, view) 
    values
        (default, ?, ?, ?, ?, ?, ?, ?)
Hibernate: 
    insert 
    into
        board
        (board_id, content, mod_date, reg_date, reply_cnt, title, user_id, view) 
    values
        (default, ?, ?, ?, ?, ?, ?, ?)
Hibernate: 
    insert 
    into
        board
        (board_id, content, mod_date, reg_date, reply_cnt, title, user_id, view) 
    values
        (default, ?, ?, ?, ?, ?, ?, ?)
Hibernate: 
    insert 
    into
        board
        (board_id, content, mod_date, reg_date, reply_cnt, title, user_id, view) 
    values
        (default, ?, ?, ?, ?, ?, ?, ?)
Hibernate: 
    insert 
    into
        board
        (board_id, content, mod_date, reg_date, reply_cnt, title, user_id, view) 
    values
        (default, ?, ?, ?, ?, ?, ?, ?)
Hibernate: 
    insert 
    into
        board
        (board_id, content, mod_date, reg_date, reply_cnt, title, user_id, view) 
    values
        (default, ?, ?, ?, ?, ?, ?, ?)
Hibernate: 
    select
        board0_.board_id as board_id1_0_0_,
        user1_.user_id as user_id1_9_1_,
        board0_.content as content2_0_0_,
        board0_.mod_date as mod_date3_0_0_,
        board0_.reg_date as reg_date4_0_0_,
        board0_.reply_cnt as reply_cn5_0_0_,
        board0_.title as title6_0_0_,
        board0_.user_id as user_id8_0_0_,
        board0_.view as view7_0_0_,
        user1_.email as email2_9_1_,
        user1_.nickname as nickname3_9_1_,
        user1_.password as password4_9_1_,
        user1_.provider as provider5_9_1_,
        user1_.reg_date as reg_date6_9_1_,
        user1_.role as role7_9_1_,
        user1_.username as username8_9_1_ 
    from
        board board0_ 
    inner join
        user user1_ 
            on board0_.user_id=user1_.user_id 
    where
        board0_.title like ? escape '!' 
    order by
        board0_.board_id desc limit ?
Hibernate: 
    select
        count(board0_.board_id) as col_0_0_ 
    from
        board board0_ 
    where
        board0_.title like ? escape '!'
2022-10-14 17:07:52.063  INFO 15332 --- [    Test worker] o.s.t.c.transaction.TransactionContext   : Rolled back transaction for test: [DefaultTestContext@f55ecec testClass = BoardServiceTest, testInstance = com.example.care.board.service.BoardServiceTest@4bb747c1, testMethod = paginationTest3@BoardServiceTest, testException = [null], mergedContextConfiguration = [WebMergedContextConfiguration@423325e0 testClass = BoardServiceTest, locations = '{}', classes = '{class com.example.care.CareApplication}', contextInitializerClasses = '[]', activeProfiles = '{}', propertySourceLocations = '{}', propertySourceProperties = '{org.springframework.boot.test.context.SpringBootTestContextBootstrapper=true}', contextCustomizers = set[org.springframework.boot.test.autoconfigure.actuate.metrics.MetricsExportContextCustomizerFactory$DisableMetricExportContextCustomizer@3f363cf5, org.springframework.boot.test.autoconfigure.properties.PropertyMappingContextCustomizer@0, org.springframework.boot.test.autoconfigure.web.servlet.WebDriverContextCustomizerFactory$Customizer@a5b0b86, org.springframework.boot.test.context.filter.ExcludeFilterContextCustomizer@b968a76, org.springframework.boot.test.json.DuplicateJsonObjectContextCustomizerFactory$DuplicateJsonObjectContextCustomizer@1433046b, org.springframework.boot.test.mock.mockito.MockitoContextCustomizer@0, org.springframework.boot.test.web.client.TestRestTemplateContextCustomizer@2e54db99, org.springframework.boot.test.web.reactive.server.WebTestClientContextCustomizer@5b080f3a, org.springframework.boot.test.context.SpringBootTestArgs@1, org.springframework.boot.test.context.SpringBootTestWebEnvironment@479cbee5], resourceBasePath = 'src/main/webapp', contextLoader = 'org.springframework.boot.test.context.SpringBootContextLoader', parent = [null]], attributes = map['org.springframework.test.context.web.ServletTestExecutionListener.activateListener' -> true, 'org.springframework.test.context.web.ServletTestExecutionListener.populatedRequestContextHolder' -> true, 'org.springframework.test.context.web.ServletTestExecutionListener.resetRequestContextHolder' -> true, 'org.springframework.test.context.event.ApplicationEventsTestExecutionListener.recordApplicationEvents' -> false]]
2022-10-14 17:07:52.066  INFO 15332 --- [    Test worker] o.s.t.c.transaction.TransactionContext   : Began transaction (1) for test context [DefaultTestContext@f55ecec testClass = BoardServiceTest, testInstance = com.example.care.board.service.BoardServiceTest@2004f99, testMethod = removeBoardTest@BoardServiceTest, testException = [null], mergedContextConfiguration = [WebMergedContextConfiguration@423325e0 testClass = BoardServiceTest, locations = '{}', classes = '{class com.example.care.CareApplication}', contextInitializerClasses = '[]', activeProfiles = '{}', propertySourceLocations = '{}', propertySourceProperties = '{org.springframework.boot.test.context.SpringBootTestContextBootstrapper=true}', contextCustomizers = set[org.springframework.boot.test.autoconfigure.actuate.metrics.MetricsExportContextCustomizerFactory$DisableMetricExportContextCustomizer@3f363cf5, org.springframework.boot.test.autoconfigure.properties.PropertyMappingContextCustomizer@0, org.springframework.boot.test.autoconfigure.web.servlet.WebDriverContextCustomizerFactory$Customizer@a5b0b86, org.springframework.boot.test.context.filter.ExcludeFilterContextCustomizer@b968a76, org.springframework.boot.test.json.DuplicateJsonObjectContextCustomizerFactory$DuplicateJsonObjectContextCustomizer@1433046b, org.springframework.boot.test.mock.mockito.MockitoContextCustomizer@0, org.springframework.boot.test.web.client.TestRestTemplateContextCustomizer@2e54db99, org.springframework.boot.test.web.reactive.server.WebTestClientContextCustomizer@5b080f3a, org.springframework.boot.test.context.SpringBootTestArgs@1, org.springframework.boot.test.context.SpringBootTestWebEnvironment@479cbee5], resourceBasePath = 'src/main/webapp', contextLoader = 'org.springframework.boot.test.context.SpringBootContextLoader', parent = [null]], attributes = map['org.springframework.test.context.web.ServletTestExecutionListener.activateListener' -> true, 'org.springframework.test.context.web.ServletTestExecutionListener.populatedRequestContextHolder' -> true, 'org.springframework.test.context.web.ServletTestExecutionListener.resetRequestContextHolder' -> true, 'org.springframework.test.context.event.ApplicationEventsTestExecutionListener.recordApplicationEvents' -> false]]; transaction manager [org.springframework.orm.jpa.JpaTransactionManager@698e2cba]; rollback [true]
Hibernate: 
    insert 
    into
        user
        (user_id, email, nickname, password, provider, reg_date, role, username) 
    values
        (default, ?, ?, ?, ?, ?, ?, ?)
Hibernate: 
    insert 
    into
        board
        (board_id, content, mod_date, reg_date, reply_cnt, title, user_id, view) 
    values
        (default, ?, ?, ?, ?, ?, ?, ?)
2022-10-14 17:07:52.078  INFO 15332 --- [    Test worker] o.s.t.c.transaction.TransactionContext   : Rolled back transaction for test: [DefaultTestContext@f55ecec testClass = BoardServiceTest, testInstance = com.example.care.board.service.BoardServiceTest@2004f99, testMethod = removeBoardTest@BoardServiceTest, testException = [null], mergedContextConfiguration = [WebMergedContextConfiguration@423325e0 testClass = BoardServiceTest, locations = '{}', classes = '{class com.example.care.CareApplication}', contextInitializerClasses = '[]', activeProfiles = '{}', propertySourceLocations = '{}', propertySourceProperties = '{org.springframework.boot.test.context.SpringBootTestContextBootstrapper=true}', contextCustomizers = set[org.springframework.boot.test.autoconfigure.actuate.metrics.MetricsExportContextCustomizerFactory$DisableMetricExportContextCustomizer@3f363cf5, org.springframework.boot.test.autoconfigure.properties.PropertyMappingContextCustomizer@0, org.springframework.boot.test.autoconfigure.web.servlet.WebDriverContextCustomizerFactory$Customizer@a5b0b86, org.springframework.boot.test.context.filter.ExcludeFilterContextCustomizer@b968a76, org.springframework.boot.test.json.DuplicateJsonObjectContextCustomizerFactory$DuplicateJsonObjectContextCustomizer@1433046b, org.springframework.boot.test.mock.mockito.MockitoContextCustomizer@0, org.springframework.boot.test.web.client.TestRestTemplateContextCustomizer@2e54db99, org.springframework.boot.test.web.reactive.server.WebTestClientContextCustomizer@5b080f3a, org.springframework.boot.test.context.SpringBootTestArgs@1, org.springframework.boot.test.context.SpringBootTestWebEnvironment@479cbee5], resourceBasePath = 'src/main/webapp', contextLoader = 'org.springframework.boot.test.context.SpringBootContextLoader', parent = [null]], attributes = map['org.springframework.test.context.web.ServletTestExecutionListener.activateListener' -> true, 'org.springframework.test.context.web.ServletTestExecutionListener.populatedRequestContextHolder' -> true, 'org.springframework.test.context.web.ServletTestExecutionListener.resetRequestContextHolder' -> true, 'org.springframework.test.context.event.ApplicationEventsTestExecutionListener.recordApplicationEvents' -> false]]
2022-10-14 17:07:52.085  INFO 15332 --- [    Test worker] o.s.t.c.transaction.TransactionContext   : Began transaction (1) for test context [DefaultTestContext@f55ecec testClass = BoardServiceTest, testInstance = com.example.care.board.service.BoardServiceTest@4c97e3d5, testMethod = createBoardTest@BoardServiceTest, testException = [null], mergedContextConfiguration = [WebMergedContextConfiguration@423325e0 testClass = BoardServiceTest, locations = '{}', classes = '{class com.example.care.CareApplication}', contextInitializerClasses = '[]', activeProfiles = '{}', propertySourceLocations = '{}', propertySourceProperties = '{org.springframework.boot.test.context.SpringBootTestContextBootstrapper=true}', contextCustomizers = set[org.springframework.boot.test.autoconfigure.actuate.metrics.MetricsExportContextCustomizerFactory$DisableMetricExportContextCustomizer@3f363cf5, org.springframework.boot.test.autoconfigure.properties.PropertyMappingContextCustomizer@0, org.springframework.boot.test.autoconfigure.web.servlet.WebDriverContextCustomizerFactory$Customizer@a5b0b86, org.springframework.boot.test.context.filter.ExcludeFilterContextCustomizer@b968a76, org.springframework.boot.test.json.DuplicateJsonObjectContextCustomizerFactory$DuplicateJsonObjectContextCustomizer@1433046b, org.springframework.boot.test.mock.mockito.MockitoContextCustomizer@0, org.springframework.boot.test.web.client.TestRestTemplateContextCustomizer@2e54db99, org.springframework.boot.test.web.reactive.server.WebTestClientContextCustomizer@5b080f3a, org.springframework.boot.test.context.SpringBootTestArgs@1, org.springframework.boot.test.context.SpringBootTestWebEnvironment@479cbee5], resourceBasePath = 'src/main/webapp', contextLoader = 'org.springframework.boot.test.context.SpringBootContextLoader', parent = [null]], attributes = map['org.springframework.test.context.web.ServletTestExecutionListener.activateListener' -> true, 'org.springframework.test.context.web.ServletTestExecutionListener.populatedRequestContextHolder' -> true, 'org.springframework.test.context.web.ServletTestExecutionListener.resetRequestContextHolder' -> true, 'org.springframework.test.context.event.ApplicationEventsTestExecutionListener.recordApplicationEvents' -> false]]; transaction manager [org.springframework.orm.jpa.JpaTransactionManager@698e2cba]; rollback [true]
Hibernate: 
    insert 
    into
        user
        (user_id, email, nickname, password, provider, reg_date, role, username) 
    values
        (default, ?, ?, ?, ?, ?, ?, ?)
Hibernate: 
    insert 
    into
        board
        (board_id, content, mod_date, reg_date, reply_cnt, title, user_id, view) 
    values
        (default, ?, ?, ?, ?, ?, ?, ?)
2022-10-14 17:07:52.104  INFO 15332 --- [    Test worker] o.s.t.c.transaction.TransactionContext   : Rolled back transaction for test: [DefaultTestContext@f55ecec testClass = BoardServiceTest, testInstance = com.example.care.board.service.BoardServiceTest@4c97e3d5, testMethod = createBoardTest@BoardServiceTest, testException = [null], mergedContextConfiguration = [WebMergedContextConfiguration@423325e0 testClass = BoardServiceTest, locations = '{}', classes = '{class com.example.care.CareApplication}', contextInitializerClasses = '[]', activeProfiles = '{}', propertySourceLocations = '{}', propertySourceProperties = '{org.springframework.boot.test.context.SpringBootTestContextBootstrapper=true}', contextCustomizers = set[org.springframework.boot.test.autoconfigure.actuate.metrics.MetricsExportContextCustomizerFactory$DisableMetricExportContextCustomizer@3f363cf5, org.springframework.boot.test.autoconfigure.properties.PropertyMappingContextCustomizer@0, org.springframework.boot.test.autoconfigure.web.servlet.WebDriverContextCustomizerFactory$Customizer@a5b0b86, org.springframework.boot.test.context.filter.ExcludeFilterContextCustomizer@b968a76, org.springframework.boot.test.json.DuplicateJsonObjectContextCustomizerFactory$DuplicateJsonObjectContextCustomizer@1433046b, org.springframework.boot.test.mock.mockito.MockitoContextCustomizer@0, org.springframework.boot.test.web.client.TestRestTemplateContextCustomizer@2e54db99, org.springframework.boot.test.web.reactive.server.WebTestClientContextCustomizer@5b080f3a, org.springframework.boot.test.context.SpringBootTestArgs@1, org.springframework.boot.test.context.SpringBootTestWebEnvironment@479cbee5], resourceBasePath = 'src/main/webapp', contextLoader = 'org.springframework.boot.test.context.SpringBootContextLoader', parent = [null]], attributes = map['org.springframework.test.context.web.ServletTestExecutionListener.activateListener' -> true, 'org.springframework.test.context.web.ServletTestExecutionListener.populatedRequestContextHolder' -> true, 'org.springframework.test.context.web.ServletTestExecutionListener.resetRequestContextHolder' -> true, 'org.springframework.test.context.event.ApplicationEventsTestExecutionListener.recordApplicationEvents' -> false]]
2022-10-14 17:07:52.110  INFO 15332 --- [    Test worker] o.s.t.c.transaction.TransactionContext   : Began transaction (1) for test context [DefaultTestContext@f55ecec testClass = BoardServiceTest, testInstance = com.example.care.board.service.BoardServiceTest@32bff23d, testMethod = modifyBoardTest@BoardServiceTest, testException = [null], mergedContextConfiguration = [WebMergedContextConfiguration@423325e0 testClass = BoardServiceTest, locations = '{}', classes = '{class com.example.care.CareApplication}', contextInitializerClasses = '[]', activeProfiles = '{}', propertySourceLocations = '{}', propertySourceProperties = '{org.springframework.boot.test.context.SpringBootTestContextBootstrapper=true}', contextCustomizers = set[org.springframework.boot.test.autoconfigure.actuate.metrics.MetricsExportContextCustomizerFactory$DisableMetricExportContextCustomizer@3f363cf5, org.springframework.boot.test.autoconfigure.properties.PropertyMappingContextCustomizer@0, org.springframework.boot.test.autoconfigure.web.servlet.WebDriverContextCustomizerFactory$Customizer@a5b0b86, org.springframework.boot.test.context.filter.ExcludeFilterContextCustomizer@b968a76, org.springframework.boot.test.json.DuplicateJsonObjectContextCustomizerFactory$DuplicateJsonObjectContextCustomizer@1433046b, org.springframework.boot.test.mock.mockito.MockitoContextCustomizer@0, org.springframework.boot.test.web.client.TestRestTemplateContextCustomizer@2e54db99, org.springframework.boot.test.web.reactive.server.WebTestClientContextCustomizer@5b080f3a, org.springframework.boot.test.context.SpringBootTestArgs@1, org.springframework.boot.test.context.SpringBootTestWebEnvironment@479cbee5], resourceBasePath = 'src/main/webapp', contextLoader = 'org.springframework.boot.test.context.SpringBootContextLoader', parent = [null]], attributes = map['org.springframework.test.context.web.ServletTestExecutionListener.activateListener' -> true, 'org.springframework.test.context.web.ServletTestExecutionListener.populatedRequestContextHolder' -> true, 'org.springframework.test.context.web.ServletTestExecutionListener.resetRequestContextHolder' -> true, 'org.springframework.test.context.event.ApplicationEventsTestExecutionListener.recordApplicationEvents' -> false]]; transaction manager [org.springframework.orm.jpa.JpaTransactionManager@698e2cba]; rollback [true]
Hibernate: 
    insert 
    into
        user
        (user_id, email, nickname, password, provider, reg_date, role, username) 
    values
        (default, ?, ?, ?, ?, ?, ?, ?)
Hibernate: 
    insert 
    into
        board
        (board_id, content, mod_date, reg_date, reply_cnt, title, user_id, view) 
    values
        (default, ?, ?, ?, ?, ?, ?, ?)
2022-10-14 17:07:52.122  INFO 15332 --- [    Test worker] o.s.t.c.transaction.TransactionContext   : Rolled back transaction for test: [DefaultTestContext@f55ecec testClass = BoardServiceTest, testInstance = com.example.care.board.service.BoardServiceTest@32bff23d, testMethod = modifyBoardTest@BoardServiceTest, testException = [null], mergedContextConfiguration = [WebMergedContextConfiguration@423325e0 testClass = BoardServiceTest, locations = '{}', classes = '{class com.example.care.CareApplication}', contextInitializerClasses = '[]', activeProfiles = '{}', propertySourceLocations = '{}', propertySourceProperties = '{org.springframework.boot.test.context.SpringBootTestContextBootstrapper=true}', contextCustomizers = set[org.springframework.boot.test.autoconfigure.actuate.metrics.MetricsExportContextCustomizerFactory$DisableMetricExportContextCustomizer@3f363cf5, org.springframework.boot.test.autoconfigure.properties.PropertyMappingContextCustomizer@0, org.springframework.boot.test.autoconfigure.web.servlet.WebDriverContextCustomizerFactory$Customizer@a5b0b86, org.springframework.boot.test.context.filter.ExcludeFilterContextCustomizer@b968a76, org.springframework.boot.test.json.DuplicateJsonObjectContextCustomizerFactory$DuplicateJsonObjectContextCustomizer@1433046b, org.springframework.boot.test.mock.mockito.MockitoContextCustomizer@0, org.springframework.boot.test.web.client.TestRestTemplateContextCustomizer@2e54db99, org.springframework.boot.test.web.reactive.server.WebTestClientContextCustomizer@5b080f3a, org.springframework.boot.test.context.SpringBootTestArgs@1, org.springframework.boot.test.context.SpringBootTestWebEnvironment@479cbee5], resourceBasePath = 'src/main/webapp', contextLoader = 'org.springframework.boot.test.context.SpringBootContextLoader', parent = [null]], attributes = map['org.springframework.test.context.web.ServletTestExecutionListener.activateListener' -> true, 'org.springframework.test.context.web.ServletTestExecutionListener.populatedRequestContextHolder' -> true, 'org.springframework.test.context.web.ServletTestExecutionListener.resetRequestContextHolder' -> true, 'org.springframework.test.context.event.ApplicationEventsTestExecutionListener.recordApplicationEvents' -> false]]
]]></system-out>
  <system-err><![CDATA[]]></system-err>
</testsuite>
