<?xml version="1.0" encoding="UTF-8"?>
<testsuite name="com.example.care.membership.service.MembershipServiceTest" tests="3" skipped="0" failures="0" errors="0" timestamp="2022-10-14T08:07:52" hostname="DESKTOP-SNBJQ4K" time="0.103">
  <properties/>
  <testcase name="멤버쉽 저장 테스트" classname="com.example.care.membership.service.MembershipServiceTest" time="0.047"/>
  <testcase name="멤버쉽 상태 변경시(CANCEL) 유효하지 않은지 테스트" classname="com.example.care.membership.service.MembershipServiceTest" time="0.04"/>
  <testcase name="현재 유효한 멤버쉽 조회" classname="com.example.care.membership.service.MembershipServiceTest" time="0.014"/>
  <system-out><![CDATA[2022-10-14 17:07:52.133  INFO 15332 --- [    Test worker] .b.t.c.SpringBootTestContextBootstrapper : Neither @ContextConfiguration nor @ContextHierarchy found for test class [com.example.care.membership.service.MembershipServiceTest], using SpringBootContextLoader
2022-10-14 17:07:52.135  INFO 15332 --- [    Test worker] o.s.t.c.support.AbstractContextLoader    : Could not detect default resource locations for test class [com.example.care.membership.service.MembershipServiceTest]: no resource found for suffixes {-context.xml, Context.groovy}.
2022-10-14 17:07:52.135  INFO 15332 --- [    Test worker] t.c.s.AnnotationConfigContextLoaderUtils : Could not detect default configuration classes for test class [com.example.care.membership.service.MembershipServiceTest]: MembershipServiceTest does not declare any static, non-private, non-final, nested classes annotated with @Configuration.
2022-10-14 17:07:52.148  INFO 15332 --- [    Test worker] .b.t.c.SpringBootTestContextBootstrapper : Found @SpringBootConfiguration com.example.care.CareApplication for test class com.example.care.membership.service.MembershipServiceTest
2022-10-14 17:07:52.149  INFO 15332 --- [    Test worker] .b.t.c.SpringBootTestContextBootstrapper : Loaded default TestExecutionListener class names from location [META-INF/spring.factories]: [org.springframework.security.test.context.support.WithSecurityContextTestExecutionListener, org.springframework.security.test.context.support.ReactorContextTestExecutionListener, org.springframework.boot.test.autoconfigure.restdocs.RestDocsTestExecutionListener, org.springframework.boot.test.autoconfigure.web.client.MockRestServiceServerResetTestExecutionListener, org.springframework.boot.test.autoconfigure.web.servlet.MockMvcPrintOnlyOnFailureTestExecutionListener, org.springframework.boot.test.autoconfigure.web.servlet.WebDriverTestExecutionListener, org.springframework.boot.test.autoconfigure.webservices.client.MockWebServiceServerTestExecutionListener, org.springframework.boot.test.mock.mockito.MockitoTestExecutionListener, org.springframework.boot.test.mock.mockito.ResetMocksTestExecutionListener, org.springframework.test.context.web.ServletTestExecutionListener, org.springframework.test.context.support.DirtiesContextBeforeModesTestExecutionListener, org.springframework.test.context.event.ApplicationEventsTestExecutionListener, org.springframework.test.context.support.DependencyInjectionTestExecutionListener, org.springframework.test.context.support.DirtiesContextTestExecutionListener, org.springframework.test.context.transaction.TransactionalTestExecutionListener, org.springframework.test.context.jdbc.SqlScriptsTestExecutionListener, org.springframework.test.context.event.EventPublishingTestExecutionListener]
2022-10-14 17:07:52.151  INFO 15332 --- [    Test worker] .b.t.c.SpringBootTestContextBootstrapper : Using TestExecutionListeners: [org.springframework.test.context.web.ServletTestExecutionListener@34bcdc9f, org.springframework.test.context.support.DirtiesContextBeforeModesTestExecutionListener@76296c86, org.springframework.test.context.event.ApplicationEventsTestExecutionListener@5c807e6b, org.springframework.boot.test.mock.mockito.MockitoTestExecutionListener@49bcd90d, org.springframework.boot.test.autoconfigure.SpringBootDependencyInjectionTestExecutionListener@1bb6bc81, org.springframework.test.context.support.DirtiesContextTestExecutionListener@26c6be2d, org.springframework.test.context.transaction.TransactionalTestExecutionListener@796affb8, org.springframework.test.context.jdbc.SqlScriptsTestExecutionListener@56313529, org.springframework.security.test.context.support.WithSecurityContextTestExecutionListener@784dd9da, org.springframework.test.context.event.EventPublishingTestExecutionListener@6be93728, org.springframework.security.test.context.support.ReactorContextTestExecutionListener@455082d2, org.springframework.boot.test.autoconfigure.restdocs.RestDocsTestExecutionListener@1a177f2c, org.springframework.boot.test.autoconfigure.web.client.MockRestServiceServerResetTestExecutionListener@c82f6bd, org.springframework.boot.test.autoconfigure.web.servlet.MockMvcPrintOnlyOnFailureTestExecutionListener@2e70d072, org.springframework.boot.test.autoconfigure.web.servlet.WebDriverTestExecutionListener@6f77917c, org.springframework.boot.test.autoconfigure.webservices.client.MockWebServiceServerTestExecutionListener@4e387da1, org.springframework.boot.test.mock.mockito.ResetMocksTestExecutionListener@55145dc5]
2022-10-14 17:07:52.159  INFO 15332 --- [    Test worker] o.s.t.c.transaction.TransactionContext   : Began transaction (1) for test context [DefaultTestContext@7ba0c0e5 testClass = MembershipServiceTest, testInstance = com.example.care.membership.service.MembershipServiceTest@1ee2e363, testMethod = membershipSaveTest@MembershipServiceTest, testException = [null], mergedContextConfiguration = [WebMergedContextConfiguration@60e83cb9 testClass = MembershipServiceTest, locations = '{}', classes = '{class com.example.care.CareApplication}', contextInitializerClasses = '[]', activeProfiles = '{}', propertySourceLocations = '{}', propertySourceProperties = '{org.springframework.boot.test.context.SpringBootTestContextBootstrapper=true}', contextCustomizers = set[org.springframework.boot.test.autoconfigure.actuate.metrics.MetricsExportContextCustomizerFactory$DisableMetricExportContextCustomizer@3f363cf5, org.springframework.boot.test.autoconfigure.properties.PropertyMappingContextCustomizer@0, org.springframework.boot.test.autoconfigure.web.servlet.WebDriverContextCustomizerFactory$Customizer@a5b0b86, org.springframework.boot.test.context.filter.ExcludeFilterContextCustomizer@b968a76, org.springframework.boot.test.json.DuplicateJsonObjectContextCustomizerFactory$DuplicateJsonObjectContextCustomizer@1433046b, org.springframework.boot.test.mock.mockito.MockitoContextCustomizer@0, org.springframework.boot.test.web.client.TestRestTemplateContextCustomizer@2e54db99, org.springframework.boot.test.web.reactive.server.WebTestClientContextCustomizer@5b080f3a, org.springframework.boot.test.context.SpringBootTestArgs@1, org.springframework.boot.test.context.SpringBootTestWebEnvironment@479cbee5], resourceBasePath = 'src/main/webapp', contextLoader = 'org.springframework.boot.test.context.SpringBootContextLoader', parent = [null]], attributes = map['org.springframework.test.context.web.ServletTestExecutionListener.activateListener' -> true, 'org.springframework.test.context.web.ServletTestExecutionListener.populatedRequestContextHolder' -> true, 'org.springframework.test.context.web.ServletTestExecutionListener.resetRequestContextHolder' -> true, 'org.springframework.test.context.event.ApplicationEventsTestExecutionListener.recordApplicationEvents' -> false]]; transaction manager [org.springframework.orm.jpa.JpaTransactionManager@698e2cba]; rollback [true]
Hibernate: 
    insert 
    into
        user
        (user_id, email, nickname, password, provider, reg_date, role, username) 
    values
        (default, ?, ?, ?, ?, ?, ?, ?)
Hibernate: 
    insert 
    into
        membership
        (membership_id, grade, price) 
    values
        (default, ?, ?)
Hibernate: 
    insert 
    into
        payment
        (payment_id, aid, cid, order_id, price, reg_date, sid, tid) 
    values
        (default, ?, ?, ?, ?, ?, ?, ?)
Hibernate: 
    insert 
    into
        membership
        (membership_id, grade, price) 
    values
        (default, ?, ?)
Hibernate: 
    select
        membership0_.membership_id as membersh1_1_,
        membership0_.grade as grade2_1_,
        membership0_.price as price3_1_ 
    from
        membership membership0_ 
    where
        membership0_.grade=?
2022-10-14 17:07:52.203  INFO 15332 --- [    Test worker] o.s.t.c.transaction.TransactionContext   : Rolled back transaction for test: [DefaultTestContext@7ba0c0e5 testClass = MembershipServiceTest, testInstance = com.example.care.membership.service.MembershipServiceTest@1ee2e363, testMethod = membershipSaveTest@MembershipServiceTest, testException = [null], mergedContextConfiguration = [WebMergedContextConfiguration@60e83cb9 testClass = MembershipServiceTest, locations = '{}', classes = '{class com.example.care.CareApplication}', contextInitializerClasses = '[]', activeProfiles = '{}', propertySourceLocations = '{}', propertySourceProperties = '{org.springframework.boot.test.context.SpringBootTestContextBootstrapper=true}', contextCustomizers = set[org.springframework.boot.test.autoconfigure.actuate.metrics.MetricsExportContextCustomizerFactory$DisableMetricExportContextCustomizer@3f363cf5, org.springframework.boot.test.autoconfigure.properties.PropertyMappingContextCustomizer@0, org.springframework.boot.test.autoconfigure.web.servlet.WebDriverContextCustomizerFactory$Customizer@a5b0b86, org.springframework.boot.test.context.filter.ExcludeFilterContextCustomizer@b968a76, org.springframework.boot.test.json.DuplicateJsonObjectContextCustomizerFactory$DuplicateJsonObjectContextCustomizer@1433046b, org.springframework.boot.test.mock.mockito.MockitoContextCustomizer@0, org.springframework.boot.test.web.client.TestRestTemplateContextCustomizer@2e54db99, org.springframework.boot.test.web.reactive.server.WebTestClientContextCustomizer@5b080f3a, org.springframework.boot.test.context.SpringBootTestArgs@1, org.springframework.boot.test.context.SpringBootTestWebEnvironment@479cbee5], resourceBasePath = 'src/main/webapp', contextLoader = 'org.springframework.boot.test.context.SpringBootContextLoader', parent = [null]], attributes = map['org.springframework.test.context.web.ServletTestExecutionListener.activateListener' -> true, 'org.springframework.test.context.web.ServletTestExecutionListener.populatedRequestContextHolder' -> true, 'org.springframework.test.context.web.ServletTestExecutionListener.resetRequestContextHolder' -> true, 'org.springframework.test.context.event.ApplicationEventsTestExecutionListener.recordApplicationEvents' -> false]]
2022-10-14 17:07:52.205  INFO 15332 --- [    Test worker] o.s.t.c.transaction.TransactionContext   : Began transaction (1) for test context [DefaultTestContext@7ba0c0e5 testClass = MembershipServiceTest, testInstance = com.example.care.membership.service.MembershipServiceTest@a9e31e8, testMethod = userNotValidMembershipTest@MembershipServiceTest, testException = [null], mergedContextConfiguration = [WebMergedContextConfiguration@60e83cb9 testClass = MembershipServiceTest, locations = '{}', classes = '{class com.example.care.CareApplication}', contextInitializerClasses = '[]', activeProfiles = '{}', propertySourceLocations = '{}', propertySourceProperties = '{org.springframework.boot.test.context.SpringBootTestContextBootstrapper=true}', contextCustomizers = set[org.springframework.boot.test.autoconfigure.actuate.metrics.MetricsExportContextCustomizerFactory$DisableMetricExportContextCustomizer@3f363cf5, org.springframework.boot.test.autoconfigure.properties.PropertyMappingContextCustomizer@0, org.springframework.boot.test.autoconfigure.web.servlet.WebDriverContextCustomizerFactory$Customizer@a5b0b86, org.springframework.boot.test.context.filter.ExcludeFilterContextCustomizer@b968a76, org.springframework.boot.test.json.DuplicateJsonObjectContextCustomizerFactory$DuplicateJsonObjectContextCustomizer@1433046b, org.springframework.boot.test.mock.mockito.MockitoContextCustomizer@0, org.springframework.boot.test.web.client.TestRestTemplateContextCustomizer@2e54db99, org.springframework.boot.test.web.reactive.server.WebTestClientContextCustomizer@5b080f3a, org.springframework.boot.test.context.SpringBootTestArgs@1, org.springframework.boot.test.context.SpringBootTestWebEnvironment@479cbee5], resourceBasePath = 'src/main/webapp', contextLoader = 'org.springframework.boot.test.context.SpringBootContextLoader', parent = [null]], attributes = map['org.springframework.test.context.web.ServletTestExecutionListener.activateListener' -> true, 'org.springframework.test.context.web.ServletTestExecutionListener.populatedRequestContextHolder' -> true, 'org.springframework.test.context.web.ServletTestExecutionListener.resetRequestContextHolder' -> true, 'org.springframework.test.context.event.ApplicationEventsTestExecutionListener.recordApplicationEvents' -> false]]; transaction manager [org.springframework.orm.jpa.JpaTransactionManager@698e2cba]; rollback [true]
Hibernate: 
    insert 
    into
        user
        (user_id, email, nickname, password, provider, reg_date, role, username) 
    values
        (default, ?, ?, ?, ?, ?, ?, ?)
Hibernate: 
    insert 
    into
        membership
        (membership_id, grade, price) 
    values
        (default, ?, ?)
Hibernate: 
    insert 
    into
        payment
        (payment_id, aid, cid, order_id, price, reg_date, sid, tid) 
    values
        (default, ?, ?, ?, ?, ?, ?, ?)
Hibernate: 
    insert 
    into
        membership_history
        (membmership_history_id, clean_use_num, counsel_use_num, end_date, membership_id, payment_id, reg_date, status, transport_use_num, user_id) 
    values
        (default, ?, ?, ?, ?, ?, ?, ?, ?, ?)
Hibernate: 
    update
        membership_history 
    set
        clean_use_num=?,
        counsel_use_num=?,
        end_date=?,
        membership_id=?,
        payment_id=?,
        reg_date=?,
        status=?,
        transport_use_num=?,
        user_id=? 
    where
        membmership_history_id=?
Hibernate: 
    select
        membership0_.membmership_history_id as membmers1_2_0_,
        user1_.user_id as user_id1_9_1_,
        membership2_.membership_id as membersh1_1_2_,
        payment3_.payment_id as payment_1_4_3_,
        membership0_.clean_use_num as clean_us2_2_0_,
        membership0_.counsel_use_num as counsel_3_2_0_,
        membership0_.end_date as end_date4_2_0_,
        membership0_.membership_id as membersh8_2_0_,
        membership0_.payment_id as payment_9_2_0_,
        membership0_.reg_date as reg_date5_2_0_,
        membership0_.status as status6_2_0_,
        membership0_.transport_use_num as transpor7_2_0_,
        membership0_.user_id as user_id10_2_0_,
        user1_.email as email2_9_1_,
        user1_.nickname as nickname3_9_1_,
        user1_.password as password4_9_1_,
        user1_.provider as provider5_9_1_,
        user1_.reg_date as reg_date6_9_1_,
        user1_.role as role7_9_1_,
        user1_.username as username8_9_1_,
        membership2_.grade as grade2_1_2_,
        membership2_.price as price3_1_2_,
        payment3_.aid as aid2_4_3_,
        payment3_.cid as cid3_4_3_,
        payment3_.order_id as order_id4_4_3_,
        payment3_.price as price5_4_3_,
        payment3_.reg_date as reg_date6_4_3_,
        payment3_.sid as sid7_4_3_,
        payment3_.tid as tid8_4_3_ 
    from
        membership_history membership0_ 
    inner join
        user user1_ 
            on membership0_.user_id=user1_.user_id 
    inner join
        membership membership2_ 
            on membership0_.membership_id=membership2_.membership_id 
    inner join
        payment payment3_ 
            on membership0_.payment_id=payment3_.payment_id 
    where
        membership0_.user_id=? 
        and membership0_.status=? limit ?
2022-10-14 17:07:52.244  INFO 15332 --- [    Test worker] o.s.t.c.transaction.TransactionContext   : Rolled back transaction for test: [DefaultTestContext@7ba0c0e5 testClass = MembershipServiceTest, testInstance = com.example.care.membership.service.MembershipServiceTest@a9e31e8, testMethod = userNotValidMembershipTest@MembershipServiceTest, testException = [null], mergedContextConfiguration = [WebMergedContextConfiguration@60e83cb9 testClass = MembershipServiceTest, locations = '{}', classes = '{class com.example.care.CareApplication}', contextInitializerClasses = '[]', activeProfiles = '{}', propertySourceLocations = '{}', propertySourceProperties = '{org.springframework.boot.test.context.SpringBootTestContextBootstrapper=true}', contextCustomizers = set[org.springframework.boot.test.autoconfigure.actuate.metrics.MetricsExportContextCustomizerFactory$DisableMetricExportContextCustomizer@3f363cf5, org.springframework.boot.test.autoconfigure.properties.PropertyMappingContextCustomizer@0, org.springframework.boot.test.autoconfigure.web.servlet.WebDriverContextCustomizerFactory$Customizer@a5b0b86, org.springframework.boot.test.context.filter.ExcludeFilterContextCustomizer@b968a76, org.springframework.boot.test.json.DuplicateJsonObjectContextCustomizerFactory$DuplicateJsonObjectContextCustomizer@1433046b, org.springframework.boot.test.mock.mockito.MockitoContextCustomizer@0, org.springframework.boot.test.web.client.TestRestTemplateContextCustomizer@2e54db99, org.springframework.boot.test.web.reactive.server.WebTestClientContextCustomizer@5b080f3a, org.springframework.boot.test.context.SpringBootTestArgs@1, org.springframework.boot.test.context.SpringBootTestWebEnvironment@479cbee5], resourceBasePath = 'src/main/webapp', contextLoader = 'org.springframework.boot.test.context.SpringBootContextLoader', parent = [null]], attributes = map['org.springframework.test.context.web.ServletTestExecutionListener.activateListener' -> true, 'org.springframework.test.context.web.ServletTestExecutionListener.populatedRequestContextHolder' -> true, 'org.springframework.test.context.web.ServletTestExecutionListener.resetRequestContextHolder' -> true, 'org.springframework.test.context.event.ApplicationEventsTestExecutionListener.recordApplicationEvents' -> false]]
2022-10-14 17:07:52.247  INFO 15332 --- [    Test worker] o.s.t.c.transaction.TransactionContext   : Began transaction (1) for test context [DefaultTestContext@7ba0c0e5 testClass = MembershipServiceTest, testInstance = com.example.care.membership.service.MembershipServiceTest@6bdc984, testMethod = userValidMembershipTest@MembershipServiceTest, testException = [null], mergedContextConfiguration = [WebMergedContextConfiguration@60e83cb9 testClass = MembershipServiceTest, locations = '{}', classes = '{class com.example.care.CareApplication}', contextInitializerClasses = '[]', activeProfiles = '{}', propertySourceLocations = '{}', propertySourceProperties = '{org.springframework.boot.test.context.SpringBootTestContextBootstrapper=true}', contextCustomizers = set[org.springframework.boot.test.autoconfigure.actuate.metrics.MetricsExportContextCustomizerFactory$DisableMetricExportContextCustomizer@3f363cf5, org.springframework.boot.test.autoconfigure.properties.PropertyMappingContextCustomizer@0, org.springframework.boot.test.autoconfigure.web.servlet.WebDriverContextCustomizerFactory$Customizer@a5b0b86, org.springframework.boot.test.context.filter.ExcludeFilterContextCustomizer@b968a76, org.springframework.boot.test.json.DuplicateJsonObjectContextCustomizerFactory$DuplicateJsonObjectContextCustomizer@1433046b, org.springframework.boot.test.mock.mockito.MockitoContextCustomizer@0, org.springframework.boot.test.web.client.TestRestTemplateContextCustomizer@2e54db99, org.springframework.boot.test.web.reactive.server.WebTestClientContextCustomizer@5b080f3a, org.springframework.boot.test.context.SpringBootTestArgs@1, org.springframework.boot.test.context.SpringBootTestWebEnvironment@479cbee5], resourceBasePath = 'src/main/webapp', contextLoader = 'org.springframework.boot.test.context.SpringBootContextLoader', parent = [null]], attributes = map['org.springframework.test.context.web.ServletTestExecutionListener.activateListener' -> true, 'org.springframework.test.context.web.ServletTestExecutionListener.populatedRequestContextHolder' -> true, 'org.springframework.test.context.web.ServletTestExecutionListener.resetRequestContextHolder' -> true, 'org.springframework.test.context.event.ApplicationEventsTestExecutionListener.recordApplicationEvents' -> false]]; transaction manager [org.springframework.orm.jpa.JpaTransactionManager@698e2cba]; rollback [true]
Hibernate: 
    insert 
    into
        user
        (user_id, email, nickname, password, provider, reg_date, role, username) 
    values
        (default, ?, ?, ?, ?, ?, ?, ?)
Hibernate: 
    insert 
    into
        membership
        (membership_id, grade, price) 
    values
        (default, ?, ?)
Hibernate: 
    insert 
    into
        payment
        (payment_id, aid, cid, order_id, price, reg_date, sid, tid) 
    values
        (default, ?, ?, ?, ?, ?, ?, ?)
Hibernate: 
    insert 
    into
        membership_history
        (membmership_history_id, clean_use_num, counsel_use_num, end_date, membership_id, payment_id, reg_date, status, transport_use_num, user_id) 
    values
        (default, ?, ?, ?, ?, ?, ?, ?, ?, ?)
Hibernate: 
    select
        membership0_.membmership_history_id as membmers1_2_0_,
        user1_.user_id as user_id1_9_1_,
        membership2_.membership_id as membersh1_1_2_,
        payment3_.payment_id as payment_1_4_3_,
        membership0_.clean_use_num as clean_us2_2_0_,
        membership0_.counsel_use_num as counsel_3_2_0_,
        membership0_.end_date as end_date4_2_0_,
        membership0_.membership_id as membersh8_2_0_,
        membership0_.payment_id as payment_9_2_0_,
        membership0_.reg_date as reg_date5_2_0_,
        membership0_.status as status6_2_0_,
        membership0_.transport_use_num as transpor7_2_0_,
        membership0_.user_id as user_id10_2_0_,
        user1_.email as email2_9_1_,
        user1_.nickname as nickname3_9_1_,
        user1_.password as password4_9_1_,
        user1_.provider as provider5_9_1_,
        user1_.reg_date as reg_date6_9_1_,
        user1_.role as role7_9_1_,
        user1_.username as username8_9_1_,
        membership2_.grade as grade2_1_2_,
        membership2_.price as price3_1_2_,
        payment3_.aid as aid2_4_3_,
        payment3_.cid as cid3_4_3_,
        payment3_.order_id as order_id4_4_3_,
        payment3_.price as price5_4_3_,
        payment3_.reg_date as reg_date6_4_3_,
        payment3_.sid as sid7_4_3_,
        payment3_.tid as tid8_4_3_ 
    from
        membership_history membership0_ 
    inner join
        user user1_ 
            on membership0_.user_id=user1_.user_id 
    inner join
        membership membership2_ 
            on membership0_.membership_id=membership2_.membership_id 
    inner join
        payment payment3_ 
            on membership0_.payment_id=payment3_.payment_id 
    where
        membership0_.user_id=? 
        and membership0_.status=? limit ?
2022-10-14 17:07:52.258  INFO 15332 --- [    Test worker] o.s.t.c.transaction.TransactionContext   : Rolled back transaction for test: [DefaultTestContext@7ba0c0e5 testClass = MembershipServiceTest, testInstance = com.example.care.membership.service.MembershipServiceTest@6bdc984, testMethod = userValidMembershipTest@MembershipServiceTest, testException = [null], mergedContextConfiguration = [WebMergedContextConfiguration@60e83cb9 testClass = MembershipServiceTest, locations = '{}', classes = '{class com.example.care.CareApplication}', contextInitializerClasses = '[]', activeProfiles = '{}', propertySourceLocations = '{}', propertySourceProperties = '{org.springframework.boot.test.context.SpringBootTestContextBootstrapper=true}', contextCustomizers = set[org.springframework.boot.test.autoconfigure.actuate.metrics.MetricsExportContextCustomizerFactory$DisableMetricExportContextCustomizer@3f363cf5, org.springframework.boot.test.autoconfigure.properties.PropertyMappingContextCustomizer@0, org.springframework.boot.test.autoconfigure.web.servlet.WebDriverContextCustomizerFactory$Customizer@a5b0b86, org.springframework.boot.test.context.filter.ExcludeFilterContextCustomizer@b968a76, org.springframework.boot.test.json.DuplicateJsonObjectContextCustomizerFactory$DuplicateJsonObjectContextCustomizer@1433046b, org.springframework.boot.test.mock.mockito.MockitoContextCustomizer@0, org.springframework.boot.test.web.client.TestRestTemplateContextCustomizer@2e54db99, org.springframework.boot.test.web.reactive.server.WebTestClientContextCustomizer@5b080f3a, org.springframework.boot.test.context.SpringBootTestArgs@1, org.springframework.boot.test.context.SpringBootTestWebEnvironment@479cbee5], resourceBasePath = 'src/main/webapp', contextLoader = 'org.springframework.boot.test.context.SpringBootContextLoader', parent = [null]], attributes = map['org.springframework.test.context.web.ServletTestExecutionListener.activateListener' -> true, 'org.springframework.test.context.web.ServletTestExecutionListener.populatedRequestContextHolder' -> true, 'org.springframework.test.context.web.ServletTestExecutionListener.resetRequestContextHolder' -> true, 'org.springframework.test.context.event.ApplicationEventsTestExecutionListener.recordApplicationEvents' -> false]]
]]></system-out>
  <system-err><![CDATA[]]></system-err>
</testsuite>
